#
# There is insufficient memory for the Java Runtime Environment to continue.
# Native memory allocation (malloc) failed to allocate 1160912 bytes. Error detail: Chunk::new
# Possible reasons:
#   The system is out of physical RAM or swap space
#   This process is running with CompressedOops enabled, and the Java Heap may be blocking the growth of the native heap
# Possible solutions:
#   Reduce memory load on the system
#   Increase physical memory or swap space
#   Check if swap backing store is full
#   Decrease Java heap size (-Xmx/-Xms)
#   Decrease number of Java threads
#   Decrease Java thread stack sizes (-Xss)
#   Set larger code cache with -XX:ReservedCodeCacheSize=
#   JVM is running with Unscaled Compressed Oops mode in which the Java heap is
#     placed in the first 4GB address space. The Java Heap base address is the
#     maximum limit for the native heap growth. Please use -XX:HeapBaseMinAddress
#     to set the Java Heap base and to place the Java Heap above 4GB virtual address.
# This output file may be truncated or incomplete.
#
#  Out of Memory Error (arena.cpp:168), pid=6664, tid=7968
#
# JRE version: OpenJDK Runtime Environment Temurin-21.0.10+7 (21.0.10+7) (build 21.0.10+7-LTS)
# Java VM: OpenJDK 64-Bit Server VM Temurin-21.0.10+7 (21.0.10+7-LTS, mixed mode, sharing, tiered, compressed oops, compressed class ptrs, g1 gc, windows-amd64)
# No core dump will be written. Minidumps are not enabled by default on client versions of Windows
#

---------------  S U M M A R Y ------------

Command Line: --add-opens=java.base/java.lang=ALL-UNNAMED --add-opens=java.base/java.lang.invoke=ALL-UNNAMED --add-opens=java.base/java.util=ALL-UNNAMED --add-opens=java.prefs/java.util.prefs=ALL-UNNAMED --add-exports=jdk.compiler/com.sun.tools.javac.api=ALL-UNNAMED --add-exports=jdk.compiler/com.sun.tools.javac.util=ALL-UNNAMED --add-opens=java.base/java.util=ALL-UNNAMED --add-opens=java.prefs/java.util.prefs=ALL-UNNAMED --add-opens=java.base/java.nio.charset=ALL-UNNAMED --add-opens=java.base/java.net=ALL-UNNAMED --add-opens=java.base/java.util.concurrent=ALL-UNNAMED --add-opens=java.base/java.util.concurrent.atomic=ALL-UNNAMED --add-opens=java.xml/javax.xml.namespace=ALL-UNNAMED -XX:MaxMetaspaceSize=512m -Xmx2048m -Dfile.encoding=UTF-8 -Duser.country=US -Duser.language=en -Duser.variant -javaagent:C:\Users\rc\.gradle\wrapper\dists\gradle-9.0.0-bin\d6wjpkvcgsg3oed0qlfss3wgl\gradle-9.0.0\lib\agents\gradle-instrumentation-agent-9.0.0.jar org.gradle.launcher.daemon.bootstrap.GradleDaemon 9.0.0

Host: Intel(R) Core(TM) i5-8365U CPU @ 1.60GHz, 8 cores, 7G,  Windows 11 , 64 bit Build 26100 (10.0.26100.7920)
Time: Wed Apr  1 13:03:02 2026 India Standard Time elapsed time: 20.842666 seconds (0d 0h 0m 20s)

---------------  T H R E A D  ---------------

Current thread (0x000002abff0f7f30):  JavaThread "C2 CompilerThread2" daemon [_thread_in_native, id=7968, stack(0x000000e8fed00000,0x000000e8fee00000) (1024K)]


Current CompileTask:
C2:20842 8789       4       org.gradle.internal.reflect.ClassInspector::inspectClass (179 bytes)

Stack: [0x000000e8fed00000,0x000000e8fee00000]
Native frames: (J=compiled Java code, j=interpreted, Vv=VM code, C=native code)
V  [jvm.dll+0x6d7a39]
V  [jvm.dll+0x8b4b26]
V  [jvm.dll+0x8b70de]
V  [jvm.dll+0x8b77c3]
V  [jvm.dll+0x284346]
V  [jvm.dll+0xc66ed]
V  [jvm.dll+0xc6c31]
V  [jvm.dll+0x3bec3b]
V  [jvm.dll+0x1e3f69]
V  [jvm.dll+0x24c6b3]
V  [jvm.dll+0x24bb40]
V  [jvm.dll+0x1cb34e]
V  [jvm.dll+0x25b85d]
V  [jvm.dll+0x259dea]
V  [jvm.dll+0x3f857e]
V  [jvm.dll+0x85f59d]
V  [jvm.dll+0x6d626d]
C  [ucrtbase.dll+0x37b0]
C  [KERNEL32.DLL+0x2e8d7]
C  [ntdll.dll+0x8c48c]


---------------  P R O C E S S  ---------------

Threads class SMR info:
_java_thread_list=0x000002aba5070ea0, length=75, elements={
0x000002abe991f280, 0x000002abff0ce980, 0x000002abff0d3f70, 0x000002abff0d57a0,
0x000002abff0d6460, 0x000002abff0d7cb0, 0x000002abff0da290, 0x000002abff0de780,
0x000002abff0f5650, 0x000002abff3417f0, 0x000002abff302b20, 0x000002aba1c34c20,
0x000002aba1cbe0f0, 0x000002aba1e891e0, 0x000002aba2060900, 0x000002aba1f5a8b0,
0x000002aba15e84d0, 0x000002aba1faef80, 0x000002aba1fb0330, 0x000002aba1fae8f0,
0x000002aba1fb1050, 0x000002aba1fb09c0, 0x000002aba1faf610, 0x000002aba1fb16e0,
0x000002aba5b29940, 0x000002aba5b29fd0, 0x000002aba5b2b380, 0x000002aba5b2d450,
0x000002aba5b2cdc0, 0x000002aba5b2dae0, 0x000002aba5b2a660, 0x000002aba5b2ba10,
0x000002aba5b2e170, 0x000002aba5b2e800, 0x000002aba5b2c0a0, 0x000002aba5b30240,
0x000002aba5b308d0, 0x000002aba5b2fbb0, 0x000002aba5b30f60, 0x000002aba49ab7c0,
0x000002aba49ab130, 0x000002aba49abe50, 0x000002aba49a96f0, 0x000002aba49ac4e0,
0x000002aba49a9d80, 0x000002aba49a9060, 0x000002aba49aaaa0, 0x000002aba5322be0,
0x000002aba5323900, 0x000002aba5323270, 0x000002aba5320480, 0x000002aba5323f90,
0x000002aba5320b10, 0x000002aba5322550, 0x000002aba5324620, 0x000002aba53211a0,
0x000002aba5324cb0, 0x000002aba5321830, 0x000002aba5325340, 0x000002aba5321ec0,
0x000002aba53266f0, 0x000002aba5326d80, 0x000002aba140f780, 0x000002abff0f5d20,
0x000002abff0f7f30, 0x000002aba140ea60, 0x000002aba140e3d0, 0x000002aba140f0f0,
0x000002aba1412570, 0x000002aba1413920, 0x000002aba1410b30, 0x000002aba1412c00,
0x000002aba1413290, 0x000002aba1414640, 0x000002aba1413fb0
}

Java Threads: ( => current thread )
  0x000002abe991f280 JavaThread "main"                              [_thread_blocked, id=14480, stack(0x000000e8f9e00000,0x000000e8f9f00000) (1024K)]
  0x000002abff0ce980 JavaThread "Reference Handler"          daemon [_thread_blocked, id=16616, stack(0x000000e8fa600000,0x000000e8fa700000) (1024K)]
  0x000002abff0d3f70 JavaThread "Finalizer"                  daemon [_thread_blocked, id=11052, stack(0x000000e8fa700000,0x000000e8fa800000) (1024K)]
  0x000002abff0d57a0 JavaThread "Signal Dispatcher"          daemon [_thread_blocked, id=5008, stack(0x000000e8fa800000,0x000000e8fa900000) (1024K)]
  0x000002abff0d6460 JavaThread "Attach Listener"            daemon [_thread_blocked, id=12348, stack(0x000000e8fa900000,0x000000e8faa00000) (1024K)]
  0x000002abff0d7cb0 JavaThread "Service Thread"             daemon [_thread_blocked, id=7740, stack(0x000000e8faa00000,0x000000e8fab00000) (1024K)]
  0x000002abff0da290 JavaThread "Monitor Deflation Thread"   daemon [_thread_blocked, id=11244, stack(0x000000e8fab00000,0x000000e8fac00000) (1024K)]
  0x000002abff0de780 JavaThread "C2 CompilerThread0"         daemon [_thread_blocked, id=13936, stack(0x000000e8fac00000,0x000000e8fad00000) (1024K)]
  0x000002abff0f5650 JavaThread "C1 CompilerThread0"         daemon [_thread_blocked, id=9264, stack(0x000000e8fad00000,0x000000e8fae00000) (1024K)]
  0x000002abff3417f0 JavaThread "Common-Cleaner"             daemon [_thread_blocked, id=11620, stack(0x000000e8fae00000,0x000000e8faf00000) (1024K)]
  0x000002abff302b20 JavaThread "Notification Thread"        daemon [_thread_blocked, id=6896, stack(0x000000e8faf00000,0x000000e8fb000000) (1024K)]
  0x000002aba1c34c20 JavaThread "Daemon health stats"               [_thread_blocked, id=6064, stack(0x000000e8fb600000,0x000000e8fb700000) (1024K)]
  0x000002aba1cbe0f0 JavaThread "Incoming local TCP Connector on port 62089"        [_thread_in_native, id=1772, stack(0x000000e8fb700000,0x000000e8fb800000) (1024K)]
  0x000002aba1e891e0 JavaThread "Daemon periodic checks"            [_thread_blocked, id=15740, stack(0x000000e8fb800000,0x000000e8fb900000) (1024K)]
  0x000002aba2060900 JavaThread "Daemon"                            [_thread_blocked, id=10548, stack(0x000000e8fb900000,0x000000e8fba00000) (1024K)]
  0x000002aba1f5a8b0 JavaThread "Handler for socket connection from /127.0.0.1:62089 to /127.0.0.1:62090"        [_thread_in_native, id=12824, stack(0x000000e8fba00000,0x000000e8fbb00000) (1024K)]
  0x000002aba15e84d0 JavaThread "Cancel handler"                    [_thread_blocked, id=16444, stack(0x000000e8fbb00000,0x000000e8fbc00000) (1024K)]
  0x000002aba1faef80 JavaThread "Daemon worker"                     [_thread_blocked, id=17012, stack(0x000000e8fbc00000,0x000000e8fbd00000) (1024K)]
  0x000002aba1fb0330 JavaThread "Asynchronous log dispatcher for DefaultDaemonConnection: socket connection from /127.0.0.1:62089 to /127.0.0.1:62090"        [_thread_blocked, id=11216, stack(0x000000e8fbd00000,0x000000e8fbe00000) (1024K)]
  0x000002aba1fae8f0 JavaThread "Stdin handler"                     [_thread_blocked, id=8656, stack(0x000000e8fbe00000,0x000000e8fbf00000) (1024K)]
  0x000002aba1fb1050 JavaThread "Daemon client event forwarder"        [_thread_blocked, id=9912, stack(0x000000e8fbf00000,0x000000e8fc000000) (1024K)]
  0x000002aba1fb09c0 JavaThread "Cache worker for journal cache (C:\Users\rc\.gradle\caches\journal-1)"        [_thread_blocked, id=844, stack(0x000000e8fb100000,0x000000e8fb200000) (1024K)]
  0x000002aba1faf610 JavaThread "File lock request listener"        [_thread_in_native, id=12944, stack(0x000000e8fc000000,0x000000e8fc100000) (1024K)]
  0x000002aba1fb16e0 JavaThread "Cache worker for file hash cache (C:\Users\rc\.gradle\caches\9.0.0\fileHashes)"        [_thread_blocked, id=12056, stack(0x000000e8fc100000,0x000000e8fc200000) (1024K)]
  0x000002aba5b29940 JavaThread "Cache worker for file hash cache (D:\Aman\RMSApp\android\.gradle\9.0.0\fileHashes)"        [_thread_blocked, id=12216, stack(0x000000e8fc700000,0x000000e8fc800000) (1024K)]
  0x000002aba5b29fd0 JavaThread "Cache worker for Build Output Cleanup Cache (D:\Aman\RMSApp\android\.gradle\buildOutputCleanup)"        [_thread_blocked, id=624, stack(0x000000e8fc800000,0x000000e8fc900000) (1024K)]
  0x000002aba5b2b380 JavaThread "File watcher server"        daemon [_thread_in_native, id=10452, stack(0x000000e8fc900000,0x000000e8fca00000) (1024K)]
  0x000002aba5b2d450 JavaThread "File watcher consumer"      daemon [_thread_blocked, id=3456, stack(0x000000e8fca00000,0x000000e8fcb00000) (1024K)]
  0x000002aba5b2cdc0 JavaThread "Cache worker for checksums cache (D:\Aman\RMSApp\android\.gradle\9.0.0\checksums)"        [_thread_blocked, id=14516, stack(0x000000e8fcb00000,0x000000e8fcc00000) (1024K)]
  0x000002aba5b2dae0 JavaThread "Cache worker for file content cache (C:\Users\rc\.gradle\caches\9.0.0\fileContent)"        [_thread_blocked, id=12248, stack(0x000000e8fcc00000,0x000000e8fcd00000) (1024K)]
  0x000002aba5b2a660 JavaThread "Cache worker for cache directory md-supplier (C:\Users\rc\.gradle\caches\9.0.0\md-supplier)"        [_thread_blocked, id=10908, stack(0x000000e8fcd00000,0x000000e8fce00000) (1024K)]
  0x000002aba5b2ba10 JavaThread "Cache worker for cache directory md-rule (C:\Users\rc\.gradle\caches\9.0.0\md-rule)"        [_thread_blocked, id=5240, stack(0x000000e8fce00000,0x000000e8fcf00000) (1024K)]
  0x000002aba5b2e170 JavaThread "jar transforms"                    [_thread_blocked, id=10632, stack(0x000000e8fcf00000,0x000000e8fd000000) (1024K)]
  0x000002aba5b2e800 JavaThread "Cache worker for Build Output Cleanup Cache (D:\Aman\RMSApp\node_modules\@react-native\gradle-plugin\.gradle\buildOutputCleanup)"        [_thread_blocked, id=16196, stack(0x000000e8fd000000,0x000000e8fd100000) (1024K)]
  0x000002aba5b2c0a0 JavaThread "Unconstrained build operations"        [_thread_blocked, id=17116, stack(0x000000e8fc300000,0x000000e8fc400000) (1024K)]
  0x000002aba5b30240 JavaThread "Unconstrained build operations Thread 2"        [_thread_blocked, id=5108, stack(0x000000e8fd100000,0x000000e8fd200000) (1024K)]
  0x000002aba5b308d0 JavaThread "Unconstrained build operations Thread 3"        [_thread_blocked, id=11868, stack(0x000000e8fc200000,0x000000e8fc300000) (1024K)]
  0x000002aba5b2fbb0 JavaThread "Unconstrained build operations Thread 4"        [_thread_blocked, id=9940, stack(0x000000e8fd200000,0x000000e8fd300000) (1024K)]
  0x000002aba5b30f60 JavaThread "Unconstrained build operations Thread 5"        [_thread_blocked, id=15128, stack(0x000000e8fd300000,0x000000e8fd400000) (1024K)]
  0x000002aba49ab7c0 JavaThread "Unconstrained build operations Thread 6"        [_thread_blocked, id=15476, stack(0x000000e8fd400000,0x000000e8fd500000) (1024K)]
  0x000002aba49ab130 JavaThread "Unconstrained build operations Thread 7"        [_thread_blocked, id=14896, stack(0x000000e8fd700000,0x000000e8fd800000) (1024K)]
  0x000002aba49abe50 JavaThread "Unconstrained build operations Thread 8"        [_thread_blocked, id=14764, stack(0x000000e8fd800000,0x000000e8fd900000) (1024K)]
  0x000002aba49a96f0 JavaThread "Unconstrained build operations Thread 9"        [_thread_blocked, id=728, stack(0x000000e8fd900000,0x000000e8fda00000) (1024K)]
  0x000002aba49ac4e0 JavaThread "Unconstrained build operations Thread 10"        [_thread_blocked, id=11404, stack(0x000000e8fda00000,0x000000e8fdb00000) (1024K)]
  0x000002aba49a9d80 JavaThread "Unconstrained build operations Thread 11"        [_thread_blocked, id=3108, stack(0x000000e8fdb00000,0x000000e8fdc00000) (1024K)]
  0x000002aba49a9060 JavaThread "Unconstrained build operations Thread 12"        [_thread_blocked, id=2776, stack(0x000000e8fdc00000,0x000000e8fdd00000) (1024K)]
  0x000002aba49aaaa0 JavaThread "Unconstrained build operations Thread 13"        [_thread_blocked, id=9692, stack(0x000000e8fdd00000,0x000000e8fde00000) (1024K)]
  0x000002aba5322be0 JavaThread "Unconstrained build operations Thread 14"        [_thread_blocked, id=14768, stack(0x000000e8fde00000,0x000000e8fdf00000) (1024K)]
  0x000002aba5323900 JavaThread "Unconstrained build operations Thread 15"        [_thread_blocked, id=2208, stack(0x000000e8fdf00000,0x000000e8fe000000) (1024K)]
  0x000002aba5323270 JavaThread "Unconstrained build operations Thread 16"        [_thread_blocked, id=9072, stack(0x000000e8fe000000,0x000000e8fe100000) (1024K)]
  0x000002aba5320480 JavaThread "Unconstrained build operations Thread 17"        [_thread_blocked, id=9708, stack(0x000000e8fe100000,0x000000e8fe200000) (1024K)]
  0x000002aba5323f90 JavaThread "Unconstrained build operations Thread 18"        [_thread_blocked, id=2792, stack(0x000000e8fe200000,0x000000e8fe300000) (1024K)]
  0x000002aba5320b10 JavaThread "Unconstrained build operations Thread 19"        [_thread_blocked, id=2256, stack(0x000000e8fe300000,0x000000e8fe400000) (1024K)]
  0x000002aba5322550 JavaThread "Unconstrained build operations Thread 20"        [_thread_blocked, id=12552, stack(0x000000e8fe400000,0x000000e8fe500000) (1024K)]
  0x000002aba5324620 JavaThread "Unconstrained build operations Thread 21"        [_thread_blocked, id=10780, stack(0x000000e8fe500000,0x000000e8fe600000) (1024K)]
  0x000002aba53211a0 JavaThread "Unconstrained build operations Thread 22"        [_thread_blocked, id=9896, stack(0x000000e8fe600000,0x000000e8fe700000) (1024K)]
  0x000002aba5324cb0 JavaThread "Unconstrained build operations Thread 23"        [_thread_blocked, id=12176, stack(0x000000e8fe700000,0x000000e8fe800000) (1024K)]
  0x000002aba5321830 JavaThread "Unconstrained build operations Thread 24"        [_thread_blocked, id=15408, stack(0x000000e8fe800000,0x000000e8fe900000) (1024K)]
  0x000002aba5325340 JavaThread "Unconstrained build operations Thread 25"        [_thread_blocked, id=3012, stack(0x000000e8fe900000,0x000000e8fea00000) (1024K)]
  0x000002aba5321ec0 JavaThread "Unconstrained build operations Thread 26"        [_thread_blocked, id=6772, stack(0x000000e8fea00000,0x000000e8feb00000) (1024K)]
  0x000002aba53266f0 JavaThread "Unconstrained build operations Thread 27"        [_thread_blocked, id=516, stack(0x000000e8feb00000,0x000000e8fec00000) (1024K)]
  0x000002aba5326d80 JavaThread "build event listener"              [_thread_blocked, id=9288, stack(0x000000e8fec00000,0x000000e8fed00000) (1024K)]
  0x000002aba140f780 JavaThread "Memory manager"                    [_thread_blocked, id=6692, stack(0x000000e8fd500000,0x000000e8fd600000) (1024K)]
  0x000002abff0f5d20 JavaThread "C2 CompilerThread1"         daemon [_thread_blocked, id=7952, stack(0x000000e8fd600000,0x000000e8fd700000) (1024K)]
=>0x000002abff0f7f30 JavaThread "C2 CompilerThread2"         daemon [_thread_in_native, id=7968, stack(0x000000e8fed00000,0x000000e8fee00000) (1024K)]
  0x000002aba140ea60 JavaThread "ForkJoinPool.commonPool-worker-1" daemon [_thread_blocked, id=11076, stack(0x000000e8fee00000,0x000000e8fef00000) (1024K)]
  0x000002aba140e3d0 JavaThread "ForkJoinPool.commonPool-worker-2" daemon [_thread_blocked, id=13508, stack(0x000000e8fef00000,0x000000e8ff000000) (1024K)]
  0x000002aba140f0f0 JavaThread "ForkJoinPool.commonPool-worker-3" daemon [_thread_blocked, id=10576, stack(0x000000e8ff000000,0x000000e8ff100000) (1024K)]
  0x000002aba1412570 JavaThread "ForkJoinPool.commonPool-worker-4" daemon [_thread_blocked, id=3812, stack(0x000000e8ff100000,0x000000e8ff200000) (1024K)]
  0x000002aba1413920 JavaThread "ForkJoinPool.commonPool-worker-5" daemon [_thread_blocked, id=6004, stack(0x000000e8ff200000,0x000000e8ff300000) (1024K)]
  0x000002aba1410b30 JavaThread "ForkJoinPool.commonPool-worker-6" daemon [_thread_blocked, id=14940, stack(0x000000e8ff300000,0x000000e8ff400000) (1024K)]
  0x000002aba1412c00 JavaThread "ForkJoinPool.commonPool-worker-7" daemon [_thread_blocked, id=16628, stack(0x000000e8ff400000,0x000000e8ff500000) (1024K)]
  0x000002aba1413290 JavaThread "Exec process"                      [_thread_in_native, id=11516, stack(0x000000e8ff500000,0x000000e8ff600000) (1024K)]
  0x000002aba1414640 JavaThread "Exec process Thread 2"             [_thread_in_native, id=15108, stack(0x000000e8ff600000,0x000000e8ff700000) (1024K)]
  0x000002aba1413fb0 JavaThread "Exec process Thread 3"             [_thread_in_native, id=16932, stack(0x000000e8ff700000,0x000000e8ff800000) (1024K)]
Total: 75

Other Threads:
  0x000002abff0ade60 VMThread "VM Thread"                           [id=2680, stack(0x000000e8fa500000,0x000000e8fa600000) (1024K)]
  0x000002abff09d3c0 WatcherThread "VM Periodic Task Thread"        [id=12028, stack(0x000000e8fa400000,0x000000e8fa500000) (1024K)]
  0x000002abe9975e40 WorkerThread "GC Thread#0"                     [id=11580, stack(0x000000e8f9f00000,0x000000e8fa000000) (1024K)]
  0x000002abff4d1920 WorkerThread "GC Thread#1"                     [id=14268, stack(0x000000e8fb200000,0x000000e8fb300000) (1024K)]
  0x000002abff445a90 WorkerThread "GC Thread#2"                     [id=11328, stack(0x000000e8fb300000,0x000000e8fb400000) (1024K)]
  0x000002aba1261400 WorkerThread "GC Thread#3"                     [id=16844, stack(0x000000e8fb400000,0x000000e8fb500000) (1024K)]
  0x000002aba14a1f50 WorkerThread "GC Thread#4"                     [id=9352, stack(0x000000e8fb500000,0x000000e8fb600000) (1024K)]
  0x000002aba12d8e30 WorkerThread "GC Thread#5"                     [id=16784, stack(0x000000e8fb000000,0x000000e8fb100000) (1024K)]
  0x000002aba4a38ee0 WorkerThread "GC Thread#6"                     [id=6588, stack(0x000000e8fc400000,0x000000e8fc500000) (1024K)]
  0x000002aba4a383d0 WorkerThread "GC Thread#7"                     [id=5444, stack(0x000000e8fc500000,0x000000e8fc600000) (1024K)]
  0x000002abe9987d50 ConcurrentGCThread "G1 Main Marker"            [id=5048, stack(0x000000e8fa000000,0x000000e8fa100000) (1024K)]
  0x000002abe9989e00 WorkerThread "G1 Conc#0"                       [id=11980, stack(0x000000e8fa100000,0x000000e8fa200000) (1024K)]
  0x000002aba4a39290 WorkerThread "G1 Conc#1"                       [id=7096, stack(0x000000e8fc600000,0x000000e8fc700000) (1024K)]
  0x000002abfef4da40 ConcurrentGCThread "G1 Refine#0"               [id=2828, stack(0x000000e8fa200000,0x000000e8fa300000) (1024K)]
  0x000002abfef50380 ConcurrentGCThread "G1 Service"                [id=13752, stack(0x000000e8fa300000,0x000000e8fa400000) (1024K)]
Total: 15

Threads with active compile tasks:
C2 CompilerThread2  20911 8789       4       org.gradle.internal.reflect.ClassInspector::inspectClass (179 bytes)
Total: 1

VM state: not at safepoint (normal execution)

VM Mutex/Monitor currently owned by a thread: None

Heap address: 0x0000000080000000, size: 2048 MB, Compressed Oops mode: 32-bit

CDS archive(s) mapped at: [0x000002ab82000000-0x000002ab82ba0000-0x000002ab82ba0000), size 12189696, SharedBaseAddress: 0x000002ab82000000, ArchiveRelocationMode: 1.
Compressed class space mapped at: 0x000002ab83000000-0x000002ab9d000000, reserved size: 436207616
Narrow klass base: 0x000002ab82000000, Narrow klass shift: 0, Narrow klass range: 0x100000000

GC Precious Log:
 CardTable entry size: 512
 Card Set container configuration: InlinePtr #cards 5 size 8 Array Of Cards #cards 12 size 40 Howl #buckets 4 coarsen threshold 1843 Howl Bitmap #cards 512 size 80 coarsen threshold 460 Card regions per heap region 1 cards per card region 2048
 CPUs: 8 total, 8 available
 Memory: 7928M
 Large Page Support: Disabled
 NUMA Support: Disabled
 Compressed Oops: Enabled (32-bit)
 Heap Region Size: 1M
 Heap Min Capacity: 8M
 Heap Initial Capacity: 124M
 Heap Max Capacity: 2G
 Pre-touch: Disabled
 Parallel Workers: 8
 Concurrent Workers: 2
 Concurrent Refinement Workers: 8
 Periodic GC: Disabled

Heap:
 garbage-first heap   total 106496K, used 91788K [0x0000000080000000, 0x0000000100000000)
  region size 1024K, 32 young (32768K), 5 survivors (5120K)
 Metaspace       used 71571K, committed 73792K, reserved 491520K
  class space    used 10576K, committed 11648K, reserved 425984K

Heap Regions: E=young(eden), S=young(survivor), O=old, HS=humongous(starts), HC=humongous(continues), CS=collection set, F=free, TAMS=top-at-mark-start, PB=parsable bottom
|   0|0x0000000080000000, 0x0000000080100000, 0x0000000080100000|100%|HS|  |TAMS 0x0000000080000000| PB 0x0000000080000000| Complete 
|   1|0x0000000080100000, 0x0000000080200000, 0x0000000080200000|100%|HC|  |TAMS 0x0000000080100000| PB 0x0000000080100000| Complete 
|   2|0x0000000080200000, 0x0000000080300000, 0x0000000080300000|100%|HC|  |TAMS 0x0000000080200000| PB 0x0000000080200000| Complete 
|   3|0x0000000080300000, 0x0000000080400000, 0x0000000080400000|100%| O|  |TAMS 0x0000000080300000| PB 0x0000000080300000| Untracked 
|   4|0x0000000080400000, 0x0000000080500000, 0x0000000080500000|100%| O|  |TAMS 0x0000000080400000| PB 0x0000000080400000| Untracked 
|   5|0x0000000080500000, 0x0000000080600000, 0x0000000080600000|100%| O|  |TAMS 0x0000000080500000| PB 0x0000000080500000| Untracked 
|   6|0x0000000080600000, 0x0000000080700000, 0x0000000080700000|100%|HS|  |TAMS 0x0000000080600000| PB 0x0000000080600000| Complete 
|   7|0x0000000080700000, 0x0000000080800000, 0x0000000080800000|100%| O|  |TAMS 0x0000000080700000| PB 0x0000000080700000| Untracked 
|   8|0x0000000080800000, 0x0000000080900000, 0x0000000080900000|100%| O|  |TAMS 0x0000000080800000| PB 0x0000000080800000| Untracked 
|   9|0x0000000080900000, 0x0000000080a00000, 0x0000000080a00000|100%| O|  |TAMS 0x0000000080900000| PB 0x0000000080900000| Untracked 
|  10|0x0000000080a00000, 0x0000000080b00000, 0x0000000080b00000|100%| O|  |TAMS 0x0000000080a00000| PB 0x0000000080a00000| Untracked 
|  11|0x0000000080b00000, 0x0000000080c00000, 0x0000000080c00000|100%| O|  |TAMS 0x0000000080b00000| PB 0x0000000080b00000| Untracked 
|  12|0x0000000080c00000, 0x0000000080d00000, 0x0000000080d00000|100%| O|  |TAMS 0x0000000080c00000| PB 0x0000000080c00000| Untracked 
|  13|0x0000000080d00000, 0x0000000080e00000, 0x0000000080e00000|100%| O|  |TAMS 0x0000000080d00000| PB 0x0000000080d00000| Untracked 
|  14|0x0000000080e00000, 0x0000000080f00000, 0x0000000080f00000|100%| O|  |TAMS 0x0000000080e00000| PB 0x0000000080e00000| Untracked 
|  15|0x0000000080f00000, 0x0000000081000000, 0x0000000081000000|100%| O|  |TAMS 0x0000000080f00000| PB 0x0000000080f00000| Untracked 
|  16|0x0000000081000000, 0x0000000081100000, 0x0000000081100000|100%| O|  |TAMS 0x0000000081000000| PB 0x0000000081000000| Untracked 
|  17|0x0000000081100000, 0x0000000081200000, 0x0000000081200000|100%| O|  |TAMS 0x0000000081100000| PB 0x0000000081100000| Untracked 
|  18|0x0000000081200000, 0x0000000081300000, 0x0000000081300000|100%| O|  |TAMS 0x0000000081200000| PB 0x0000000081200000| Untracked 
|  19|0x0000000081300000, 0x0000000081400000, 0x0000000081400000|100%| O|  |TAMS 0x0000000081300000| PB 0x0000000081300000| Untracked 
|  20|0x0000000081400000, 0x0000000081500000, 0x0000000081500000|100%| O|  |TAMS 0x0000000081400000| PB 0x0000000081400000| Untracked 
|  21|0x0000000081500000, 0x0000000081600000, 0x0000000081600000|100%| O|  |TAMS 0x0000000081500000| PB 0x0000000081500000| Untracked 
|  22|0x0000000081600000, 0x0000000081700000, 0x0000000081700000|100%| O|  |TAMS 0x0000000081600000| PB 0x0000000081600000| Untracked 
|  23|0x0000000081700000, 0x0000000081800000, 0x0000000081800000|100%| O|  |TAMS 0x0000000081700000| PB 0x0000000081700000| Untracked 
|  24|0x0000000081800000, 0x0000000081900000, 0x0000000081900000|100%| O|  |TAMS 0x0000000081800000| PB 0x0000000081800000| Untracked 
|  25|0x0000000081900000, 0x0000000081a00000, 0x0000000081a00000|100%| O|  |TAMS 0x0000000081900000| PB 0x0000000081900000| Untracked 
|  26|0x0000000081a00000, 0x0000000081b00000, 0x0000000081b00000|100%| O|  |TAMS 0x0000000081a00000| PB 0x0000000081a00000| Untracked 
|  27|0x0000000081b00000, 0x0000000081c00000, 0x0000000081c00000|100%| O|  |TAMS 0x0000000081b00000| PB 0x0000000081b00000| Untracked 
|  28|0x0000000081c00000, 0x0000000081d00000, 0x0000000081d00000|100%| O|  |TAMS 0x0000000081c00000| PB 0x0000000081c00000| Untracked 
|  29|0x0000000081d00000, 0x0000000081e00000, 0x0000000081e00000|100%| O|  |TAMS 0x0000000081d00000| PB 0x0000000081d00000| Untracked 
|  30|0x0000000081e00000, 0x0000000081f00000, 0x0000000081f00000|100%| O|  |TAMS 0x0000000081e00000| PB 0x0000000081e00000| Untracked 
|  31|0x0000000081f00000, 0x0000000082000000, 0x0000000082000000|100%| O|  |TAMS 0x0000000081f00000| PB 0x0000000081f00000| Untracked 
|  32|0x0000000082000000, 0x0000000082100000, 0x0000000082100000|100%| O|  |TAMS 0x0000000082000000| PB 0x0000000082000000| Untracked 
|  33|0x0000000082100000, 0x0000000082200000, 0x0000000082200000|100%| O|  |TAMS 0x0000000082100000| PB 0x0000000082100000| Untracked 
|  34|0x0000000082200000, 0x0000000082300000, 0x0000000082300000|100%| O|  |TAMS 0x0000000082200000| PB 0x0000000082200000| Untracked 
|  35|0x0000000082300000, 0x0000000082400000, 0x0000000082400000|100%| O|  |TAMS 0x0000000082300000| PB 0x0000000082300000| Untracked 
|  36|0x0000000082400000, 0x0000000082500000, 0x0000000082500000|100%|HS|  |TAMS 0x0000000082400000| PB 0x0000000082400000| Complete 
|  37|0x0000000082500000, 0x0000000082600000, 0x0000000082600000|100%|HC|  |TAMS 0x0000000082500000| PB 0x0000000082500000| Complete 
|  38|0x0000000082600000, 0x0000000082700000, 0x0000000082700000|100%|HC|  |TAMS 0x0000000082600000| PB 0x0000000082600000| Complete 
|  39|0x0000000082700000, 0x0000000082800000, 0x0000000082800000|100%| O|  |TAMS 0x0000000082700000| PB 0x0000000082700000| Untracked 
|  40|0x0000000082800000, 0x0000000082900000, 0x0000000082900000|100%| O|  |TAMS 0x0000000082800000| PB 0x0000000082800000| Untracked 
|  41|0x0000000082900000, 0x0000000082a00000, 0x0000000082a00000|100%| O|  |TAMS 0x0000000082900000| PB 0x0000000082900000| Untracked 
|  42|0x0000000082a00000, 0x0000000082b00000, 0x0000000082b00000|100%| O|  |TAMS 0x0000000082a00000| PB 0x0000000082a00000| Untracked 
|  43|0x0000000082b00000, 0x0000000082c00000, 0x0000000082c00000|100%| O|  |TAMS 0x0000000082b00000| PB 0x0000000082b00000| Untracked 
|  44|0x0000000082c00000, 0x0000000082d00000, 0x0000000082d00000|100%| O|  |TAMS 0x0000000082c00000| PB 0x0000000082c00000| Untracked 
|  45|0x0000000082d00000, 0x0000000082e00000, 0x0000000082e00000|100%| O|  |TAMS 0x0000000082d00000| PB 0x0000000082d00000| Untracked 
|  46|0x0000000082e00000, 0x0000000082e00000, 0x0000000082f00000|  0%| F|  |TAMS 0x0000000082e00000| PB 0x0000000082e00000| Untracked 
|  47|0x0000000082f00000, 0x0000000083000000, 0x0000000083000000|100%| O|  |TAMS 0x0000000082f00000| PB 0x0000000082f00000| Untracked 
|  48|0x0000000083000000, 0x0000000083100000, 0x0000000083100000|100%| O|  |TAMS 0x0000000083000000| PB 0x0000000083000000| Untracked 
|  49|0x0000000083100000, 0x0000000083100000, 0x0000000083200000|  0%| F|  |TAMS 0x0000000083100000| PB 0x0000000083100000| Untracked 
|  50|0x0000000083200000, 0x0000000083300000, 0x0000000083300000|100%| O|  |TAMS 0x0000000083200000| PB 0x0000000083200000| Untracked 
|  51|0x0000000083300000, 0x0000000083400000, 0x0000000083400000|100%|HS|  |TAMS 0x0000000083300000| PB 0x0000000083300000| Complete 
|  52|0x0000000083400000, 0x0000000083500000, 0x0000000083500000|100%|HC|  |TAMS 0x0000000083400000| PB 0x0000000083400000| Complete 
|  53|0x0000000083500000, 0x0000000083600000, 0x0000000083600000|100%|HC|  |TAMS 0x0000000083500000| PB 0x0000000083500000| Complete 
|  54|0x0000000083600000, 0x0000000083700000, 0x0000000083700000|100%| O|  |TAMS 0x0000000083600000| PB 0x0000000083600000| Untracked 
|  55|0x0000000083700000, 0x0000000083700000, 0x0000000083800000|  0%| F|  |TAMS 0x0000000083700000| PB 0x0000000083700000| Untracked 
|  56|0x0000000083800000, 0x0000000083800000, 0x0000000083900000|  0%| F|  |TAMS 0x0000000083800000| PB 0x0000000083800000| Untracked 
|  57|0x0000000083900000, 0x0000000083a00000, 0x0000000083a00000|100%| O|  |TAMS 0x0000000083900000| PB 0x0000000083900000| Untracked 
|  58|0x0000000083a00000, 0x0000000083a00000, 0x0000000083b00000|  0%| F|  |TAMS 0x0000000083a00000| PB 0x0000000083a00000| Untracked 
|  59|0x0000000083b00000, 0x0000000083b00000, 0x0000000083c00000|  0%| F|  |TAMS 0x0000000083b00000| PB 0x0000000083b00000| Untracked 
|  60|0x0000000083c00000, 0x0000000083c00000, 0x0000000083d00000|  0%| F|  |TAMS 0x0000000083c00000| PB 0x0000000083c00000| Untracked 
|  61|0x0000000083d00000, 0x0000000083e00000, 0x0000000083e00000|100%| O|  |TAMS 0x0000000083d00000| PB 0x0000000083d00000| Untracked 
|  62|0x0000000083e00000, 0x0000000083f00000, 0x0000000083f00000|100%| O|  |TAMS 0x0000000083e00000| PB 0x0000000083e00000| Untracked 
|  63|0x0000000083f00000, 0x0000000084000000, 0x0000000084000000|100%| S|CS|TAMS 0x0000000083f00000| PB 0x0000000083f00000| Complete 
|  64|0x0000000084000000, 0x0000000084100000, 0x0000000084100000|100%| S|CS|TAMS 0x0000000084000000| PB 0x0000000084000000| Complete 
|  65|0x0000000084100000, 0x0000000084200000, 0x0000000084200000|100%| S|CS|TAMS 0x0000000084100000| PB 0x0000000084100000| Complete 
|  66|0x0000000084200000, 0x0000000084300000, 0x0000000084300000|100%| S|CS|TAMS 0x0000000084200000| PB 0x0000000084200000| Complete 
|  67|0x0000000084300000, 0x0000000084300000, 0x0000000084400000|  0%| F|  |TAMS 0x0000000084300000| PB 0x0000000084300000| Untracked 
|  68|0x0000000084400000, 0x0000000084400000, 0x0000000084500000|  0%| F|  |TAMS 0x0000000084400000| PB 0x0000000084400000| Untracked 
|  69|0x0000000084500000, 0x0000000084500000, 0x0000000084600000|  0%| F|  |TAMS 0x0000000084500000| PB 0x0000000084500000| Untracked 
|  70|0x0000000084600000, 0x0000000084600000, 0x0000000084700000|  0%| F|  |TAMS 0x0000000084600000| PB 0x0000000084600000| Untracked 
|  71|0x0000000084700000, 0x0000000084700000, 0x0000000084800000|  0%| F|  |TAMS 0x0000000084700000| PB 0x0000000084700000| Untracked 
|  72|0x0000000084800000, 0x000000008485c640, 0x0000000084900000| 36%| E|  |TAMS 0x0000000084800000| PB 0x0000000084800000| Complete 
|  73|0x0000000084900000, 0x0000000084a00000, 0x0000000084a00000|100%| E|CS|TAMS 0x0000000084900000| PB 0x0000000084900000| Complete 
|  74|0x0000000084a00000, 0x0000000084b00000, 0x0000000084b00000|100%| E|CS|TAMS 0x0000000084a00000| PB 0x0000000084a00000| Complete 
|  75|0x0000000084b00000, 0x0000000084c00000, 0x0000000084c00000|100%| E|CS|TAMS 0x0000000084b00000| PB 0x0000000084b00000| Complete 
|  76|0x0000000084c00000, 0x0000000084d00000, 0x0000000084d00000|100%| E|CS|TAMS 0x0000000084c00000| PB 0x0000000084c00000| Complete 
|  77|0x0000000084d00000, 0x0000000084e00000, 0x0000000084e00000|100%| E|CS|TAMS 0x0000000084d00000| PB 0x0000000084d00000| Complete 
|  78|0x0000000084e00000, 0x0000000084f00000, 0x0000000084f00000|100%| E|CS|TAMS 0x0000000084e00000| PB 0x0000000084e00000| Complete 
|  79|0x0000000084f00000, 0x0000000085000000, 0x0000000085000000|100%| E|CS|TAMS 0x0000000084f00000| PB 0x0000000084f00000| Complete 
|  80|0x0000000085000000, 0x0000000085100000, 0x0000000085100000|100%| E|CS|TAMS 0x0000000085000000| PB 0x0000000085000000| Complete 
|  81|0x0000000085100000, 0x0000000085200000, 0x0000000085200000|100%| E|CS|TAMS 0x0000000085100000| PB 0x0000000085100000| Complete 
|  82|0x0000000085200000, 0x0000000085300000, 0x0000000085300000|100%| E|CS|TAMS 0x0000000085200000| PB 0x0000000085200000| Complete 
|  83|0x0000000085300000, 0x0000000085400000, 0x0000000085400000|100%| E|CS|TAMS 0x0000000085300000| PB 0x0000000085300000| Complete 
|  84|0x0000000085400000, 0x0000000085500000, 0x0000000085500000|100%| E|CS|TAMS 0x0000000085400000| PB 0x0000000085400000| Complete 
|  85|0x0000000085500000, 0x0000000085600000, 0x0000000085600000|100%| E|CS|TAMS 0x0000000085500000| PB 0x0000000085500000| Complete 
|  86|0x0000000085600000, 0x0000000085700000, 0x0000000085700000|100%| E|CS|TAMS 0x0000000085600000| PB 0x0000000085600000| Complete 
|  87|0x0000000085700000, 0x0000000085800000, 0x0000000085800000|100%| E|CS|TAMS 0x0000000085700000| PB 0x0000000085700000| Complete 
|  88|0x0000000085800000, 0x0000000085900000, 0x0000000085900000|100%| E|CS|TAMS 0x0000000085800000| PB 0x0000000085800000| Complete 
|  89|0x0000000085900000, 0x0000000085a00000, 0x0000000085a00000|100%| E|CS|TAMS 0x0000000085900000| PB 0x0000000085900000| Complete 
|  90|0x0000000085a00000, 0x0000000085b00000, 0x0000000085b00000|100%| E|CS|TAMS 0x0000000085a00000| PB 0x0000000085a00000| Complete 
|  91|0x0000000085b00000, 0x0000000085c00000, 0x0000000085c00000|100%| E|CS|TAMS 0x0000000085b00000| PB 0x0000000085b00000| Complete 
|  92|0x0000000085c00000, 0x0000000085d00000, 0x0000000085d00000|100%| E|CS|TAMS 0x0000000085c00000| PB 0x0000000085c00000| Complete 
|  93|0x0000000085d00000, 0x0000000085e00000, 0x0000000085e00000|100%| E|CS|TAMS 0x0000000085d00000| PB 0x0000000085d00000| Complete 
|  94|0x0000000085e00000, 0x0000000085f00000, 0x0000000085f00000|100%| E|CS|TAMS 0x0000000085e00000| PB 0x0000000085e00000| Complete 
|  95|0x0000000085f00000, 0x0000000086000000, 0x0000000086000000|100%| E|CS|TAMS 0x0000000085f00000| PB 0x0000000085f00000| Complete 
|  96|0x0000000086000000, 0x00000000860416f0, 0x0000000086100000| 25%| S|CS|TAMS 0x0000000086000000| PB 0x0000000086000000| Complete 
| 104|0x0000000086800000, 0x0000000086900000, 0x0000000086900000|100%| E|CS|TAMS 0x0000000086800000| PB 0x0000000086800000| Complete 
| 105|0x0000000086900000, 0x0000000086a00000, 0x0000000086a00000|100%| E|CS|TAMS 0x0000000086900000| PB 0x0000000086900000| Complete 
| 123|0x0000000087b00000, 0x0000000087c00000, 0x0000000087c00000|100%| E|CS|TAMS 0x0000000087b00000| PB 0x0000000087b00000| Complete 
|2044|0x00000000ffc00000, 0x00000000ffc61ac0, 0x00000000ffd00000| 38%| O|  |TAMS 0x00000000ffc00000| PB 0x00000000ffc00000| Untracked 
|2045|0x00000000ffd00000, 0x00000000ffe00000, 0x00000000ffe00000|100%| O|  |TAMS 0x00000000ffd00000| PB 0x00000000ffd00000| Untracked 
|2046|0x00000000ffe00000, 0x00000000fff00000, 0x00000000fff00000|100%| O|  |TAMS 0x00000000ffe00000| PB 0x00000000ffe00000| Untracked 
|2047|0x00000000fff00000, 0x0000000100000000, 0x0000000100000000|100%| O|  |TAMS 0x00000000fff00000| PB 0x00000000fff00000| Untracked 

Card table byte_map: [0x000002abfc260000,0x000002abfc660000] _byte_map_base: 0x000002abfbe60000

Marking Bits: (CMBitMap*) 0x000002abe9977470
 Bits: [0x000002abfc660000, 0x000002abfe660000)

Polling page: 0x000002abe7790000

Metaspace:

Usage:
  Non-class:     59.57 MB used.
      Class:     10.33 MB used.
       Both:     69.89 MB used.

Virtual space:
  Non-class space:       64.00 MB reserved,      60.69 MB ( 95%) committed,  1 nodes.
      Class space:      416.00 MB reserved,      11.38 MB (  3%) committed,  1 nodes.
             Both:      480.00 MB reserved,      72.06 MB ( 15%) committed. 

Chunk freelists:
   Non-Class:  2.41 MB
       Class:  4.45 MB
        Both:  6.86 MB

MaxMetaspaceSize: 512.00 MB
CompressedClassSpaceSize: 416.00 MB
Initial GC threshold: 21.00 MB
Current GC threshold: 111.69 MB
CDS: on
 - commit_granule_bytes: 65536.
 - commit_granule_words: 8192.
 - virtual_space_node_default_size: 8388608.
 - enlarge_chunks_in_place: 1.
 - use_allocation_guard: 0.


Internal statistics:

num_allocs_failed_limit: 9.
num_arena_births: 4034.
num_arena_deaths: 0.
num_vsnodes_births: 2.
num_vsnodes_deaths: 0.
num_space_committed: 1153.
num_space_uncommitted: 0.
num_chunks_returned_to_freelist: 9.
num_chunks_taken_from_freelist: 7571.
num_chunk_merges: 9.
num_chunk_splits: 4887.
num_chunks_enlarged: 3000.
num_inconsistent_stats: 0.

CodeHeap 'non-profiled nmethods': size=120000Kb used=4493Kb max_used=4493Kb free=115506Kb
 bounds [0x000002abf45f0000, 0x000002abf4a60000, 0x000002abfbb20000]
CodeHeap 'profiled nmethods': size=120000Kb used=14300Kb max_used=14300Kb free=105699Kb
 bounds [0x000002abecb20000, 0x000002abed920000, 0x000002abf4050000]
CodeHeap 'non-nmethods': size=5760Kb used=1950Kb max_used=2025Kb free=3810Kb
 bounds [0x000002abf4050000, 0x000002abf42c0000, 0x000002abf45f0000]
CodeCache: size=245760Kb, used=20743Kb, max_used=20818Kb, free=225015Kb
 total_blobs=8526, nmethods=7711, adapters=719, full_count=0
Compilation: enabled, stopped_count=0, restarted_count=0

Compilation events (20 events):
Event: 19.690 Thread 0x000002abff0f5650 nmethod 8863 0x000002abed911710 code [0x000002abed9118e0, 0x000002abed911db0]
Event: 19.690 Thread 0x000002abff0f5650 8864       3       java.lang.ProcessEnvironment$CheckedEntrySet$1::next (20 bytes)
Event: 19.691 Thread 0x000002abff0f5650 nmethod 8864 0x000002abed911f10 code [0x000002abed9120e0, 0x000002abed912548]
Event: 19.696 Thread 0x000002abff0f5d20 nmethod 8849 0x000002abf4a50f10 code [0x000002abf4a510e0, 0x000002abf4a517e0]
Event: 19.701 Thread 0x000002abff0de780 nmethod 8853 0x000002abf4a51a90 code [0x000002abf4a51ca0, 0x000002abf4a52ac0]
Event: 19.706 Thread 0x000002abff0f5650 8865       3       java.lang.ProcessEnvironment$CheckedEntry::getKey (5 bytes)
Event: 19.706 Thread 0x000002abff0f5650 nmethod 8865 0x000002abed912690 code [0x000002abed912860, 0x000002abed912b88]
Event: 19.706 Thread 0x000002abff0f5650 8866       3       java.lang.ProcessEnvironment$CheckedEntry::getKey (13 bytes)
Event: 19.707 Thread 0x000002abff0f5650 nmethod 8866 0x000002abed912c90 code [0x000002abed912e40, 0x000002abed913108]
Event: 19.707 Thread 0x000002abff0f5650 8867       3       java.lang.ProcessEnvironment$EntryComparator::compare (13 bytes)
Event: 19.707 Thread 0x000002abff0f5650 nmethod 8867 0x000002abed913210 code [0x000002abed913420, 0x000002abed913b78]
Event: 19.710 Thread 0x000002abff0f5650 8868       3       java.lang.management.ManagementFactory$$Lambda/0x000002ab83074530::apply (12 bytes)
Event: 19.710 Thread 0x000002abff0f5650 nmethod 8868 0x000002abed913d10 code [0x000002abed913ee0, 0x000002abed9142f0]
Event: 19.710 Thread 0x000002abff0f5650 8869       3       java.lang.management.ManagementFactory::lambda$getPlatformMXBeans$3 (13 bytes)
Event: 19.710 Thread 0x000002abff0f5650 nmethod 8869 0x000002abed914410 code [0x000002abed9145e0, 0x000002abed914860]
Event: 19.710 Thread 0x000002abff0f5650 8870       3       java.lang.invoke.DirectMethodHandle$Holder::invokeStatic (14 bytes)
Event: 19.711 Thread 0x000002abff0f5650 nmethod 8870 0x000002abed914990 code [0x000002abed914b60, 0x000002abed914fb0]
Event: 19.720 Thread 0x000002abff0f5650 8872       3       java.util.logging.LogManager::getProperty (9 bytes)
Event: 19.721 Thread 0x000002abff0f5650 nmethod 8872 0x000002abed915110 code [0x000002abed9152c0, 0x000002abed915498]
Event: 20.712 Thread 0x000002abff0f5650 8874       3       java.util.Spliterators::emptySpliterator (4 bytes)

GC Heap History (20 events):
Event: 11.730 GC heap before
{Heap before GC invocations=12 (full 0):
 garbage-first heap   total 98304K, used 84434K [0x0000000080000000, 0x0000000100000000)
  region size 1024K, 51 young (52224K), 2 survivors (2048K)
 Metaspace       used 45278K, committed 47040K, reserved 491520K
  class space    used 6778K, committed 7616K, reserved 425984K
}
Event: 11.741 GC heap after
{Heap after GC invocations=13 (full 0):
 garbage-first heap   total 98304K, used 37071K [0x0000000080000000, 0x0000000100000000)
  region size 1024K, 5 young (5120K), 5 survivors (5120K)
 Metaspace       used 45278K, committed 47040K, reserved 491520K
  class space    used 6778K, committed 7616K, reserved 425984K
}
Event: 13.033 GC heap before
{Heap before GC invocations=13 (full 0):
 garbage-first heap   total 98304K, used 85199K [0x0000000080000000, 0x0000000100000000)
  region size 1024K, 52 young (53248K), 5 survivors (5120K)
 Metaspace       used 51266K, committed 53056K, reserved 491520K
  class space    used 7603K, committed 8448K, reserved 425984K
}
Event: 13.038 GC heap after
{Heap after GC invocations=14 (full 0):
 garbage-first heap   total 98304K, used 39913K [0x0000000080000000, 0x0000000100000000)
  region size 1024K, 6 young (6144K), 6 survivors (6144K)
 Metaspace       used 51266K, committed 53056K, reserved 491520K
  class space    used 7603K, committed 8448K, reserved 425984K
}
Event: 14.052 GC heap before
{Heap before GC invocations=14 (full 0):
 garbage-first heap   total 98304K, used 85993K [0x0000000080000000, 0x0000000100000000)
  region size 1024K, 51 young (52224K), 6 survivors (6144K)
 Metaspace       used 54193K, committed 56128K, reserved 491520K
  class space    used 8052K, committed 8960K, reserved 425984K
}
Event: 14.061 GC heap after
{Heap after GC invocations=15 (full 0):
 garbage-first heap   total 98304K, used 43406K [0x0000000080000000, 0x0000000100000000)
  region size 1024K, 7 young (7168K), 7 survivors (7168K)
 Metaspace       used 54193K, committed 56128K, reserved 491520K
  class space    used 8052K, committed 8960K, reserved 425984K
}
Event: 14.841 GC heap before
{Heap before GC invocations=15 (full 0):
 garbage-first heap   total 98304K, used 91534K [0x0000000080000000, 0x0000000100000000)
  region size 1024K, 49 young (50176K), 7 survivors (7168K)
 Metaspace       used 56569K, committed 58496K, reserved 491520K
  class space    used 8352K, committed 9280K, reserved 425984K
}
Event: 14.849 GC heap after
{Heap after GC invocations=16 (full 0):
 garbage-first heap   total 104448K, used 53005K [0x0000000080000000, 0x0000000100000000)
  region size 1024K, 6 young (6144K), 6 survivors (6144K)
 Metaspace       used 56569K, committed 58496K, reserved 491520K
  class space    used 8352K, committed 9280K, reserved 425984K
}
Event: 15.146 GC heap before
{Heap before GC invocations=16 (full 0):
 garbage-first heap   total 104448K, used 63245K [0x0000000080000000, 0x0000000100000000)
  region size 1024K, 17 young (17408K), 6 survivors (6144K)
 Metaspace       used 58291K, committed 60288K, reserved 491520K
  class space    used 8560K, committed 9536K, reserved 425984K
}
Event: 15.152 GC heap after
{Heap after GC invocations=17 (full 0):
 garbage-first heap   total 104448K, used 53638K [0x0000000080000000, 0x0000000100000000)
  region size 1024K, 1 young (1024K), 1 survivors (1024K)
 Metaspace       used 58291K, committed 60288K, reserved 491520K
  class space    used 8560K, committed 9536K, reserved 425984K
}
Event: 15.827 GC heap before
{Heap before GC invocations=18 (full 0):
 garbage-first heap   total 104448K, used 92550K [0x0000000080000000, 0x0000000100000000)
  region size 1024K, 39 young (39936K), 1 survivors (1024K)
 Metaspace       used 60832K, committed 62848K, reserved 491520K
  class space    used 8939K, committed 9920K, reserved 425984K
}
Event: 15.831 GC heap after
{Heap after GC invocations=19 (full 0):
 garbage-first heap   total 104448K, used 55356K [0x0000000080000000, 0x0000000100000000)
  region size 1024K, 3 young (3072K), 3 survivors (3072K)
 Metaspace       used 60832K, committed 62848K, reserved 491520K
  class space    used 8939K, committed 9920K, reserved 425984K
}
Event: 16.450 GC heap before
{Heap before GC invocations=19 (full 0):
 garbage-first heap   total 104448K, used 93244K [0x0000000080000000, 0x0000000100000000)
  region size 1024K, 40 young (40960K), 3 survivors (3072K)
 Metaspace       used 63972K, committed 66112K, reserved 491520K
  class space    used 9473K, committed 10496K, reserved 425984K
}
Event: 16.456 GC heap after
{Heap after GC invocations=20 (full 0):
 garbage-first heap   total 104448K, used 56226K [0x0000000080000000, 0x0000000100000000)
  region size 1024K, 4 young (4096K), 4 survivors (4096K)
 Metaspace       used 63972K, committed 66112K, reserved 491520K
  class space    used 9473K, committed 10496K, reserved 425984K
}
Event: 17.123 GC heap before
{Heap before GC invocations=20 (full 0):
 garbage-first heap   total 104448K, used 96162K [0x0000000080000000, 0x0000000100000000)
  region size 1024K, 43 young (44032K), 4 survivors (4096K)
 Metaspace       used 66256K, committed 68416K, reserved 491520K
  class space    used 9827K, committed 10880K, reserved 425984K
}
Event: 17.131 GC heap after
{Heap after GC invocations=21 (full 0):
 garbage-first heap   total 104448K, used 57500K [0x0000000080000000, 0x0000000100000000)
  region size 1024K, 3 young (3072K), 3 survivors (3072K)
 Metaspace       used 66256K, committed 68416K, reserved 491520K
  class space    used 9827K, committed 10880K, reserved 425984K
}
Event: 17.999 GC heap before
{Heap before GC invocations=22 (full 0):
 garbage-first heap   total 104448K, used 96412K [0x0000000080000000, 0x0000000100000000)
  region size 1024K, 41 young (41984K), 3 survivors (3072K)
 Metaspace       used 67945K, committed 70144K, reserved 491520K
  class space    used 10076K, committed 11136K, reserved 425984K
}
Event: 18.010 GC heap after
{Heap after GC invocations=23 (full 0):
 garbage-first heap   total 104448K, used 61866K [0x0000000080000000, 0x0000000100000000)
  region size 1024K, 6 young (6144K), 6 survivors (6144K)
 Metaspace       used 67945K, committed 70144K, reserved 491520K
  class space    used 10076K, committed 11136K, reserved 425984K
}
Event: 19.028 GC heap before
{Heap before GC invocations=23 (full 0):
 garbage-first heap   total 104448K, used 94634K [0x0000000080000000, 0x0000000100000000)
  region size 1024K, 38 young (38912K), 6 survivors (6144K)
 Metaspace       used 69540K, committed 71744K, reserved 491520K
  class space    used 10254K, committed 11328K, reserved 425984K
}
Event: 19.036 GC heap after
{Heap after GC invocations=24 (full 0):
 garbage-first heap   total 106496K, used 65164K [0x0000000080000000, 0x0000000100000000)
  region size 1024K, 5 young (5120K), 5 survivors (5120K)
 Metaspace       used 69540K, committed 71744K, reserved 491520K
  class space    used 10254K, committed 11328K, reserved 425984K
}

Dll operation events (14 events):
Event: 0.026 Loaded shared library C:\Users\rc\.antigravity\extensions\redhat.java-1.53.0-win32-x64\jre\21.0.10-win32-x86_64\bin\java.dll
Event: 0.191 Loaded shared library C:\Users\rc\.antigravity\extensions\redhat.java-1.53.0-win32-x64\jre\21.0.10-win32-x86_64\bin\zip.dll
Event: 0.226 Loaded shared library C:\Users\rc\.antigravity\extensions\redhat.java-1.53.0-win32-x64\jre\21.0.10-win32-x86_64\bin\instrument.dll
Event: 0.236 Loaded shared library C:\Users\rc\.antigravity\extensions\redhat.java-1.53.0-win32-x64\jre\21.0.10-win32-x86_64\bin\net.dll
Event: 0.242 Loaded shared library C:\Users\rc\.antigravity\extensions\redhat.java-1.53.0-win32-x64\jre\21.0.10-win32-x86_64\bin\nio.dll
Event: 0.247 Loaded shared library C:\Users\rc\.antigravity\extensions\redhat.java-1.53.0-win32-x64\jre\21.0.10-win32-x86_64\bin\zip.dll
Event: 0.901 Loaded shared library C:\Users\rc\.antigravity\extensions\redhat.java-1.53.0-win32-x64\jre\21.0.10-win32-x86_64\bin\jimage.dll
Event: 1.669 Loaded shared library C:\Users\rc\.antigravity\extensions\redhat.java-1.53.0-win32-x64\jre\21.0.10-win32-x86_64\bin\verify.dll
Event: 1.710 Loaded shared library C:\Users\rc\.gradle\native\1def1411415f61bf3af743bc5b6707747c0891f09f0c88961ee8f79bc544acac\windows-amd64\native-platform.dll
Event: 1.724 Loaded shared library C:\Users\rc\.gradle\native\0.2.8\x86_64-windows-gnu\gradle-fileevents.dll
Event: 3.666 Loaded shared library C:\Users\rc\.antigravity\extensions\redhat.java-1.53.0-win32-x64\jre\21.0.10-win32-x86_64\bin\management.dll
Event: 3.669 Loaded shared library C:\Users\rc\.antigravity\extensions\redhat.java-1.53.0-win32-x64\jre\21.0.10-win32-x86_64\bin\management_ext.dll
Event: 3.817 Loaded shared library C:\Users\rc\.antigravity\extensions\redhat.java-1.53.0-win32-x64\jre\21.0.10-win32-x86_64\bin\extnet.dll
Event: 4.021 Loaded shared library C:\Users\rc\.antigravity\extensions\redhat.java-1.53.0-win32-x64\jre\21.0.10-win32-x86_64\bin\sunmscapi.dll

Deoptimization events (20 events):
Event: 19.626 Thread 0x000002aba140f0f0 Uncommon trap: trap_request=0xffffff45 fr.pc=0x000002abf486324c relative=0x000000000000038c
Event: 19.626 Thread 0x000002aba140f0f0 Uncommon trap: reason=unstable_if action=reinterpret pc=0x000002abf486324c method=org.gradle.internal.lazy.LockingLazy.get()Ljava/lang/Object; @ 15 c2
Event: 19.626 Thread 0x000002aba140f0f0 DEOPT PACKING pc=0x000002abf486324c sp=0x000000e8ff0fe360
Event: 19.626 Thread 0x000002aba140f0f0 DEOPT UNPACKING pc=0x000002abf40a4422 sp=0x000000e8ff0fe300 mode 2
Event: 19.627 Thread 0x000002aba1412c00 Uncommon trap: trap_request=0xffffff45 fr.pc=0x000002abf486324c relative=0x000000000000038c
Event: 19.627 Thread 0x000002aba1412c00 Uncommon trap: reason=unstable_if action=reinterpret pc=0x000002abf486324c method=org.gradle.internal.lazy.LockingLazy.get()Ljava/lang/Object; @ 15 c2
Event: 19.628 Thread 0x000002aba1412c00 DEOPT PACKING pc=0x000002abf486324c sp=0x000000e8ff4fe4a0
Event: 19.628 Thread 0x000002aba1412c00 DEOPT UNPACKING pc=0x000002abf40a4422 sp=0x000000e8ff4fe440 mode 2
Event: 19.628 Thread 0x000002aba140ea60 Uncommon trap: trap_request=0xffffff45 fr.pc=0x000002abf486324c relative=0x000000000000038c
Event: 19.628 Thread 0x000002aba140ea60 Uncommon trap: reason=unstable_if action=reinterpret pc=0x000002abf486324c method=org.gradle.internal.lazy.LockingLazy.get()Ljava/lang/Object; @ 15 c2
Event: 19.628 Thread 0x000002aba140ea60 DEOPT PACKING pc=0x000002abf486324c sp=0x000000e8feefe520
Event: 19.628 Thread 0x000002aba140ea60 DEOPT UNPACKING pc=0x000002abf40a4422 sp=0x000000e8feefe4c0 mode 2
Event: 19.628 Thread 0x000002aba1faef80 Uncommon trap: trap_request=0xffffff45 fr.pc=0x000002abf486324c relative=0x000000000000038c
Event: 19.628 Thread 0x000002aba1faef80 Uncommon trap: reason=unstable_if action=reinterpret pc=0x000002abf486324c method=org.gradle.internal.lazy.LockingLazy.get()Ljava/lang/Object; @ 15 c2
Event: 19.629 Thread 0x000002aba1faef80 DEOPT PACKING pc=0x000002abf486324c sp=0x000000e8fbcf4e00
Event: 19.629 Thread 0x000002aba1faef80 DEOPT UNPACKING pc=0x000002abf40a4422 sp=0x000000e8fbcf4da0 mode 2
Event: 19.663 Thread 0x000002aba1faef80 Uncommon trap: trap_request=0xffffff45 fr.pc=0x000002abf4834f0c relative=0x0000000000001a8c
Event: 19.663 Thread 0x000002aba1faef80 Uncommon trap: reason=unstable_if action=reinterpret pc=0x000002abf4834f0c method=org.objectweb.asm.MethodWriter.putMethodInfo(Lorg/objectweb/asm/ByteVector;)V @ 9 c2
Event: 19.663 Thread 0x000002aba1faef80 DEOPT PACKING pc=0x000002abf4834f0c sp=0x000000e8fbcf5130
Event: 19.663 Thread 0x000002aba1faef80 DEOPT UNPACKING pc=0x000002abf40a4422 sp=0x000000e8fbcf50d0 mode 2

Classes loaded (20 events):
Event: 18.132 Loading class java/util/TreeMap$TreeMapSpliterator done
Event: 18.132 Loading class java/util/TreeMap$EntrySpliterator done
Event: 18.133 Loading class jdk/internal/reflect/DirectMethodHandleAccessor$NativeAccessor
Event: 18.133 Loading class jdk/internal/reflect/DirectMethodHandleAccessor$NativeAccessor done
Event: 19.251 Loading class java/lang/AbstractMethodError
Event: 19.251 Loading class java/lang/AbstractMethodError done
Event: 19.607 Loading class java/util/stream/ReferencePipeline$15
Event: 19.607 Loading class java/util/stream/ReferencePipeline$15 done
Event: 19.615 Loading class java/util/stream/ReferencePipeline$15$1
Event: 19.615 Loading class java/util/stream/ReferencePipeline$15$1 done
Event: 19.705 Loading class java/lang/ProcessImpl
Event: 19.706 Loading class java/lang/ProcessImpl done
Event: 19.715 Loading class java/lang/ProcessHandleImpl
Event: 19.716 Loading class java/lang/ProcessHandleImpl done
Event: 19.718 Loading class java/lang/ProcessImpl$2
Event: 19.718 Loading class java/lang/ProcessImpl$2 done
Event: 19.718 Loading class java/lang/Process$PipeInputStream
Event: 19.718 Loading class java/lang/Process$PipeInputStream done
Event: 19.720 Loading class jdk/internal/event/ProcessStartEvent
Event: 19.720 Loading class jdk/internal/event/ProcessStartEvent done

Classes unloaded (0 events):
No events

Classes redefined (0 events):
No events

Internal exceptions (20 events):
Event: 17.955 Thread 0x000002aba1faef80 Exception <a 'java/lang/ClassNotFoundException'{0x0000000083e99f10}: org/gradle/api/internal/project/DefaultProjectCustomizer> (0x0000000083e99f10) 
thrown [s\src\hotspot\share\classfile\systemDictionary.cpp, line 312]
Event: 17.973 Thread 0x000002aba1faef80 Exception <a 'java/lang/ClassNotFoundException'{0x0000000083d5f9b0}: org/gradle/api/internal/project/DefaultProject_DecoratedCustomizer> (0x0000000083d5f9b0) 
thrown [s\src\hotspot\share\classfile\systemDictionary.cpp, line 312]
Event: 18.041 Thread 0x000002aba1faef80 Exception <a 'java/lang/IncompatibleClassChangeError'{0x0000000087be84b8}: Found class java.lang.Object, but interface was expected> (0x0000000087be84b8) 
thrown [s\src\hotspot\share\interpreter\linkResolver.cpp, line 840]
Event: 18.086 Thread 0x000002aba1faef80 Exception <a 'java/lang/ClassNotFoundException'{0x00000000868a2000}: org/gradle/api/internal/project/DefaultAntBuilderBeanInfo> (0x00000000868a2000) 
thrown [s\src\hotspot\share\classfile\systemDictionary.cpp, line 312]
Event: 18.087 Thread 0x000002aba1faef80 Exception <a 'java/lang/ClassNotFoundException'{0x00000000868c1f88}: org/gradle/api/internal/project/ant/BasicAntBuilderBeanInfo> (0x00000000868c1f88) 
thrown [s\src\hotspot\share\classfile\systemDictionary.cpp, line 312]
Event: 18.089 Thread 0x000002aba1faef80 Exception <a 'java/lang/ClassNotFoundException'{0x00000000868e1338}: org/gradle/api/AntBuilderBeanInfo> (0x00000000868e1338) 
thrown [s\src\hotspot\share\classfile\systemDictionary.cpp, line 312]
Event: 18.090 Thread 0x000002aba1faef80 Exception <a 'java/lang/ClassNotFoundException'{0x0000000085f006b8}: groovy/ant/AntBuilderBeanInfo> (0x0000000085f006b8) 
thrown [s\src\hotspot\share\classfile\systemDictionary.cpp, line 312]
Event: 18.091 Thread 0x000002aba1faef80 Exception <a 'java/lang/ClassNotFoundException'{0x0000000085f1fa78}: groovy/util/BuilderSupportBeanInfo> (0x0000000085f1fa78) 
thrown [s\src\hotspot\share\classfile\systemDictionary.cpp, line 312]
Event: 18.092 Thread 0x000002aba1faef80 Exception <a 'java/lang/ClassNotFoundException'{0x0000000085f3ee80}: groovy/util/BuilderSupportCustomizer> (0x0000000085f3ee80) 
thrown [s\src\hotspot\share\classfile\systemDictionary.cpp, line 312]
Event: 18.093 Thread 0x000002aba1faef80 Exception <a 'java/lang/ClassNotFoundException'{0x0000000085f60860}: groovy/ant/AntBuilderCustomizer> (0x0000000085f60860) 
thrown [s\src\hotspot\share\classfile\systemDictionary.cpp, line 312]
Event: 18.095 Thread 0x000002aba1faef80 Exception <a 'java/lang/ClassNotFoundException'{0x0000000085f84c10}: org/gradle/api/AntBuilderCustomizer> (0x0000000085f84c10) 
thrown [s\src\hotspot\share\classfile\systemDictionary.cpp, line 312]
Event: 18.097 Thread 0x000002aba1faef80 Exception <a 'java/lang/ClassNotFoundException'{0x0000000085fafd88}: org/gradle/api/internal/project/ant/BasicAntBuilderCustomizer> (0x0000000085fafd88) 
thrown [s\src\hotspot\share\classfile\systemDictionary.cpp, line 312]
Event: 18.099 Thread 0x000002aba1faef80 Exception <a 'java/lang/ClassNotFoundException'{0x0000000085fe2868}: org/gradle/api/internal/project/DefaultAntBuilderCustomizer> (0x0000000085fe2868) 
thrown [s\src\hotspot\share\classfile\systemDictionary.cpp, line 312]
Event: 18.138 Thread 0x000002aba1faef80 Exception <a 'java/lang/IncompatibleClassChangeError'{0x0000000085d85c80}: Found class java.lang.Object, but interface was expected> (0x0000000085d85c80) 
thrown [s\src\hotspot\share\interpreter\linkResolver.cpp, line 840]
Event: 19.438 Thread 0x000002aba1faef80 Exception <a 'java/lang/NoSuchMethodError'{0x00000000852eea60}: 'void java.lang.invoke.DirectMethodHandle$Holder.invokeStatic(java.lang.Object, int, java.lang.Object)'> (0x00000000852eea60) 
thrown [s\src\hotspot\share\interpreter\linkResolver.cpp, line 773]
Event: 19.542 Thread 0x000002aba1faef80 Exception <a 'java/lang/NoSuchMethodError'{0x0000000084de0e78}: 'void java.lang.invoke.DirectMethodHandle$Holder.invokeStaticInit(java.lang.Object)'> (0x0000000084de0e78) 
thrown [s\src\hotspot\share\interpreter\linkResolver.cpp, line 773]
Event: 19.617 Thread 0x000002aba140f0f0 Implicit null exception at 0x000002abf48d5f9c to 0x000002abf48d6064
Event: 19.620 Thread 0x000002aba1412c00 Implicit null exception at 0x000002abf496fd28 to 0x000002abf496fdf4
Event: 19.714 Thread 0x000002aba1413290 Exception <a 'java/lang/NoSuchMethodError'{0x000000008480d2f8}: 'void java.lang.invoke.DirectMethodHandle$Holder.invokeStatic(java.lang.Object, long)'> (0x000000008480d2f8) 
thrown [s\src\hotspot\share\interpreter\linkResolver.cpp, line 773]
Event: 19.717 Thread 0x000002aba1413290 Exception <a 'java/lang/NoSuchMethodError'{0x000000008481a948}: 'java.lang.Object java.lang.invoke.DirectMethodHandle$Holder.invokeStaticInit(java.lang.Object, long, java.lang.Object)'> (0x000000008481a948) 
thrown [s\src\hotspot\share\interpreter\linkResolver.cpp, line 773]

ZGC Phase Switch (0 events):
No events

VM Operations (20 events):
Event: 16.450 Executing safepoint VM operation: G1CollectForAllocation (G1 Evacuation Pause)
Event: 16.456 Executing safepoint VM operation: G1CollectForAllocation (G1 Evacuation Pause) done
Event: 17.123 Executing safepoint VM operation: G1CollectForAllocation (G1 Evacuation Pause)
Event: 17.131 Executing safepoint VM operation: G1CollectForAllocation (G1 Evacuation Pause) done
Event: 17.203 Executing safepoint VM operation: G1PauseRemark
Event: 17.211 Executing safepoint VM operation: G1PauseRemark done
Event: 17.246 Executing safepoint VM operation: G1PauseCleanup
Event: 17.246 Executing safepoint VM operation: G1PauseCleanup done
Event: 17.999 Executing safepoint VM operation: G1CollectForAllocation (G1 Evacuation Pause)
Event: 18.010 Executing safepoint VM operation: G1CollectForAllocation (G1 Evacuation Pause) done
Event: 18.644 Executing safepoint VM operation: ICBufferFull
Event: 18.644 Executing safepoint VM operation: ICBufferFull done
Event: 19.028 Executing safepoint VM operation: G1CollectForAllocation (G1 Evacuation Pause)
Event: 19.036 Executing safepoint VM operation: G1CollectForAllocation (G1 Evacuation Pause) done
Event: 19.379 Executing safepoint VM operation: ICBufferFull
Event: 19.379 Executing safepoint VM operation: ICBufferFull done
Event: 19.720 Executing non-safepoint VM operation: HandshakeAllThreads (Deoptimize)
Event: 19.720 Executing non-safepoint VM operation: HandshakeAllThreads (Deoptimize) done
Event: 20.727 Executing safepoint VM operation: Cleanup
Event: 20.727 Executing safepoint VM operation: Cleanup done

Memory protections (0 events):
No events

Nmethod flushes (20 events):
Event: 17.209 Thread 0x000002abff0ade60 flushing  nmethod 0x000002abed0c7510
Event: 17.209 Thread 0x000002abff0ade60 flushing  nmethod 0x000002abed0c8590
Event: 17.209 Thread 0x000002abff0ade60 flushing  nmethod 0x000002abed0c9290
Event: 17.209 Thread 0x000002abff0ade60 flushing  nmethod 0x000002abed0c9e10
Event: 17.209 Thread 0x000002abff0ade60 flushing  nmethod 0x000002abed10e490
Event: 17.209 Thread 0x000002abff0ade60 flushing  nmethod 0x000002abed139510
Event: 17.209 Thread 0x000002abff0ade60 flushing  nmethod 0x000002abed139d10
Event: 17.209 Thread 0x000002abff0ade60 flushing  nmethod 0x000002abed13f210
Event: 17.209 Thread 0x000002abff0ade60 flushing  nmethod 0x000002abed167f90
Event: 17.209 Thread 0x000002abff0ade60 flushing  nmethod 0x000002abed183210
Event: 17.209 Thread 0x000002abff0ade60 flushing  nmethod 0x000002abed184c90
Event: 17.209 Thread 0x000002abff0ade60 flushing  nmethod 0x000002abed18bc90
Event: 17.209 Thread 0x000002abff0ade60 flushing  nmethod 0x000002abed18c610
Event: 17.209 Thread 0x000002abff0ade60 flushing  nmethod 0x000002abed18d390
Event: 17.209 Thread 0x000002abff0ade60 flushing  nmethod 0x000002abed18e790
Event: 17.209 Thread 0x000002abff0ade60 flushing  nmethod 0x000002abed2ea290
Event: 17.209 Thread 0x000002abff0ade60 flushing  nmethod 0x000002abed3a2510
Event: 17.209 Thread 0x000002abff0ade60 flushing  nmethod 0x000002abed3a7690
Event: 17.209 Thread 0x000002abff0ade60 flushing  nmethod 0x000002abed3a9810
Event: 17.209 Thread 0x000002abff0ade60 flushing  nmethod 0x000002abed498e90

Events (20 events):
Event: 15.318 Thread 0x000002aba1faef80 Thread added: 0x000002aba5326d80
Event: 15.799 Thread 0x000002abff0f5d20 Thread exited: 0x000002abff0f5d20
Event: 15.932 Thread 0x000002abff0f7190 Thread exited: 0x000002abff0f7190
Event: 16.086 Thread 0x000002aba1faef80 Thread added: 0x000002aba140f780
Event: 16.168 Thread 0x000002abff0de780 Thread added: 0x000002abff0f5d20
Event: 17.394 Thread 0x000002abff0f5650 Thread added: 0x000002abff0f63f0
Event: 18.645 Thread 0x000002abff0f63f0 Thread exited: 0x000002abff0f63f0
Event: 18.966 Thread 0x000002abff0f5d20 Thread exited: 0x000002abff0f5d20
Event: 19.066 Thread 0x000002abff0f5650 Thread added: 0x000002abff0f5d20
Event: 19.162 Thread 0x000002abff0f5650 Thread added: 0x000002abff0f7f30
Event: 19.615 Thread 0x000002aba1faef80 Thread added: 0x000002aba140ea60
Event: 19.616 Thread 0x000002aba140ea60 Thread added: 0x000002aba140e3d0
Event: 19.616 Thread 0x000002aba140ea60 Thread added: 0x000002aba140f0f0
Event: 19.617 Thread 0x000002aba140e3d0 Thread added: 0x000002aba1412570
Event: 19.618 Thread 0x000002aba140ea60 Thread added: 0x000002aba1413920
Event: 19.618 Thread 0x000002aba140e3d0 Thread added: 0x000002aba1410b30
Event: 19.619 Thread 0x000002aba1413920 Thread added: 0x000002aba1412c00
Event: 19.704 Thread 0x000002aba1faef80 Thread added: 0x000002aba1413290
Event: 19.722 Thread 0x000002aba1413290 Thread added: 0x000002aba1414640
Event: 19.722 Thread 0x000002aba1413290 Thread added: 0x000002aba1413fb0


Dynamic libraries:
0x00007ff6fbb20000 - 0x00007ff6fbb2e000 	C:\Users\rc\.antigravity\extensions\redhat.java-1.53.0-win32-x64\jre\21.0.10-win32-x86_64\bin\java.exe
0x00007ff9e4180000 - 0x00007ff9e43e7000 	C:\WINDOWS\SYSTEM32\ntdll.dll
0x00007ff9e2380000 - 0x00007ff9e2449000 	C:\WINDOWS\System32\KERNEL32.DLL
0x00007ff9e1b20000 - 0x00007ff9e1f11000 	C:\WINDOWS\System32\KERNELBASE.dll
0x00007ff9e13b0000 - 0x00007ff9e14fb000 	C:\WINDOWS\System32\ucrtbase.dll
0x00007ff9b6a40000 - 0x00007ff9b6a58000 	C:\Users\rc\.antigravity\extensions\redhat.java-1.53.0-win32-x64\jre\21.0.10-win32-x86_64\bin\jli.dll
0x00007ff9b6a20000 - 0x00007ff9b6a3e000 	C:\Users\rc\.antigravity\extensions\redhat.java-1.53.0-win32-x64\jre\21.0.10-win32-x86_64\bin\VCRUNTIME140.dll
0x00007ff9e3f30000 - 0x00007ff9e40f5000 	C:\WINDOWS\System32\USER32.dll
0x00007ff9e0a60000 - 0x00007ff9e0a87000 	C:\WINDOWS\System32\win32u.dll
0x00007ff9e1f20000 - 0x00007ff9e1f4b000 	C:\WINDOWS\System32\GDI32.dll
0x00007ff9e1960000 - 0x00007ff9e1a8b000 	C:\WINDOWS\System32\gdi32full.dll
0x00007ff9e18b0000 - 0x00007ff9e1953000 	C:\WINDOWS\System32\msvcp_win.dll
0x00007ff9ce4e0000 - 0x00007ff9ce773000 	C:\WINDOWS\WinSxS\amd64_microsoft.windows.common-controls_6595b64144ccf1df_6.0.26100.8037_none_3e092faae333b53b\COMCTL32.dll
0x00007ff9e3640000 - 0x00007ff9e36e9000 	C:\WINDOWS\System32\msvcrt.dll
0x00007ff9e3910000 - 0x00007ff9e3941000 	C:\WINDOWS\System32\IMM32.DLL
0x00007ff9d7970000 - 0x00007ff9d797c000 	C:\Users\rc\.antigravity\extensions\redhat.java-1.53.0-win32-x64\jre\21.0.10-win32-x86_64\bin\vcruntime140_1.dll
0x00007ff998cc0000 - 0x00007ff998d4d000 	C:\Users\rc\.antigravity\extensions\redhat.java-1.53.0-win32-x64\jre\21.0.10-win32-x86_64\bin\msvcp140.dll
0x00007ff95bc10000 - 0x00007ff95c9b1000 	C:\Users\rc\.antigravity\extensions\redhat.java-1.53.0-win32-x64\jre\21.0.10-win32-x86_64\bin\server\jvm.dll
0x00007ff9e2450000 - 0x00007ff9e250b000 	C:\WINDOWS\System32\ADVAPI32.dll
0x00007ff9e20b0000 - 0x00007ff9e2157000 	C:\WINDOWS\System32\sechost.dll
0x00007ff9e28a0000 - 0x00007ff9e29b8000 	C:\WINDOWS\System32\RPCRT4.dll
0x00007ff9e2300000 - 0x00007ff9e2374000 	C:\WINDOWS\System32\WS2_32.dll
0x00007ff9e08e0000 - 0x00007ff9e093e000 	C:\WINDOWS\SYSTEM32\POWRPROF.dll
0x00007ff9d9cf0000 - 0x00007ff9d9cfb000 	C:\WINDOWS\SYSTEM32\VERSION.dll
0x00007ff9c9860000 - 0x00007ff9c9895000 	C:\WINDOWS\SYSTEM32\WINMM.dll
0x00007ff9e08c0000 - 0x00007ff9e08d4000 	C:\WINDOWS\SYSTEM32\UMPDC.dll
0x00007ff9df7b0000 - 0x00007ff9df7cb000 	C:\WINDOWS\SYSTEM32\kernel.appcore.dll
0x00007ff9d76a0000 - 0x00007ff9d76aa000 	C:\Users\rc\.antigravity\extensions\redhat.java-1.53.0-win32-x64\jre\21.0.10-win32-x86_64\bin\jimage.dll
0x00007ff9ce7d0000 - 0x00007ff9cea12000 	C:\WINDOWS\SYSTEM32\DBGHELP.DLL
0x00007ff9e2510000 - 0x00007ff9e2892000 	C:\WINDOWS\System32\combase.dll
0x00007ff9e2cf0000 - 0x00007ff9e2dc7000 	C:\WINDOWS\System32\OLEAUT32.dll
0x00007ff9ce4a0000 - 0x00007ff9ce4db000 	C:\WINDOWS\SYSTEM32\dbgcore.DLL
0x00007ff9e0a90000 - 0x00007ff9e0b35000 	C:\WINDOWS\System32\bcryptPrimitives.dll
0x00007ff9d1d80000 - 0x00007ff9d1d8f000 	C:\Users\rc\.antigravity\extensions\redhat.java-1.53.0-win32-x64\jre\21.0.10-win32-x86_64\bin\instrument.dll
0x00007ff9b6a00000 - 0x00007ff9b6a20000 	C:\Users\rc\.antigravity\extensions\redhat.java-1.53.0-win32-x64\jre\21.0.10-win32-x86_64\bin\java.dll
0x00007ff9e2ed0000 - 0x00007ff9e362f000 	C:\WINDOWS\System32\SHELL32.dll
0x00007ff9e1500000 - 0x00007ff9e166a000 	C:\WINDOWS\System32\wintypes.dll
0x00007ff9e0b40000 - 0x00007ff9e13a4000 	C:\WINDOWS\System32\windows.storage.dll
0x00007ff9e39a0000 - 0x00007ff9e3a97000 	C:\WINDOWS\System32\SHCORE.dll
0x00007ff9e29c0000 - 0x00007ff9e2a27000 	C:\WINDOWS\System32\shlwapi.dll
0x00007ff9e0980000 - 0x00007ff9e09a9000 	C:\WINDOWS\SYSTEM32\profapi.dll
0x00007ff9b69e0000 - 0x00007ff9b69f8000 	C:\Users\rc\.antigravity\extensions\redhat.java-1.53.0-win32-x64\jre\21.0.10-win32-x86_64\bin\zip.dll
0x00007ff9c7560000 - 0x00007ff9c7570000 	C:\Users\rc\.antigravity\extensions\redhat.java-1.53.0-win32-x64\jre\21.0.10-win32-x86_64\bin\net.dll
0x00007ff9d6730000 - 0x00007ff9d6857000 	C:\WINDOWS\SYSTEM32\WINHTTP.dll
0x00007ff9dfd00000 - 0x00007ff9dfd6b000 	C:\WINDOWS\system32\mswsock.dll
0x00007ff9b69c0000 - 0x00007ff9b69d6000 	C:\Users\rc\.antigravity\extensions\redhat.java-1.53.0-win32-x64\jre\21.0.10-win32-x86_64\bin\nio.dll
0x00007ff9c7230000 - 0x00007ff9c7240000 	C:\Users\rc\.antigravity\extensions\redhat.java-1.53.0-win32-x64\jre\21.0.10-win32-x86_64\bin\verify.dll
0x00007ff9db0c0000 - 0x00007ff9db0e7000 	C:\Users\rc\.gradle\native\1def1411415f61bf3af743bc5b6707747c0891f09f0c88961ee8f79bc544acac\windows-amd64\native-platform.dll
0x00007ff9ab930000 - 0x00007ff9ab9a7000 	C:\Users\rc\.gradle\native\0.2.8\x86_64-windows-gnu\gradle-fileevents.dll
0x00007ff9c0df0000 - 0x00007ff9c0dfa000 	C:\Users\rc\.antigravity\extensions\redhat.java-1.53.0-win32-x64\jre\21.0.10-win32-x86_64\bin\management.dll
0x00007ff9c0800000 - 0x00007ff9c080c000 	C:\Users\rc\.antigravity\extensions\redhat.java-1.53.0-win32-x64\jre\21.0.10-win32-x86_64\bin\management_ext.dll
0x00007ff9e38c0000 - 0x00007ff9e38c8000 	C:\WINDOWS\System32\PSAPI.DLL
0x00007ff9df0c0000 - 0x00007ff9df0f3000 	C:\WINDOWS\SYSTEM32\IPHLPAPI.DLL
0x00007ff9e38e0000 - 0x00007ff9e38ea000 	C:\WINDOWS\System32\NSI.dll
0x00007ff9b8970000 - 0x00007ff9b8979000 	C:\Users\rc\.antigravity\extensions\redhat.java-1.53.0-win32-x64\jre\21.0.10-win32-x86_64\bin\extnet.dll
0x00007ff9e0100000 - 0x00007ff9e011b000 	C:\WINDOWS\SYSTEM32\CRYPTSP.dll
0x00007ff9df710000 - 0x00007ff9df749000 	C:\WINDOWS\system32\rsaenh.dll
0x00007ff9dfdb0000 - 0x00007ff9dfde2000 	C:\WINDOWS\SYSTEM32\USERENV.dll
0x00007ff9e0950000 - 0x00007ff9e097a000 	C:\WINDOWS\SYSTEM32\bcrypt.dll
0x00007ff9dff60000 - 0x00007ff9dff6c000 	C:\WINDOWS\SYSTEM32\CRYPTBASE.dll
0x00007ff9bb4f0000 - 0x00007ff9bb4fe000 	C:\Users\rc\.antigravity\extensions\redhat.java-1.53.0-win32-x64\jre\21.0.10-win32-x86_64\bin\sunmscapi.dll
0x00007ff9e1730000 - 0x00007ff9e18a7000 	C:\WINDOWS\System32\CRYPT32.dll
0x00007ff9e0260000 - 0x00007ff9e0290000 	C:\WINDOWS\SYSTEM32\ncrypt.dll
0x00007ff9e0210000 - 0x00007ff9e024f000 	C:\WINDOWS\SYSTEM32\NTASN1.dll
0x00007ff9c9940000 - 0x00007ff9c9948000 	C:\WINDOWS\system32\wshunix.dll

JVMTI agents:
C:\Users\rc\.gradle\wrapper\dists\gradle-9.0.0-bin\d6wjpkvcgsg3oed0qlfss3wgl\gradle-9.0.0\lib\agents\gradle-instrumentation-agent-9.0.0.jar path:C:\Users\rc\.antigravity\extensions\redhat.java-1.53.0-win32-x64\jre\21.0.10-win32-x86_64\bin\instrument.dll, loaded, initialized, instrumentlib options:none

dbghelp: loaded successfully - version: 4.0.5 - missing functions: none
symbol engine: initialized successfully - sym options: 0x614 - pdb path: .;C:\Users\rc\.antigravity\extensions\redhat.java-1.53.0-win32-x64\jre\21.0.10-win32-x86_64\bin;C:\WINDOWS\SYSTEM32;C:\WINDOWS\WinSxS\amd64_microsoft.windows.common-controls_6595b64144ccf1df_6.0.26100.8037_none_3e092faae333b53b;C:\Users\rc\.antigravity\extensions\redhat.java-1.53.0-win32-x64\jre\21.0.10-win32-x86_64\bin\server;C:\Users\rc\.gradle\native\1def1411415f61bf3af743bc5b6707747c0891f09f0c88961ee8f79bc544acac\windows-amd64;C:\Users\rc\.gradle\native\0.2.8\x86_64-windows-gnu

VM Arguments:
jvm_args: --add-opens=java.base/java.lang=ALL-UNNAMED --add-opens=java.base/java.lang.invoke=ALL-UNNAMED --add-opens=java.base/java.util=ALL-UNNAMED --add-opens=java.prefs/java.util.prefs=ALL-UNNAMED --add-exports=jdk.compiler/com.sun.tools.javac.api=ALL-UNNAMED --add-exports=jdk.compiler/com.sun.tools.javac.util=ALL-UNNAMED --add-opens=java.base/java.util=ALL-UNNAMED --add-opens=java.prefs/java.util.prefs=ALL-UNNAMED --add-opens=java.base/java.nio.charset=ALL-UNNAMED --add-opens=java.base/java.net=ALL-UNNAMED --add-opens=java.base/java.util.concurrent=ALL-UNNAMED --add-opens=java.base/java.util.concurrent.atomic=ALL-UNNAMED --add-opens=java.xml/javax.xml.namespace=ALL-UNNAMED -XX:MaxMetaspaceSize=512m -Xmx2048m -Dfile.encoding=UTF-8 -Duser.country=US -Duser.language=en -Duser.variant -javaagent:C:\Users\rc\.gradle\wrapper\dists\gradle-9.0.0-bin\d6wjpkvcgsg3oed0qlfss3wgl\gradle-9.0.0\lib\agents\gradle-instrumentation-agent-9.0.0.jar 
java_command: org.gradle.launcher.daemon.bootstrap.GradleDaemon 9.0.0
java_class_path (initial): C:\Users\rc\.gradle\wrapper\dists\gradle-9.0.0-bin\d6wjpkvcgsg3oed0qlfss3wgl\gradle-9.0.0\lib\gradle-daemon-main-9.0.0.jar
Launcher Type: SUN_STANDARD

[Global flags]
     intx CICompilerCount                          = 4                                         {product} {ergonomic}
   size_t CompressedClassSpaceSize                 = 436207616                                 {product} {ergonomic}
     uint ConcGCThreads                            = 2                                         {product} {ergonomic}
     uint G1ConcRefinementThreads                  = 8                                         {product} {ergonomic}
   size_t G1HeapRegionSize                         = 1048576                                   {product} {ergonomic}
    uintx GCDrainStackTargetSize                   = 64                                        {product} {ergonomic}
   size_t InitialHeapSize                          = 130023424                                 {product} {ergonomic}
   size_t MarkStackSize                            = 4194304                                   {product} {ergonomic}
   size_t MaxHeapSize                              = 2147483648                                {product} {command line}
   size_t MaxMetaspaceSize                         = 536870912                                 {product} {command line}
   size_t MaxNewSize                               = 1287651328                                {product} {ergonomic}
   size_t MinHeapDeltaBytes                        = 1048576                                   {product} {ergonomic}
   size_t MinHeapSize                              = 8388608                                   {product} {ergonomic}
    uintx NonNMethodCodeHeapSize                   = 5839372                                {pd product} {ergonomic}
    uintx NonProfiledCodeHeapSize                  = 122909434                              {pd product} {ergonomic}
    uintx ProfiledCodeHeapSize                     = 122909434                              {pd product} {ergonomic}
    uintx ReservedCodeCacheSize                    = 251658240                              {pd product} {ergonomic}
     bool SegmentedCodeCache                       = true                                      {product} {ergonomic}
   size_t SoftMaxHeapSize                          = 2147483648                             {manageable} {ergonomic}
     bool UseCompressedOops                        = true                           {product lp64_product} {ergonomic}
     bool UseG1GC                                  = true                                      {product} {ergonomic}
     bool UseLargePagesIndividualAllocation        = false                                  {pd product} {ergonomic}

Logging:
Log output configuration:
 #0: stdout all=warning uptime,level,tags foldmultilines=false
 #1: stderr all=off uptime,level,tags foldmultilines=false

Release file:
JAVA_VERSION="21.0.10" 
MODULES="java.base java.compiler java.datatransfer java.xml java.prefs java.desktop java.instrument java.logging java.management java.security.sasl java.naming java.rmi java.management.rmi java.net.http java.scripting java.security.jgss java.transaction.xa java.sql java.sql.rowset java.xml.crypto java.se java.smartcardio jdk.accessibility jdk.internal.jvmstat jdk.attach jdk.charsets jdk.internal.opt jdk.zipfs jdk.compiler jdk.crypto.ec jdk.crypto.cryptoki jdk.crypto.mscapi jdk.dynalink jdk.internal.ed jdk.editpad jdk.hotspot.agent jdk.httpserver jdk.internal.le jdk.internal.vm.ci jdk.internal.vm.compiler jdk.internal.vm.compiler.management jdk.jartool jdk.javadoc jdk.jcmd jdk.management jdk.management.agent jdk.jconsole jdk.jdeps jdk.jdwp.agent jdk.jdi jdk.jfr jdk.jshell jdk.jsobject jdk.jstatd jdk.localedata jdk.management.jfr jdk.naming.dns jdk.naming.rmi jdk.net jdk.nio.mapmode jdk.random jdk.sctp jdk.security.auth jdk.security.jgss jdk.unsupported jdk.unsupported.desktop jdk.xml.dom" 

Environment Variables:
JAVA_HOME=C:\Program Files\Microsoft\jdk-17.0.17.10-hotspot\
PATH=C:\Program Files\Microsoft\jdk-17.0.17.10-hotspot\bin;C:\WINDOWS\system32;C:\WINDOWS;C:\WINDOWS\System32\Wbem;C:\WINDOWS\System32\WindowsPowerShell\v1.0\;C:\WINDOWS\System32\OpenSSH\;C:\Users\rc\Downloads\platform-tools-latest-windows\platform-tools;C:\ProgramData\chocolatey\bin;C:\Program Files\nodejs\;C:\Users\rc\AppData\Local\Android\Sdk\platform-tools;C:\Program Files\MySQL\MySQL Server 8.0\bin;C:\Users\rc\AppData\Local\Programs\Microsoft VS Code\bin;C:\Program Files\Git\cmd;C:\Users\rc\AppData\Local\Microsoft\WindowsApps;C:\Users\rc\AppData\Local\Programs\Microsoft VS Code\bin;C:\Users\rc\AppData\Roaming\npm;C:\Users\rc\AppData\Local\Android\Sdk\platform-tools;C:\Users\rc\AppData\Local\Programs\Antigravity\bin
USERNAME=rc
OS=Windows_NT
PROCESSOR_IDENTIFIER=Intel64 Family 6 Model 142 Stepping 12, GenuineIntel
TMP=C:\Users\rc\AppData\Local\Temp
TEMP=C:\Users\rc\AppData\Local\Temp




Periodic native trim disabled

---------------  S Y S T E M  ---------------

OS:
 Windows 11 , 64 bit Build 26100 (10.0.26100.7920)
OS uptime: 0 days 0:47 hours
Hyper-V role detected

CPU: total 8 (initial active 8) (4 cores per cpu, 2 threads per core) family 6 model 142 stepping 12 microcode 0xfa, cx8, cmov, fxsr, ht, mmx, 3dnowpref, sse, sse2, sse3, ssse3, sse4.1, sse4.2, popcnt, lzcnt, tsc, tscinvbit, avx, avx2, aes, erms, clmul, bmi1, bmi2, adx, fma, vzeroupper, clflush, clflushopt, hv, rdtscp, f16c
Processor Information for processor 0
  Max Mhz: 1901, Current Mhz: 1500, Mhz Limit: 1901
Processor Information for processor 1
  Max Mhz: 1901, Current Mhz: 1500, Mhz Limit: 1901
Processor Information for processor 2
  Max Mhz: 1901, Current Mhz: 1500, Mhz Limit: 1901
Processor Information for processor 3
  Max Mhz: 1901, Current Mhz: 1600, Mhz Limit: 1901
Processor Information for processor 4
  Max Mhz: 1901, Current Mhz: 1600, Mhz Limit: 1901
Processor Information for processor 5
  Max Mhz: 1901, Current Mhz: 1500, Mhz Limit: 1901
Processor Information for processor 6
  Max Mhz: 1901, Current Mhz: 1500, Mhz Limit: 1901
Processor Information for processor 7
  Max Mhz: 1901, Current Mhz: 1500, Mhz Limit: 1901

Memory: 4k page, system-wide physical 7928M (1473M free)
TotalPageFile size 7928M (AvailPageFile size 29M)
current process WorkingSet (physical memory assigned to process): 307M, peak: 324M
current process commit charge ("private bytes"): 349M, peak: 366M

vm_info: OpenJDK 64-Bit Server VM (21.0.10+7-LTS) for windows-amd64 JRE (21.0.10+7-LTS), built on 2026-01-20T00:00:00Z by "admin" with MS VC++ 17.12 (VS2022)

END.
