#
# There is insufficient memory for the Java Runtime Environment to continue.
# Native memory allocation (malloc) failed to allocate 131856 bytes. Error detail: Chunk::new
# Possible reasons:
#   The system is out of physical RAM or swap space
#   This process is running with CompressedOops enabled, and the Java Heap may be blocking the growth of the native heap
# Possible solutions:
#   Reduce memory load on the system
#   Increase physical memory or swap space
#   Check if swap backing store is full
#   Decrease Java heap size (-Xmx/-Xms)
#   Decrease number of Java threads
#   Decrease Java thread stack sizes (-Xss)
#   Set larger code cache with -XX:ReservedCodeCacheSize=
#   JVM is running with Unscaled Compressed Oops mode in which the Java heap is
#     placed in the first 4GB address space. The Java Heap base address is the
#     maximum limit for the native heap growth. Please use -XX:HeapBaseMinAddress
#     to set the Java Heap base and to place the Java Heap above 4GB virtual address.
# This output file may be truncated or incomplete.
#
#  Out of Memory Error (arena.cpp:191), pid=3612, tid=7812
#
# JRE version: OpenJDK Runtime Environment Microsoft-12574423 (17.0.17+10) (build 17.0.17+10-LTS)
# Java VM: OpenJDK 64-Bit Server VM Microsoft-12574423 (17.0.17+10-LTS, mixed mode, sharing, tiered, compressed oops, compressed class ptrs, g1 gc, windows-amd64)
# No core dump will be written. Minidumps are not enabled by default on client versions of Windows
#

---------------  S U M M A R Y ------------

Command Line: --add-opens=java.base/java.lang=ALL-UNNAMED --add-opens=java.base/java.lang.invoke=ALL-UNNAMED --add-opens=java.base/java.util=ALL-UNNAMED --add-opens=java.prefs/java.util.prefs=ALL-UNNAMED --add-exports=jdk.compiler/com.sun.tools.javac.api=ALL-UNNAMED --add-exports=jdk.compiler/com.sun.tools.javac.util=ALL-UNNAMED --add-opens=java.base/java.util=ALL-UNNAMED --add-opens=java.prefs/java.util.prefs=ALL-UNNAMED --add-opens=java.base/java.nio.charset=ALL-UNNAMED --add-opens=java.base/java.net=ALL-UNNAMED --add-opens=java.base/java.util.concurrent=ALL-UNNAMED --add-opens=java.base/java.util.concurrent.atomic=ALL-UNNAMED --add-opens=java.xml/javax.xml.namespace=ALL-UNNAMED -XX:MaxMetaspaceSize=512m -Xmx2048m -Dfile.encoding=UTF-8 -Duser.country=US -Duser.language=en -Duser.variant -javaagent:C:\Users\rc\.gradle\wrapper\dists\gradle-9.0.0-bin\d6wjpkvcgsg3oed0qlfss3wgl\gradle-9.0.0\lib\agents\gradle-instrumentation-agent-9.0.0.jar org.gradle.launcher.daemon.bootstrap.GradleDaemon 9.0.0

Host: Intel(R) Core(TM) i5-8365U CPU @ 1.60GHz, 8 cores, 7G,  Windows 11 , 64 bit Build 26100 (10.0.26100.7920)
Time: Wed Apr  1 13:02:36 2026 India Standard Time elapsed time: 28.009790 seconds (0d 0h 0m 28s)

---------------  T H R E A D  ---------------

Current thread (0x00000224231b3620):  JavaThread "C2 CompilerThread2" daemon [_thread_in_native, id=7812, stack(0x000000c982900000,0x000000c982a00000)]


Current CompileTask:
C2:28010 8257   !   4       java.io.ObjectOutputStream::writeOrdinaryObject (196 bytes)

Stack: [0x000000c982900000,0x000000c982a00000]
Native frames: (J=compiled Java code, j=interpreted, Vv=VM code, C=native code)
V  [jvm.dll+0x68c459]  (no source info available)
V  [jvm.dll+0x845e09]  (no source info available)
V  [jvm.dll+0x847b78]  (no source info available)
V  [jvm.dll+0x848203]  (no source info available)
V  [jvm.dll+0x24cf6f]  (no source info available)
V  [jvm.dll+0xaecb6]  (no source info available)
V  [jvm.dll+0xaf35c]  (no source info available)
V  [jvm.dll+0x37152f]  (no source info available)
V  [jvm.dll+0x1c057a]  (no source info available)
V  [jvm.dll+0x21e080]  (no source info available)
V  [jvm.dll+0x21d36d]  (no source info available)
V  [jvm.dll+0x1a8ce6]  (no source info available)
V  [jvm.dll+0x22db1b]  (no source info available)
V  [jvm.dll+0x22bca6]  (no source info available)
V  [jvm.dll+0x7fb65b]  (no source info available)
V  [jvm.dll+0x7f5a5c]  (no source info available)
V  [jvm.dll+0x68d9f7]  (no source info available)
C  [ucrtbase.dll+0x37b0]  (no source info available)
C  [KERNEL32.DLL+0x2e8d7]  (no source info available)
C  [ntdll.dll+0x8c48c]  (no source info available)


---------------  P R O C E S S  ---------------

Threads class SMR info:
_java_thread_list=0x0000022422f549a0, length=68, elements={
0x0000022460cdad80, 0x000002247f1d46b0, 0x000002247f1d7910, 0x000002247f1f04e0,
0x000002247f1f09c0, 0x000002247f1f1a10, 0x000002247f1f6a70, 0x000002247f1f7df0,
0x000002247f219a10, 0x000002247f1f8710, 0x000002247f1bef90, 0x000002247f46b660,
0x000002241ff67440, 0x000002241ffeb550, 0x000002241f98e6e0, 0x000002247f92a110,
0x000002247f92a5f0, 0x000002241f341680, 0x000002241fe8bd80, 0x000002241fe8b360,
0x000002241fe89a10, 0x000002241fe8c290, 0x000002241fe8ae50, 0x000002241fe8c7a0,
0x000002241fe8ccb0, 0x000002241fe8d1c0, 0x000002241fe89f20, 0x000002241fe8a430,
0x000002241fe8b870, 0x0000022420f11a00, 0x0000022420f0fba0, 0x0000022420f11f10,
0x0000022420f10ad0, 0x0000022420f10fe0, 0x0000022420f0e760, 0x0000022420f114f0,
0x000002242444dc70, 0x000002242444c830, 0x000002242444a9d0, 0x000002242444aee0,
0x000002242444d250, 0x000002242444b3f0, 0x000002242444b900, 0x000002242444d760,
0x000002242444c320, 0x000002242444cd40, 0x000002241fe8a940, 0x0000022420a83f10,
0x0000022420a81180, 0x0000022420a84420, 0x0000022420a82fe0, 0x0000022420a84930,
0x0000022420a81690, 0x0000022420a83a00, 0x0000022420a834f0, 0x0000022420a825c0,
0x0000022420a81ba0, 0x0000022420a82ad0, 0x0000022420a84e40, 0x0000022420a85350,
0x0000022420a85860, 0x0000022420a820b0, 0x0000022420a880e0, 0x0000022420a88b00,
0x0000022420a871b0, 0x0000022420a885f0, 0x00000224231b30d0, 0x00000224231b3620
}

Java Threads: ( => current thread )
  0x0000022460cdad80 JavaThread "main" [_thread_blocked, id=2184, stack(0x000000c9fd500000,0x000000c9fd600000)]
  0x000002247f1d46b0 JavaThread "Reference Handler" daemon [_thread_blocked, id=11408, stack(0x000000c9fdc00000,0x000000c9fdd00000)]
  0x000002247f1d7910 JavaThread "Finalizer" daemon [_thread_blocked, id=9388, stack(0x000000c9fdd00000,0x000000c9fde00000)]
  0x000002247f1f04e0 JavaThread "Signal Dispatcher" daemon [_thread_blocked, id=15232, stack(0x000000c9fde00000,0x000000c9fdf00000)]
  0x000002247f1f09c0 JavaThread "Attach Listener" daemon [_thread_blocked, id=10464, stack(0x000000c9fdf00000,0x000000c9fe000000)]
  0x000002247f1f1a10 JavaThread "Service Thread" daemon [_thread_blocked, id=11928, stack(0x000000c9fe000000,0x000000c9fe100000)]
  0x000002247f1f6a70 JavaThread "Monitor Deflation Thread" daemon [_thread_blocked, id=13744, stack(0x000000c9fe100000,0x000000c9fe200000)]
  0x000002247f1f7df0 JavaThread "C2 CompilerThread0" daemon [_thread_in_native, id=16076, stack(0x000000c9fe200000,0x000000c9fe300000)]
  0x000002247f219a10 JavaThread "C1 CompilerThread0" daemon [_thread_in_vm, id=16640, stack(0x000000c9fe300000,0x000000c9fe400000)]
  0x000002247f1f8710 JavaThread "Sweeper thread" daemon [_thread_blocked, id=14904, stack(0x000000c9fe400000,0x000000c9fe500000)]
  0x000002247f1bef90 JavaThread "Common-Cleaner" daemon [_thread_blocked, id=11108, stack(0x000000c9fe500000,0x000000c9fe600000)]
  0x000002247f46b660 JavaThread "Notification Thread" daemon [_thread_blocked, id=12560, stack(0x000000c9fe600000,0x000000c9fe700000)]
  0x000002241ff67440 JavaThread "Daemon health stats" [_thread_blocked, id=12224, stack(0x000000c9fed00000,0x000000c9fee00000)]
  0x000002241ffeb550 JavaThread "Incoming local TCP Connector on port 62085" [_thread_in_native, id=1356, stack(0x000000c9fe800000,0x000000c9fe900000)]
  0x000002241f98e6e0 JavaThread "Daemon periodic checks" [_thread_blocked, id=6640, stack(0x000000c9fee00000,0x000000c9fef00000)]
  0x000002247f92a110 JavaThread "Daemon" [_thread_blocked, id=12764, stack(0x000000c9ff000000,0x000000c9ff100000)]
  0x000002247f92a5f0 JavaThread "Handler for socket connection from /127.0.0.1:62085 to /127.0.0.1:62086" [_thread_in_native, id=15184, stack(0x000000c9ff100000,0x000000c9ff200000)]
  0x000002241f341680 JavaThread "Cancel handler" [_thread_blocked, id=10484, stack(0x000000c9ff200000,0x000000c9ff300000)]
  0x000002241fe8bd80 JavaThread "Daemon worker" [_thread_in_Java, id=10708, stack(0x000000c9fef00000,0x000000c9ff000000)]
  0x000002241fe8b360 JavaThread "Asynchronous log dispatcher for DefaultDaemonConnection: socket connection from /127.0.0.1:62085 to /127.0.0.1:62086" [_thread_blocked, id=10424, stack(0x000000c9ff300000,0x000000c9ff400000)]
  0x000002241fe89a10 JavaThread "Stdin handler" [_thread_blocked, id=12668, stack(0x000000c9ff400000,0x000000c9ff500000)]
  0x000002241fe8c290 JavaThread "Daemon client event forwarder" [_thread_blocked, id=1248, stack(0x000000c9ff500000,0x000000c9ff600000)]
  0x000002241fe8ae50 JavaThread "Cache worker for journal cache (C:\Users\rc\.gradle\caches\journal-1)" [_thread_blocked, id=6672, stack(0x000000c9ff600000,0x000000c9ff700000)]
  0x000002241fe8c7a0 JavaThread "File lock request listener" [_thread_in_native, id=10760, stack(0x000000c9ff700000,0x000000c9ff800000)]
  0x000002241fe8ccb0 JavaThread "Cache worker for file hash cache (C:\Users\rc\.gradle\caches\9.0.0\fileHashes)" [_thread_blocked, id=15776, stack(0x000000c9ff900000,0x000000c9ffa00000)]
  0x000002241fe8d1c0 JavaThread "Cache worker for file hash cache (D:\Aman\RMSApp\android\.gradle\9.0.0\fileHashes)" [_thread_blocked, id=4120, stack(0x000000c9ffe00000,0x000000c9fff00000)]
  0x000002241fe89f20 JavaThread "Cache worker for Build Output Cleanup Cache (D:\Aman\RMSApp\android\.gradle\buildOutputCleanup)" [_thread_blocked, id=12568, stack(0x000000c9fff00000,0x000000ca00000000)]
  0x000002241fe8a430 JavaThread "File watcher server" daemon [_thread_in_native, id=6540, stack(0x000000c980100000,0x000000c980200000)]
  0x000002241fe8b870 JavaThread "File watcher consumer" daemon [_thread_blocked, id=14304, stack(0x000000c980200000,0x000000c980300000)]
  0x0000022420f11a00 JavaThread "Cache worker for checksums cache (D:\Aman\RMSApp\android\.gradle\9.0.0\checksums)" [_thread_blocked, id=12728, stack(0x000000c980000000,0x000000c980100000)]
  0x0000022420f0fba0 JavaThread "Cache worker for file content cache (C:\Users\rc\.gradle\caches\9.0.0\fileContent)" [_thread_blocked, id=16924, stack(0x000000c980300000,0x000000c980400000)]
  0x0000022420f11f10 JavaThread "Cache worker for cache directory md-supplier (C:\Users\rc\.gradle\caches\9.0.0\md-supplier)" [_thread_blocked, id=13532, stack(0x000000c980600000,0x000000c980700000)]
  0x0000022420f10ad0 JavaThread "Cache worker for cache directory md-rule (C:\Users\rc\.gradle\caches\9.0.0\md-rule)" [_thread_blocked, id=5968, stack(0x000000c980700000,0x000000c980800000)]
  0x0000022420f10fe0 JavaThread "jar transforms" [_thread_blocked, id=10256, stack(0x000000c980800000,0x000000c980900000)]
  0x0000022420f0e760 JavaThread "jar transforms Thread 2" [_thread_blocked, id=16172, stack(0x000000c980900000,0x000000c980a00000)]
  0x0000022420f114f0 JavaThread "jar transforms Thread 3" [_thread_blocked, id=3424, stack(0x000000c980b00000,0x000000c980c00000)]
  0x000002242444dc70 JavaThread "Cache worker for Build Output Cleanup Cache (D:\Aman\RMSApp\node_modules\@react-native\gradle-plugin\.gradle\buildOutputCleanup)" [_thread_blocked, id=15864, stack(0x000000c980c00000,0x000000c980d00000)]
  0x000002242444c830 JavaThread "Unconstrained build operations" [_thread_blocked, id=7908, stack(0x000000c980d00000,0x000000c980e00000)]
  0x000002242444a9d0 JavaThread "Unconstrained build operations Thread 2" [_thread_blocked, id=6572, stack(0x000000c980e00000,0x000000c980f00000)]
  0x000002242444aee0 JavaThread "Unconstrained build operations Thread 3" [_thread_blocked, id=13804, stack(0x000000c980f00000,0x000000c981000000)]
  0x000002242444d250 JavaThread "Unconstrained build operations Thread 4" [_thread_blocked, id=14836, stack(0x000000c981000000,0x000000c981100000)]
  0x000002242444b3f0 JavaThread "Unconstrained build operations Thread 5" [_thread_blocked, id=12260, stack(0x000000c981100000,0x000000c981200000)]
  0x000002242444b900 JavaThread "Unconstrained build operations Thread 6" [_thread_blocked, id=5556, stack(0x000000c981200000,0x000000c981300000)]
  0x000002242444d760 JavaThread "Unconstrained build operations Thread 7" [_thread_blocked, id=8188, stack(0x000000c981300000,0x000000c981400000)]
  0x000002242444c320 JavaThread "Unconstrained build operations Thread 8" [_thread_blocked, id=5320, stack(0x000000c981400000,0x000000c981500000)]
  0x000002242444cd40 JavaThread "Unconstrained build operations Thread 9" [_thread_blocked, id=14324, stack(0x000000c981500000,0x000000c981600000)]
  0x000002241fe8a940 JavaThread "Unconstrained build operations Thread 10" [_thread_blocked, id=16860, stack(0x000000c981600000,0x000000c981700000)]
  0x0000022420a83f10 JavaThread "Unconstrained build operations Thread 11" [_thread_blocked, id=17172, stack(0x000000c981700000,0x000000c981800000)]
  0x0000022420a81180 JavaThread "Unconstrained build operations Thread 12" [_thread_blocked, id=1644, stack(0x000000c981800000,0x000000c981900000)]
  0x0000022420a84420 JavaThread "Unconstrained build operations Thread 13" [_thread_blocked, id=2992, stack(0x000000c981900000,0x000000c981a00000)]
  0x0000022420a82fe0 JavaThread "Unconstrained build operations Thread 14" [_thread_blocked, id=10996, stack(0x000000c981a00000,0x000000c981b00000)]
  0x0000022420a84930 JavaThread "Unconstrained build operations Thread 15" [_thread_blocked, id=14328, stack(0x000000c981b00000,0x000000c981c00000)]
  0x0000022420a81690 JavaThread "Unconstrained build operations Thread 16" [_thread_blocked, id=7240, stack(0x000000c981c00000,0x000000c981d00000)]
  0x0000022420a83a00 JavaThread "Unconstrained build operations Thread 17" [_thread_blocked, id=8716, stack(0x000000c981d00000,0x000000c981e00000)]
  0x0000022420a834f0 JavaThread "Unconstrained build operations Thread 18" [_thread_blocked, id=6716, stack(0x000000c981e00000,0x000000c981f00000)]
  0x0000022420a825c0 JavaThread "Unconstrained build operations Thread 19" [_thread_blocked, id=13676, stack(0x000000c981f00000,0x000000c982000000)]
  0x0000022420a81ba0 JavaThread "Unconstrained build operations Thread 20" [_thread_blocked, id=6464, stack(0x000000c982000000,0x000000c982100000)]
  0x0000022420a82ad0 JavaThread "Unconstrained build operations Thread 21" [_thread_blocked, id=16992, stack(0x000000c982100000,0x000000c982200000)]
  0x0000022420a84e40 JavaThread "Unconstrained build operations Thread 22" [_thread_blocked, id=2832, stack(0x000000c982200000,0x000000c982300000)]
  0x0000022420a85350 JavaThread "Unconstrained build operations Thread 23" [_thread_blocked, id=7868, stack(0x000000c982300000,0x000000c982400000)]
  0x0000022420a85860 JavaThread "Unconstrained build operations Thread 24" [_thread_blocked, id=8720, stack(0x000000c982400000,0x000000c982500000)]
  0x0000022420a820b0 JavaThread "Unconstrained build operations Thread 25" [_thread_blocked, id=7120, stack(0x000000c982500000,0x000000c982600000)]
  0x0000022420a880e0 JavaThread "Unconstrained build operations Thread 26" [_thread_blocked, id=9720, stack(0x000000c982600000,0x000000c982700000)]
  0x0000022420a88b00 JavaThread "Unconstrained build operations Thread 27" [_thread_blocked, id=11496, stack(0x000000c982700000,0x000000c982800000)]
  0x0000022420a871b0 JavaThread "build event listener" [_thread_blocked, id=4924, stack(0x000000c980500000,0x000000c980600000)]
  0x0000022420a885f0 JavaThread "Memory manager" [_thread_blocked, id=10052, stack(0x000000c980400000,0x000000c980500000)]
  0x00000224231b30d0 JavaThread "C2 CompilerThread1" daemon [_thread_in_native, id=10728, stack(0x000000c982800000,0x000000c982900000)]
=>0x00000224231b3620 JavaThread "C2 CompilerThread2" daemon [_thread_in_native, id=7812, stack(0x000000c982900000,0x000000c982a00000)]

Other Threads:
  0x000002247f1ceb40 VMThread "VM Thread" [stack: 0x000000c9fdb00000,0x000000c9fdc00000] [id=4184]
  0x000002247f46dba0 WatcherThread [stack: 0x000000c9fe700000,0x000000c9fe800000] [id=11424]
  0x0000022460d39ab0 GCTaskThread "GC Thread#0" [stack: 0x000000c9fd600000,0x000000c9fd700000] [id=12320]
  0x000002247f6b5e50 GCTaskThread "GC Thread#1" [stack: 0x000000c9fea00000,0x000000c9feb00000] [id=15672]
  0x000002247f82e420 GCTaskThread "GC Thread#2" [stack: 0x000000c9feb00000,0x000000c9fec00000] [id=14588]
  0x000002241f26c590 GCTaskThread "GC Thread#3" [stack: 0x000000c9fe900000,0x000000c9fea00000] [id=14908]
  0x000002247f818510 GCTaskThread "GC Thread#4" [stack: 0x000000c9fec00000,0x000000c9fed00000] [id=15488]
  0x000002241f80c420 GCTaskThread "GC Thread#5" [stack: 0x000000c9ff800000,0x000000c9ff900000] [id=976]
  0x000002241f80a800 GCTaskThread "GC Thread#6" [stack: 0x000000c9ffa00000,0x000000c9ffb00000] [id=980]
  0x000002241f80ada0 GCTaskThread "GC Thread#7" [stack: 0x000000c9ffb00000,0x000000c9ffc00000] [id=7776]
  0x0000022460d4aa80 ConcurrentGCThread "G1 Main Marker" [stack: 0x000000c9fd700000,0x000000c9fd800000] [id=13740]
  0x0000022460d4cdd0 ConcurrentGCThread "G1 Conc#0" [stack: 0x000000c9fd800000,0x000000c9fd900000] [id=15112]
  0x000002241f80c150 ConcurrentGCThread "G1 Conc#1" [stack: 0x000000c9ffd00000,0x000000c9ffe00000] [id=6356]
  0x0000022460d8e030 ConcurrentGCThread "G1 Refine#0" [stack: 0x000000c9fd900000,0x000000c9fda00000] [id=3836]
  0x0000022421eb5250 ConcurrentGCThread "G1 Refine#1" [stack: 0x000000c980a00000,0x000000c980b00000] [id=14640]
  0x0000022460d8e430 ConcurrentGCThread "G1 Service" [stack: 0x000000c9fda00000,0x000000c9fdb00000] [id=2168]

Threads with active compile tasks:
C2 CompilerThread0  28090 8258       4       java.io.ObjectOutputStream::writeNonProxyDesc (109 bytes)
C2 CompilerThread1  28090 8256   !   4       java.io.ObjectOutputStream::writeObject0 (620 bytes)
C2 CompilerThread2  28090 8257   !   4       java.io.ObjectOutputStream::writeOrdinaryObject (196 bytes)

VM state: not at safepoint (normal execution)

VM Mutex/Monitor currently owned by a thread: None

Heap address: 0x0000000080000000, size: 2048 MB, Compressed Oops mode: 32-bit

CDS archive(s) mapped at: [0x0000022400000000-0x0000022400bb0000-0x0000022400bb0000), size 12255232, SharedBaseAddress: 0x0000022400000000, ArchiveRelocationMode: 1.
Compressed class space mapped at: 0x0000022401000000-0x000002241b000000, reserved size: 436207616
Narrow klass base: 0x0000022400000000, Narrow klass shift: 0, Narrow klass range: 0x100000000

GC Precious Log:
 CPUs: 8 total, 8 available
 Memory: 7928M
 Large Page Support: Disabled
 NUMA Support: Disabled
 Compressed Oops: Enabled (32-bit)
 Heap Region Size: 1M
 Heap Min Capacity: 8M
 Heap Initial Capacity: 124M
 Heap Max Capacity: 2G
 Pre-touch: Disabled
 Parallel Workers: 8
 Concurrent Workers: 2
 Concurrent Refinement Workers: 8
 Periodic GC: Disabled

Heap:
 garbage-first heap   total 202752K, used 66852K [0x0000000080000000, 0x0000000100000000)
  region size 1024K, 8 young (8192K), 3 survivors (3072K)
 Metaspace       used 65604K, committed 66560K, reserved 491520K
  class space    used 9416K, committed 9856K, reserved 425984K

Heap Regions: E=young(eden), S=young(survivor), O=old, HS=humongous(starts), HC=humongous(continues), CS=collection set, F=free, OA=open archive, CA=closed archive, TAMS=top-at-mark-start (previous, next)
|   0|0x0000000080000000, 0x0000000080100000, 0x0000000080100000|100%|HS|  |TAMS 0x0000000080100000, 0x0000000080000000| Complete 
|   1|0x0000000080100000, 0x0000000080200000, 0x0000000080200000|100%|HC|  |TAMS 0x0000000080200000, 0x0000000080100000| Complete 
|   2|0x0000000080200000, 0x0000000080300000, 0x0000000080300000|100%|HC|  |TAMS 0x0000000080300000, 0x0000000080200000| Complete 
|   3|0x0000000080300000, 0x0000000080400000, 0x0000000080400000|100%| O|  |TAMS 0x0000000080400000, 0x0000000080300000| Untracked 
|   4|0x0000000080400000, 0x0000000080500000, 0x0000000080500000|100%| O|  |TAMS 0x0000000080500000, 0x0000000080400000| Untracked 
|   5|0x0000000080500000, 0x0000000080600000, 0x0000000080600000|100%| O|  |TAMS 0x0000000080600000, 0x0000000080500000| Untracked 
|   6|0x0000000080600000, 0x0000000080700000, 0x0000000080700000|100%|HS|  |TAMS 0x0000000080700000, 0x0000000080600000| Complete 
|   7|0x0000000080700000, 0x0000000080800000, 0x0000000080800000|100%| O|  |TAMS 0x0000000080800000, 0x0000000080700000| Untracked 
|   8|0x0000000080800000, 0x0000000080900000, 0x0000000080900000|100%| O|  |TAMS 0x0000000080900000, 0x0000000080800000| Untracked 
|   9|0x0000000080900000, 0x0000000080a00000, 0x0000000080a00000|100%| O|  |TAMS 0x0000000080a00000, 0x0000000080900000| Untracked 
|  10|0x0000000080a00000, 0x0000000080b00000, 0x0000000080b00000|100%| O|  |TAMS 0x0000000080b00000, 0x0000000080a00000| Untracked 
|  11|0x0000000080b00000, 0x0000000080c00000, 0x0000000080c00000|100%| O|  |TAMS 0x0000000080c00000, 0x0000000080b00000| Untracked 
|  12|0x0000000080c00000, 0x0000000080d00000, 0x0000000080d00000|100%| O|  |TAMS 0x0000000080d00000, 0x0000000080c00000| Untracked 
|  13|0x0000000080d00000, 0x0000000080e00000, 0x0000000080e00000|100%| O|  |TAMS 0x0000000080e00000, 0x0000000080d00000| Untracked 
|  14|0x0000000080e00000, 0x0000000080f00000, 0x0000000080f00000|100%| O|  |TAMS 0x0000000080f00000, 0x0000000080e00000| Untracked 
|  15|0x0000000080f00000, 0x0000000081000000, 0x0000000081000000|100%| O|  |TAMS 0x0000000081000000, 0x0000000080f00000| Untracked 
|  16|0x0000000081000000, 0x0000000081100000, 0x0000000081100000|100%| O|  |TAMS 0x0000000081100000, 0x0000000081000000| Untracked 
|  17|0x0000000081100000, 0x0000000081200000, 0x0000000081200000|100%| O|  |TAMS 0x0000000081200000, 0x0000000081100000| Untracked 
|  18|0x0000000081200000, 0x0000000081300000, 0x0000000081300000|100%| O|  |TAMS 0x0000000081300000, 0x0000000081200000| Untracked 
|  19|0x0000000081300000, 0x0000000081400000, 0x0000000081400000|100%| O|  |TAMS 0x0000000081400000, 0x0000000081300000| Untracked 
|  20|0x0000000081400000, 0x0000000081500000, 0x0000000081500000|100%| O|  |TAMS 0x0000000081500000, 0x0000000081400000| Untracked 
|  21|0x0000000081500000, 0x0000000081600000, 0x0000000081600000|100%| O|  |TAMS 0x0000000081600000, 0x0000000081500000| Untracked 
|  22|0x0000000081600000, 0x0000000081700000, 0x0000000081700000|100%| O|  |TAMS 0x0000000081700000, 0x0000000081600000| Untracked 
|  23|0x0000000081700000, 0x0000000081800000, 0x0000000081800000|100%| O|  |TAMS 0x0000000081800000, 0x0000000081700000| Untracked 
|  24|0x0000000081800000, 0x0000000081900000, 0x0000000081900000|100%| O|  |TAMS 0x0000000081900000, 0x0000000081800000| Untracked 
|  25|0x0000000081900000, 0x0000000081a00000, 0x0000000081a00000|100%| O|  |TAMS 0x0000000081a00000, 0x0000000081900000| Untracked 
|  26|0x0000000081a00000, 0x0000000081b00000, 0x0000000081b00000|100%| O|  |TAMS 0x0000000081b00000, 0x0000000081a00000| Untracked 
|  27|0x0000000081b00000, 0x0000000081c00000, 0x0000000081c00000|100%| O|  |TAMS 0x0000000081c00000, 0x0000000081b00000| Untracked 
|  28|0x0000000081c00000, 0x0000000081d00000, 0x0000000081d00000|100%| O|  |TAMS 0x0000000081d00000, 0x0000000081c00000| Untracked 
|  29|0x0000000081d00000, 0x0000000081e00000, 0x0000000081e00000|100%| O|  |TAMS 0x0000000081e00000, 0x0000000081d00000| Untracked 
|  30|0x0000000081e00000, 0x0000000081f00000, 0x0000000081f00000|100%| O|  |TAMS 0x0000000081f00000, 0x0000000081e00000| Untracked 
|  31|0x0000000081f00000, 0x0000000082000000, 0x0000000082000000|100%| O|  |TAMS 0x0000000082000000, 0x0000000081f00000| Untracked 
|  32|0x0000000082000000, 0x0000000082100000, 0x0000000082100000|100%| O|  |TAMS 0x0000000082100000, 0x0000000082000000| Untracked 
|  33|0x0000000082100000, 0x0000000082200000, 0x0000000082200000|100%| O|  |TAMS 0x0000000082200000, 0x0000000082100000| Untracked 
|  34|0x0000000082200000, 0x0000000082300000, 0x0000000082300000|100%| O|  |TAMS 0x0000000082300000, 0x0000000082200000| Untracked 
|  35|0x0000000082300000, 0x0000000082300000, 0x0000000082400000|  0%| F|  |TAMS 0x0000000082300000, 0x0000000082300000| Untracked 
|  36|0x0000000082400000, 0x0000000082500000, 0x0000000082500000|100%|HS|  |TAMS 0x0000000082500000, 0x0000000082400000| Complete 
|  37|0x0000000082500000, 0x0000000082600000, 0x0000000082600000|100%|HC|  |TAMS 0x0000000082600000, 0x0000000082500000| Complete 
|  38|0x0000000082600000, 0x0000000082700000, 0x0000000082700000|100%|HC|  |TAMS 0x0000000082700000, 0x0000000082600000| Complete 
|  39|0x0000000082700000, 0x0000000082800000, 0x0000000082800000|100%|HS|  |TAMS 0x0000000082800000, 0x0000000082700000| Complete 
|  40|0x0000000082800000, 0x0000000082900000, 0x0000000082900000|100%|HC|  |TAMS 0x0000000082900000, 0x0000000082800000| Complete 
|  41|0x0000000082900000, 0x0000000082a00000, 0x0000000082a00000|100%|HC|  |TAMS 0x0000000082a00000, 0x0000000082900000| Complete 
|  42|0x0000000082a00000, 0x0000000082b00000, 0x0000000082b00000|100%| O|  |TAMS 0x0000000082b00000, 0x0000000082a00000| Untracked 
|  43|0x0000000082b00000, 0x0000000082c00000, 0x0000000082c00000|100%| O|  |TAMS 0x0000000082c00000, 0x0000000082b00000| Untracked 
|  44|0x0000000082c00000, 0x0000000082d00000, 0x0000000082d00000|100%| O|  |TAMS 0x0000000082d00000, 0x0000000082c00000| Untracked 
|  45|0x0000000082d00000, 0x0000000082e00000, 0x0000000082e00000|100%| O|  |TAMS 0x0000000082e00000, 0x0000000082d00000| Untracked 
|  46|0x0000000082e00000, 0x0000000082f00000, 0x0000000082f00000|100%| O|  |TAMS 0x0000000082f00000, 0x0000000082e00000| Untracked 
|  47|0x0000000082f00000, 0x0000000083000000, 0x0000000083000000|100%| O|  |TAMS 0x0000000083000000, 0x0000000082f00000| Untracked 
|  48|0x0000000083000000, 0x0000000083100000, 0x0000000083100000|100%| O|  |TAMS 0x0000000083100000, 0x0000000083000000| Untracked 
|  49|0x0000000083100000, 0x0000000083200000, 0x0000000083200000|100%| O|  |TAMS 0x0000000083200000, 0x0000000083100000| Untracked 
|  50|0x0000000083200000, 0x0000000083300000, 0x0000000083300000|100%| O|  |TAMS 0x0000000083300000, 0x0000000083200000| Complete 
|  51|0x0000000083300000, 0x0000000083400000, 0x0000000083400000|100%| O|  |TAMS 0x0000000083400000, 0x0000000083300000| Untracked 
|  52|0x0000000083400000, 0x0000000083500000, 0x0000000083500000|100%| O|  |TAMS 0x0000000083500000, 0x0000000083400000| Untracked 
|  53|0x0000000083500000, 0x0000000083600000, 0x0000000083600000|100%| O|  |TAMS 0x0000000083600000, 0x0000000083500000| Untracked 
|  54|0x0000000083600000, 0x0000000083700000, 0x0000000083700000|100%| O|  |TAMS 0x0000000083700000, 0x0000000083600000| Untracked 
|  55|0x0000000083700000, 0x0000000083800000, 0x0000000083800000|100%| O|  |TAMS 0x0000000083800000, 0x0000000083700000| Untracked 
|  56|0x0000000083800000, 0x0000000083900000, 0x0000000083900000|100%| O|  |TAMS 0x0000000083900000, 0x0000000083800000| Untracked 
|  57|0x0000000083900000, 0x0000000083a00000, 0x0000000083a00000|100%| O|  |TAMS 0x0000000083a00000, 0x0000000083900000| Untracked 
|  58|0x0000000083a00000, 0x0000000083b00000, 0x0000000083b00000|100%| O|  |TAMS 0x0000000083b00000, 0x0000000083a00000| Untracked 
|  59|0x0000000083b00000, 0x0000000083bd3600, 0x0000000083c00000| 82%| O|  |TAMS 0x0000000083bd3600, 0x0000000083b00000| Untracked 
|  60|0x0000000083c00000, 0x0000000083c00000, 0x0000000083d00000|  0%| F|  |TAMS 0x0000000083c00000, 0x0000000083c00000| Untracked 
|  61|0x0000000083d00000, 0x0000000083d00000, 0x0000000083e00000|  0%| F|  |TAMS 0x0000000083d00000, 0x0000000083d00000| Untracked 
|  62|0x0000000083e00000, 0x0000000083e00000, 0x0000000083f00000|  0%| F|  |TAMS 0x0000000083e00000, 0x0000000083e00000| Untracked 
|  63|0x0000000083f00000, 0x0000000083f00000, 0x0000000084000000|  0%| F|  |TAMS 0x0000000083f00000, 0x0000000083f00000| Untracked 
|  64|0x0000000084000000, 0x0000000084000000, 0x0000000084100000|  0%| F|  |TAMS 0x0000000084000000, 0x0000000084000000| Untracked 
|  65|0x0000000084100000, 0x0000000084100000, 0x0000000084200000|  0%| F|  |TAMS 0x0000000084100000, 0x0000000084100000| Untracked 
|  66|0x0000000084200000, 0x0000000084200000, 0x0000000084300000|  0%| F|  |TAMS 0x0000000084200000, 0x0000000084200000| Untracked 
|  67|0x0000000084300000, 0x0000000084300000, 0x0000000084400000|  0%| F|  |TAMS 0x0000000084300000, 0x0000000084300000| Untracked 
|  68|0x0000000084400000, 0x0000000084400000, 0x0000000084500000|  0%| F|  |TAMS 0x0000000084400000, 0x0000000084400000| Untracked 
|  69|0x0000000084500000, 0x0000000084500000, 0x0000000084600000|  0%| F|  |TAMS 0x0000000084500000, 0x0000000084500000| Untracked 
|  70|0x0000000084600000, 0x0000000084600000, 0x0000000084700000|  0%| F|  |TAMS 0x0000000084600000, 0x0000000084600000| Untracked 
|  71|0x0000000084700000, 0x0000000084700000, 0x0000000084800000|  0%| F|  |TAMS 0x0000000084700000, 0x0000000084700000| Untracked 
|  72|0x0000000084800000, 0x0000000084800000, 0x0000000084900000|  0%| F|  |TAMS 0x0000000084800000, 0x0000000084800000| Untracked 
|  73|0x0000000084900000, 0x0000000084900000, 0x0000000084a00000|  0%| F|  |TAMS 0x0000000084900000, 0x0000000084900000| Untracked 
|  74|0x0000000084a00000, 0x0000000084a75b48, 0x0000000084b00000| 45%| S|CS|TAMS 0x0000000084a00000, 0x0000000084a00000| Complete 
|  75|0x0000000084b00000, 0x0000000084c00000, 0x0000000084c00000|100%| S|CS|TAMS 0x0000000084b00000, 0x0000000084b00000| Complete 
|  76|0x0000000084c00000, 0x0000000084d00000, 0x0000000084d00000|100%| S|CS|TAMS 0x0000000084c00000, 0x0000000084c00000| Complete 
|  77|0x0000000084d00000, 0x0000000084d00000, 0x0000000084e00000|  0%| F|  |TAMS 0x0000000084d00000, 0x0000000084d00000| Untracked 
|  78|0x0000000084e00000, 0x0000000084e00000, 0x0000000084f00000|  0%| F|  |TAMS 0x0000000084e00000, 0x0000000084e00000| Untracked 
|  79|0x0000000084f00000, 0x0000000084f00000, 0x0000000085000000|  0%| F|  |TAMS 0x0000000084f00000, 0x0000000084f00000| Untracked 
|  80|0x0000000085000000, 0x0000000085000000, 0x0000000085100000|  0%| F|  |TAMS 0x0000000085000000, 0x0000000085000000| Untracked 
|  81|0x0000000085100000, 0x0000000085100000, 0x0000000085200000|  0%| F|  |TAMS 0x0000000085100000, 0x0000000085100000| Untracked 
|  82|0x0000000085200000, 0x0000000085200000, 0x0000000085300000|  0%| F|  |TAMS 0x0000000085200000, 0x0000000085200000| Untracked 
|  83|0x0000000085300000, 0x0000000085300000, 0x0000000085400000|  0%| F|  |TAMS 0x0000000085300000, 0x0000000085300000| Untracked 
|  84|0x0000000085400000, 0x0000000085400000, 0x0000000085500000|  0%| F|  |TAMS 0x0000000085400000, 0x0000000085400000| Untracked 
|  85|0x0000000085500000, 0x0000000085500000, 0x0000000085600000|  0%| F|  |TAMS 0x0000000085500000, 0x0000000085500000| Untracked 
|  86|0x0000000085600000, 0x0000000085600000, 0x0000000085700000|  0%| F|  |TAMS 0x0000000085600000, 0x0000000085600000| Untracked 
|  87|0x0000000085700000, 0x0000000085700000, 0x0000000085800000|  0%| F|  |TAMS 0x0000000085700000, 0x0000000085700000| Untracked 
|  88|0x0000000085800000, 0x0000000085800000, 0x0000000085900000|  0%| F|  |TAMS 0x0000000085800000, 0x0000000085800000| Untracked 
|  89|0x0000000085900000, 0x0000000085900000, 0x0000000085a00000|  0%| F|  |TAMS 0x0000000085900000, 0x0000000085900000| Untracked 
|  90|0x0000000085a00000, 0x0000000085a00000, 0x0000000085b00000|  0%| F|  |TAMS 0x0000000085a00000, 0x0000000085a00000| Untracked 
|  91|0x0000000085b00000, 0x0000000085b00000, 0x0000000085c00000|  0%| F|  |TAMS 0x0000000085b00000, 0x0000000085b00000| Untracked 
|  92|0x0000000085c00000, 0x0000000085c00000, 0x0000000085d00000|  0%| F|  |TAMS 0x0000000085c00000, 0x0000000085c00000| Untracked 
|  93|0x0000000085d00000, 0x0000000085d00000, 0x0000000085e00000|  0%| F|  |TAMS 0x0000000085d00000, 0x0000000085d00000| Untracked 
|  94|0x0000000085e00000, 0x0000000085e00000, 0x0000000085f00000|  0%| F|  |TAMS 0x0000000085e00000, 0x0000000085e00000| Untracked 
|  95|0x0000000085f00000, 0x0000000085f00000, 0x0000000086000000|  0%| F|  |TAMS 0x0000000085f00000, 0x0000000085f00000| Untracked 
|  96|0x0000000086000000, 0x0000000086000000, 0x0000000086100000|  0%| F|  |TAMS 0x0000000086000000, 0x0000000086000000| Untracked 
|  97|0x0000000086100000, 0x0000000086100000, 0x0000000086200000|  0%| F|  |TAMS 0x0000000086100000, 0x0000000086100000| Untracked 
|  98|0x0000000086200000, 0x0000000086200000, 0x0000000086300000|  0%| F|  |TAMS 0x0000000086200000, 0x0000000086200000| Untracked 
|  99|0x0000000086300000, 0x0000000086300000, 0x0000000086400000|  0%| F|  |TAMS 0x0000000086300000, 0x0000000086300000| Untracked 
| 100|0x0000000086400000, 0x0000000086400000, 0x0000000086500000|  0%| F|  |TAMS 0x0000000086400000, 0x0000000086400000| Untracked 
| 101|0x0000000086500000, 0x0000000086500000, 0x0000000086600000|  0%| F|  |TAMS 0x0000000086500000, 0x0000000086500000| Untracked 
| 102|0x0000000086600000, 0x0000000086600000, 0x0000000086700000|  0%| F|  |TAMS 0x0000000086600000, 0x0000000086600000| Untracked 
| 103|0x0000000086700000, 0x0000000086700000, 0x0000000086800000|  0%| F|  |TAMS 0x0000000086700000, 0x0000000086700000| Untracked 
| 104|0x0000000086800000, 0x0000000086800000, 0x0000000086900000|  0%| F|  |TAMS 0x0000000086800000, 0x0000000086800000| Untracked 
| 105|0x0000000086900000, 0x0000000086900000, 0x0000000086a00000|  0%| F|  |TAMS 0x0000000086900000, 0x0000000086900000| Untracked 
| 106|0x0000000086a00000, 0x0000000086a00000, 0x0000000086b00000|  0%| F|  |TAMS 0x0000000086a00000, 0x0000000086a00000| Untracked 
| 107|0x0000000086b00000, 0x0000000086b00000, 0x0000000086c00000|  0%| F|  |TAMS 0x0000000086b00000, 0x0000000086b00000| Untracked 
| 108|0x0000000086c00000, 0x0000000086c00000, 0x0000000086d00000|  0%| F|  |TAMS 0x0000000086c00000, 0x0000000086c00000| Untracked 
| 109|0x0000000086d00000, 0x0000000086d00000, 0x0000000086e00000|  0%| F|  |TAMS 0x0000000086d00000, 0x0000000086d00000| Untracked 
| 110|0x0000000086e00000, 0x0000000086e00000, 0x0000000086f00000|  0%| F|  |TAMS 0x0000000086e00000, 0x0000000086e00000| Untracked 
| 111|0x0000000086f00000, 0x0000000086f00000, 0x0000000087000000|  0%| F|  |TAMS 0x0000000086f00000, 0x0000000086f00000| Untracked 
| 112|0x0000000087000000, 0x0000000087000000, 0x0000000087100000|  0%| F|  |TAMS 0x0000000087000000, 0x0000000087000000| Untracked 
| 113|0x0000000087100000, 0x0000000087100000, 0x0000000087200000|  0%| F|  |TAMS 0x0000000087100000, 0x0000000087100000| Untracked 
| 114|0x0000000087200000, 0x0000000087200000, 0x0000000087300000|  0%| F|  |TAMS 0x0000000087200000, 0x0000000087200000| Untracked 
| 115|0x0000000087300000, 0x0000000087300000, 0x0000000087400000|  0%| F|  |TAMS 0x0000000087300000, 0x0000000087300000| Untracked 
| 116|0x0000000087400000, 0x0000000087400000, 0x0000000087500000|  0%| F|  |TAMS 0x0000000087400000, 0x0000000087400000| Untracked 
| 117|0x0000000087500000, 0x0000000087500000, 0x0000000087600000|  0%| F|  |TAMS 0x0000000087500000, 0x0000000087500000| Untracked 
| 118|0x0000000087600000, 0x0000000087600000, 0x0000000087700000|  0%| F|  |TAMS 0x0000000087600000, 0x0000000087600000| Untracked 
| 119|0x0000000087700000, 0x0000000087700000, 0x0000000087800000|  0%| F|  |TAMS 0x0000000087700000, 0x0000000087700000| Untracked 
| 120|0x0000000087800000, 0x0000000087800000, 0x0000000087900000|  0%| F|  |TAMS 0x0000000087800000, 0x0000000087800000| Untracked 
| 121|0x0000000087900000, 0x0000000087900000, 0x0000000087a00000|  0%| F|  |TAMS 0x0000000087900000, 0x0000000087900000| Untracked 
| 122|0x0000000087a00000, 0x0000000087a00000, 0x0000000087b00000|  0%| F|  |TAMS 0x0000000087a00000, 0x0000000087a00000| Untracked 
| 123|0x0000000087b00000, 0x0000000087b00000, 0x0000000087c00000|  0%| F|  |TAMS 0x0000000087b00000, 0x0000000087b00000| Untracked 
| 124|0x0000000087c00000, 0x0000000087c00000, 0x0000000087d00000|  0%| F|  |TAMS 0x0000000087c00000, 0x0000000087c00000| Untracked 
| 125|0x0000000087d00000, 0x0000000087d00000, 0x0000000087e00000|  0%| F|  |TAMS 0x0000000087d00000, 0x0000000087d00000| Untracked 
| 126|0x0000000087e00000, 0x0000000087e00000, 0x0000000087f00000|  0%| F|  |TAMS 0x0000000087e00000, 0x0000000087e00000| Untracked 
| 127|0x0000000087f00000, 0x0000000087f00000, 0x0000000088000000|  0%| F|  |TAMS 0x0000000087f00000, 0x0000000087f00000| Untracked 
| 128|0x0000000088000000, 0x0000000088000000, 0x0000000088100000|  0%| F|  |TAMS 0x0000000088000000, 0x0000000088000000| Untracked 
| 129|0x0000000088100000, 0x0000000088100000, 0x0000000088200000|  0%| F|  |TAMS 0x0000000088100000, 0x0000000088100000| Untracked 
| 130|0x0000000088200000, 0x0000000088200000, 0x0000000088300000|  0%| F|  |TAMS 0x0000000088200000, 0x0000000088200000| Untracked 
| 131|0x0000000088300000, 0x0000000088300000, 0x0000000088400000|  0%| F|  |TAMS 0x0000000088300000, 0x0000000088300000| Untracked 
| 132|0x0000000088400000, 0x0000000088400000, 0x0000000088500000|  0%| F|  |TAMS 0x0000000088400000, 0x0000000088400000| Untracked 
| 133|0x0000000088500000, 0x0000000088500000, 0x0000000088600000|  0%| F|  |TAMS 0x0000000088500000, 0x0000000088500000| Untracked 
| 134|0x0000000088600000, 0x0000000088600000, 0x0000000088700000|  0%| F|  |TAMS 0x0000000088600000, 0x0000000088600000| Untracked 
| 135|0x0000000088700000, 0x0000000088700000, 0x0000000088800000|  0%| F|  |TAMS 0x0000000088700000, 0x0000000088700000| Untracked 
| 136|0x0000000088800000, 0x0000000088800000, 0x0000000088900000|  0%| F|  |TAMS 0x0000000088800000, 0x0000000088800000| Untracked 
| 137|0x0000000088900000, 0x0000000088900000, 0x0000000088a00000|  0%| F|  |TAMS 0x0000000088900000, 0x0000000088900000| Untracked 
| 138|0x0000000088a00000, 0x0000000088a00000, 0x0000000088b00000|  0%| F|  |TAMS 0x0000000088a00000, 0x0000000088a00000| Untracked 
| 139|0x0000000088b00000, 0x0000000088b00000, 0x0000000088c00000|  0%| F|  |TAMS 0x0000000088b00000, 0x0000000088b00000| Untracked 
| 140|0x0000000088c00000, 0x0000000088c00000, 0x0000000088d00000|  0%| F|  |TAMS 0x0000000088c00000, 0x0000000088c00000| Untracked 
| 141|0x0000000088d00000, 0x0000000088d00000, 0x0000000088e00000|  0%| F|  |TAMS 0x0000000088d00000, 0x0000000088d00000| Untracked 
| 142|0x0000000088e00000, 0x0000000088e00000, 0x0000000088f00000|  0%| F|  |TAMS 0x0000000088e00000, 0x0000000088e00000| Untracked 
| 143|0x0000000088f00000, 0x0000000088f00000, 0x0000000089000000|  0%| F|  |TAMS 0x0000000088f00000, 0x0000000088f00000| Untracked 
| 144|0x0000000089000000, 0x0000000089000000, 0x0000000089100000|  0%| F|  |TAMS 0x0000000089000000, 0x0000000089000000| Untracked 
| 145|0x0000000089100000, 0x0000000089100000, 0x0000000089200000|  0%| F|  |TAMS 0x0000000089100000, 0x0000000089100000| Untracked 
| 146|0x0000000089200000, 0x0000000089200000, 0x0000000089300000|  0%| F|  |TAMS 0x0000000089200000, 0x0000000089200000| Untracked 
| 147|0x0000000089300000, 0x0000000089300000, 0x0000000089400000|  0%| F|  |TAMS 0x0000000089300000, 0x0000000089300000| Untracked 
| 148|0x0000000089400000, 0x0000000089400000, 0x0000000089500000|  0%| F|  |TAMS 0x0000000089400000, 0x0000000089400000| Untracked 
| 149|0x0000000089500000, 0x0000000089500000, 0x0000000089600000|  0%| F|  |TAMS 0x0000000089500000, 0x0000000089500000| Untracked 
| 150|0x0000000089600000, 0x0000000089600000, 0x0000000089700000|  0%| F|  |TAMS 0x0000000089600000, 0x0000000089600000| Untracked 
| 151|0x0000000089700000, 0x0000000089700000, 0x0000000089800000|  0%| F|  |TAMS 0x0000000089700000, 0x0000000089700000| Untracked 
| 152|0x0000000089800000, 0x0000000089800000, 0x0000000089900000|  0%| F|  |TAMS 0x0000000089800000, 0x0000000089800000| Untracked 
| 153|0x0000000089900000, 0x0000000089900000, 0x0000000089a00000|  0%| F|  |TAMS 0x0000000089900000, 0x0000000089900000| Untracked 
| 154|0x0000000089a00000, 0x0000000089a00000, 0x0000000089b00000|  0%| F|  |TAMS 0x0000000089a00000, 0x0000000089a00000| Untracked 
| 155|0x0000000089b00000, 0x0000000089b00000, 0x0000000089c00000|  0%| F|  |TAMS 0x0000000089b00000, 0x0000000089b00000| Untracked 
| 156|0x0000000089c00000, 0x0000000089c00000, 0x0000000089d00000|  0%| F|  |TAMS 0x0000000089c00000, 0x0000000089c00000| Untracked 
| 157|0x0000000089d00000, 0x0000000089d00000, 0x0000000089e00000|  0%| F|  |TAMS 0x0000000089d00000, 0x0000000089d00000| Untracked 
| 158|0x0000000089e00000, 0x0000000089e00000, 0x0000000089f00000|  0%| F|  |TAMS 0x0000000089e00000, 0x0000000089e00000| Untracked 
| 159|0x0000000089f00000, 0x0000000089f00000, 0x000000008a000000|  0%| F|  |TAMS 0x0000000089f00000, 0x0000000089f00000| Untracked 
| 160|0x000000008a000000, 0x000000008a000000, 0x000000008a100000|  0%| F|  |TAMS 0x000000008a000000, 0x000000008a000000| Untracked 
| 161|0x000000008a100000, 0x000000008a100000, 0x000000008a200000|  0%| F|  |TAMS 0x000000008a100000, 0x000000008a100000| Untracked 
| 162|0x000000008a200000, 0x000000008a200000, 0x000000008a300000|  0%| F|  |TAMS 0x000000008a200000, 0x000000008a200000| Untracked 
| 163|0x000000008a300000, 0x000000008a300000, 0x000000008a400000|  0%| F|  |TAMS 0x000000008a300000, 0x000000008a300000| Untracked 
| 164|0x000000008a400000, 0x000000008a400000, 0x000000008a500000|  0%| F|  |TAMS 0x000000008a400000, 0x000000008a400000| Untracked 
| 165|0x000000008a500000, 0x000000008a500000, 0x000000008a600000|  0%| F|  |TAMS 0x000000008a500000, 0x000000008a500000| Untracked 
| 166|0x000000008a600000, 0x000000008a600000, 0x000000008a700000|  0%| F|  |TAMS 0x000000008a600000, 0x000000008a600000| Untracked 
| 167|0x000000008a700000, 0x000000008a700000, 0x000000008a800000|  0%| F|  |TAMS 0x000000008a700000, 0x000000008a700000| Untracked 
| 168|0x000000008a800000, 0x000000008a800000, 0x000000008a900000|  0%| F|  |TAMS 0x000000008a800000, 0x000000008a800000| Untracked 
| 169|0x000000008a900000, 0x000000008a900000, 0x000000008aa00000|  0%| F|  |TAMS 0x000000008a900000, 0x000000008a900000| Untracked 
| 170|0x000000008aa00000, 0x000000008aa00000, 0x000000008ab00000|  0%| F|  |TAMS 0x000000008aa00000, 0x000000008aa00000| Untracked 
| 171|0x000000008ab00000, 0x000000008ab00000, 0x000000008ac00000|  0%| F|  |TAMS 0x000000008ab00000, 0x000000008ab00000| Untracked 
| 172|0x000000008ac00000, 0x000000008ac00000, 0x000000008ad00000|  0%| F|  |TAMS 0x000000008ac00000, 0x000000008ac00000| Untracked 
| 173|0x000000008ad00000, 0x000000008ad00000, 0x000000008ae00000|  0%| F|  |TAMS 0x000000008ad00000, 0x000000008ad00000| Untracked 
| 174|0x000000008ae00000, 0x000000008ae00000, 0x000000008af00000|  0%| F|  |TAMS 0x000000008ae00000, 0x000000008ae00000| Untracked 
| 175|0x000000008af00000, 0x000000008af00000, 0x000000008b000000|  0%| F|  |TAMS 0x000000008af00000, 0x000000008af00000| Untracked 
| 176|0x000000008b000000, 0x000000008b000000, 0x000000008b100000|  0%| F|  |TAMS 0x000000008b000000, 0x000000008b000000| Untracked 
| 177|0x000000008b100000, 0x000000008b100000, 0x000000008b200000|  0%| F|  |TAMS 0x000000008b100000, 0x000000008b100000| Untracked 
| 178|0x000000008b200000, 0x000000008b200000, 0x000000008b300000|  0%| F|  |TAMS 0x000000008b200000, 0x000000008b200000| Untracked 
| 179|0x000000008b300000, 0x000000008b300000, 0x000000008b400000|  0%| F|  |TAMS 0x000000008b300000, 0x000000008b300000| Untracked 
| 180|0x000000008b400000, 0x000000008b400000, 0x000000008b500000|  0%| F|  |TAMS 0x000000008b400000, 0x000000008b400000| Untracked 
| 181|0x000000008b500000, 0x000000008b500000, 0x000000008b600000|  0%| F|  |TAMS 0x000000008b500000, 0x000000008b500000| Untracked 
| 182|0x000000008b600000, 0x000000008b600000, 0x000000008b700000|  0%| F|  |TAMS 0x000000008b600000, 0x000000008b600000| Untracked 
| 183|0x000000008b700000, 0x000000008b700000, 0x000000008b800000|  0%| F|  |TAMS 0x000000008b700000, 0x000000008b700000| Untracked 
| 184|0x000000008b800000, 0x000000008b800000, 0x000000008b900000|  0%| F|  |TAMS 0x000000008b800000, 0x000000008b800000| Untracked 
| 185|0x000000008b900000, 0x000000008b900000, 0x000000008ba00000|  0%| F|  |TAMS 0x000000008b900000, 0x000000008b900000| Untracked 
| 186|0x000000008ba00000, 0x000000008ba00000, 0x000000008bb00000|  0%| F|  |TAMS 0x000000008ba00000, 0x000000008ba00000| Untracked 
| 187|0x000000008bb00000, 0x000000008bb00000, 0x000000008bc00000|  0%| F|  |TAMS 0x000000008bb00000, 0x000000008bb00000| Untracked 
| 188|0x000000008bc00000, 0x000000008bc00000, 0x000000008bd00000|  0%| F|  |TAMS 0x000000008bc00000, 0x000000008bc00000| Untracked 
| 189|0x000000008bd00000, 0x000000008bd00000, 0x000000008be00000|  0%| F|  |TAMS 0x000000008bd00000, 0x000000008bd00000| Untracked 
| 190|0x000000008be00000, 0x000000008be00000, 0x000000008bf00000|  0%| F|  |TAMS 0x000000008be00000, 0x000000008be00000| Untracked 
| 191|0x000000008bf00000, 0x000000008bf00000, 0x000000008c000000|  0%| F|  |TAMS 0x000000008bf00000, 0x000000008bf00000| Untracked 
| 192|0x000000008c000000, 0x000000008c052450, 0x000000008c100000| 32%| E|  |TAMS 0x000000008c000000, 0x000000008c000000| Complete 
| 193|0x000000008c100000, 0x000000008c200000, 0x000000008c200000|100%| E|CS|TAMS 0x000000008c100000, 0x000000008c100000| Complete 
| 194|0x000000008c200000, 0x000000008c300000, 0x000000008c300000|100%| E|CS|TAMS 0x000000008c200000, 0x000000008c200000| Complete 
| 195|0x000000008c300000, 0x000000008c400000, 0x000000008c400000|100%| E|CS|TAMS 0x000000008c300000, 0x000000008c300000| Complete 
| 196|0x000000008c400000, 0x000000008c500000, 0x000000008c500000|100%| E|CS|TAMS 0x000000008c400000, 0x000000008c400000| Complete 
| 197|0x000000008c500000, 0x000000008c600000, 0x000000008c600000|100%| E|CS|TAMS 0x000000008c500000, 0x000000008c500000| Complete 

Card table byte_map: [0x0000022477f80000,0x0000022478380000] _byte_map_base: 0x0000022477b80000

Marking Bits (Prev, Next): (CMBitMap*) 0x0000022460d39ff0, (CMBitMap*) 0x0000022460d3a030
 Prev Bits: [0x0000022478780000, 0x000002247a780000)
 Next Bits: [0x000002247a780000, 0x000002247c780000)

Polling page: 0x000002245ed20000

Metaspace:

Usage:
  Non-class:     54.87 MB used.
      Class:      9.20 MB used.
       Both:     64.07 MB used.

Virtual space:
  Non-class space:       64.00 MB reserved,      55.38 MB ( 87%) committed,  1 nodes.
      Class space:      416.00 MB reserved,       9.62 MB (  2%) committed,  1 nodes.
             Both:      480.00 MB reserved,      65.00 MB ( 14%) committed. 

Chunk freelists:
   Non-Class:  8.52 MB
       Class:  6.21 MB
        Both:  14.72 MB

MaxMetaspaceSize: 512.00 MB
CompressedClassSpaceSize: 416.00 MB
Initial GC threshold: 21.00 MB
Current GC threshold: 108.38 MB
CDS: on
MetaspaceReclaimPolicy: balanced
 - commit_granule_bytes: 65536.
 - commit_granule_words: 8192.
 - virtual_space_node_default_size: 8388608.
 - enlarge_chunks_in_place: 1.
 - new_chunks_are_fully_committed: 0.
 - uncommit_free_chunks: 1.
 - use_allocation_guard: 0.
 - handle_deallocations: 1.


Internal statistics:

num_allocs_failed_limit: 6.
num_arena_births: 1330.
num_arena_deaths: 0.
num_vsnodes_births: 2.
num_vsnodes_deaths: 0.
num_space_committed: 1040.
num_space_uncommitted: 0.
num_chunks_returned_to_freelist: 6.
num_chunks_taken_from_freelist: 4337.
num_chunk_merges: 6.
num_chunk_splits: 2750.
num_chunks_enlarged: 1645.
num_inconsistent_stats: 0.

CodeHeap 'non-profiled nmethods': size=120000Kb used=4656Kb max_used=4656Kb free=115343Kb
 bounds [0x0000022470320000, 0x00000224707b0000, 0x0000022477850000]
CodeHeap 'profiled nmethods': size=120000Kb used=14814Kb max_used=14814Kb free=105185Kb
 bounds [0x0000022468850000, 0x00000224696d0000, 0x000002246fd80000]
CodeHeap 'non-nmethods': size=5760Kb used=1691Kb max_used=1773Kb free=4068Kb
 bounds [0x000002246fd80000, 0x000002246fff0000, 0x0000022470320000]
 total_blobs=8371 nmethods=7590 adapters=693
 compilation: enabled
              stopped_count=0, restarted_count=0
 full_count=0

Compilation events (20 events):
Event: 25.952 Thread 0x000002247f219a10 nmethod 8329 0x0000022469697c10 code [0x0000022469697da0, 0x0000022469697eb8]
Event: 25.952 Thread 0x000002247f219a10 8330       1       org.gradle.api.internal.artifacts.configurations.DefaultConfiguration::isCanBeResolved (5 bytes)
Event: 25.952 Thread 0x000002247f219a10 nmethod 8330 0x00000224707a6f10 code [0x00000224707a70a0, 0x00000224707a7178]
Event: 25.952 Thread 0x000002247f219a10 8331       3       org.gradle.api.internal.attributes.DefaultAttributeMatchingStrategy_Decorated::getDisambiguationRules (39 bytes)
Event: 25.953 Thread 0x000002247f219a10 nmethod 8331 0x0000022469697f90 code [0x0000022469698180, 0x0000022469698638]
Event: 25.957 Thread 0x000002247f219a10 8332       3       org.gradle.api.internal.project.DefaultProject_Decorated::getPluginManager (32 bytes)
Event: 25.958 Thread 0x000002247f219a10 nmethod 8332 0x0000022469698810 code [0x0000022469698a00, 0x0000022469699078]
Event: 25.958 Thread 0x000002247f219a10 8333       3       org.gradle.api.internal.DefaultNamedDomainObjectCollection::hasWithName (32 bytes)
Event: 25.959 Thread 0x000002247f219a10 nmethod 8333 0x0000022469699290 code [0x0000022469699460, 0x0000022469699798]
Event: 25.966 Thread 0x000002247f219a10 8335       3       javax.management.ObjectName::setCanonicalName (251 bytes)
Event: 25.967 Thread 0x000002247f219a10 nmethod 8335 0x0000022469699890 code [0x0000022469699b20, 0x000002246969ab08]
Event: 25.968 Thread 0x000002247f219a10 8336       3       org.apache.commons.lang3.StringUtils$$Lambda$287/0x0000022401357c30::apply (5 bytes)
Event: 25.968 Thread 0x000002247f219a10 nmethod 8336 0x000002246969b110 code [0x000002246969b2e0, 0x000002246969b5e8]
Event: 25.968 Thread 0x000002247f219a10 8337       3       java.util.concurrent.ThreadPoolExecutor::runStateAtLeast (11 bytes)
Event: 25.968 Thread 0x000002247f219a10 nmethod 8337 0x000002246969b710 code [0x000002246969b8a0, 0x000002246969b9d8]
Event: 25.968 Thread 0x000002247f219a10 8338       3       java.lang.Thread::getContextClassLoader (32 bytes)
Event: 25.969 Thread 0x000002247f219a10 nmethod 8338 0x000002246969ba90 code [0x000002246969bce0, 0x000002246969c678]
Event: 25.969 Thread 0x000002247f219a10 8339       1       org.gradle.api.internal.plugins.DefaultPluginManager::access$300 (5 bytes)
Event: 25.969 Thread 0x000002247f219a10 nmethod 8339 0x00000224707a7210 code [0x00000224707a73a0, 0x00000224707a7458]
Event: 25.970 Thread 0x000002247f219a10 8340       3       org.gradle.internal.ImmutableActionSet::access$400 (6 bytes)

GC Heap History (20 events):
Event: 19.963 GC heap before
{Heap before GC invocations=15 (full 0):
 garbage-first heap   total 103424K, used 85072K [0x0000000080000000, 0x0000000100000000)
  region size 1024K, 43 young (44032K), 6 survivors (6144K)
 Metaspace       used 52775K, committed 53504K, reserved 491520K
  class space    used 7562K, committed 7872K, reserved 425984K
}
Event: 19.972 GC heap after
{Heap after GC invocations=16 (full 0):
 garbage-first heap   total 103424K, used 52002K [0x0000000080000000, 0x0000000100000000)
  region size 1024K, 5 young (5120K), 5 survivors (5120K)
 Metaspace       used 52775K, committed 53504K, reserved 491520K
  class space    used 7562K, committed 7872K, reserved 425984K
}
Event: 20.853 GC heap before
{Heap before GC invocations=16 (full 0):
 garbage-first heap   total 103424K, used 80674K [0x0000000080000000, 0x0000000100000000)
  region size 1024K, 33 young (33792K), 5 survivors (5120K)
 Metaspace       used 55660K, committed 56448K, reserved 491520K
  class space    used 7939K, committed 8320K, reserved 425984K
}
Event: 20.859 GC heap after
{Heap after GC invocations=17 (full 0):
 garbage-first heap   total 103424K, used 54026K [0x0000000080000000, 0x0000000100000000)
  region size 1024K, 2 young (2048K), 2 survivors (2048K)
 Metaspace       used 55660K, committed 56448K, reserved 491520K
  class space    used 7939K, committed 8320K, reserved 425984K
}
Event: 21.523 GC heap before
{Heap before GC invocations=18 (full 0):
 garbage-first heap   total 103424K, used 80650K [0x0000000080000000, 0x0000000100000000)
  region size 1024K, 29 young (29696K), 2 survivors (2048K)
 Metaspace       used 57396K, committed 58176K, reserved 491520K
  class space    used 8169K, committed 8512K, reserved 425984K
}
Event: 21.528 GC heap after
{Heap after GC invocations=19 (full 0):
 garbage-first heap   total 103424K, used 55208K [0x0000000080000000, 0x0000000100000000)
  region size 1024K, 3 young (3072K), 3 survivors (3072K)
 Metaspace       used 57396K, committed 58176K, reserved 491520K
  class space    used 8169K, committed 8512K, reserved 425984K
}
Event: 22.211 GC heap before
{Heap before GC invocations=19 (full 0):
 garbage-first heap   total 103424K, used 82856K [0x0000000080000000, 0x0000000100000000)
  region size 1024K, 30 young (30720K), 3 survivors (3072K)
 Metaspace       used 59537K, committed 60480K, reserved 491520K
  class space    used 8520K, committed 8960K, reserved 425984K
}
Event: 22.215 GC heap after
{Heap after GC invocations=20 (full 0):
 garbage-first heap   total 103424K, used 56109K [0x0000000080000000, 0x0000000100000000)
  region size 1024K, 3 young (3072K), 3 survivors (3072K)
 Metaspace       used 59537K, committed 60480K, reserved 491520K
  class space    used 8520K, committed 8960K, reserved 425984K
}
Event: 22.640 GC heap before
{Heap before GC invocations=21 (full 0):
 garbage-first heap   total 103424K, used 81709K [0x0000000080000000, 0x0000000100000000)
  region size 1024K, 29 young (29696K), 3 survivors (3072K)
 Metaspace       used 61160K, committed 62080K, reserved 491520K
  class space    used 8784K, committed 9216K, reserved 425984K
}
Event: 22.644 GC heap after
{Heap after GC invocations=22 (full 0):
 garbage-first heap   total 103424K, used 56782K [0x0000000080000000, 0x0000000100000000)
  region size 1024K, 2 young (2048K), 2 survivors (2048K)
 Metaspace       used 61160K, committed 62080K, reserved 491520K
  class space    used 8784K, committed 9216K, reserved 425984K
}
Event: 22.712 GC heap before
{Heap before GC invocations=22 (full 0):
 garbage-first heap   total 103424K, used 59854K [0x0000000080000000, 0x0000000100000000)
  region size 1024K, 5 young (5120K), 2 survivors (2048K)
 Metaspace       used 61323K, committed 62208K, reserved 491520K
  class space    used 8807K, committed 9216K, reserved 425984K
}
Event: 22.715 GC heap after
{Heap after GC invocations=23 (full 0):
 garbage-first heap   total 103424K, used 56954K [0x0000000080000000, 0x0000000100000000)
  region size 1024K, 1 young (1024K), 1 survivors (1024K)
 Metaspace       used 61323K, committed 62208K, reserved 491520K
  class space    used 8807K, committed 9216K, reserved 425984K
}
Event: 23.343 GC heap before
{Heap before GC invocations=23 (full 0):
 garbage-first heap   total 103424K, used 84602K [0x0000000080000000, 0x0000000100000000)
  region size 1024K, 28 young (28672K), 1 survivors (1024K)
 Metaspace       used 62903K, committed 63744K, reserved 491520K
  class space    used 9047K, committed 9472K, reserved 425984K
}
Event: 23.348 GC heap after
{Heap after GC invocations=24 (full 0):
 garbage-first heap   total 103424K, used 57837K [0x0000000080000000, 0x0000000100000000)
  region size 1024K, 2 young (2048K), 2 survivors (2048K)
 Metaspace       used 62903K, committed 63744K, reserved 491520K
  class space    used 9047K, committed 9472K, reserved 425984K
}
Event: 23.925 GC heap before
{Heap before GC invocations=25 (full 0):
 garbage-first heap   total 106496K, used 85485K [0x0000000080000000, 0x0000000100000000)
  region size 1024K, 29 young (29696K), 2 survivors (2048K)
 Metaspace       used 63736K, committed 64576K, reserved 491520K
  class space    used 9181K, committed 9600K, reserved 425984K
}
Event: 23.932 GC heap after
{Heap after GC invocations=26 (full 0):
 garbage-first heap   total 106496K, used 61243K [0x0000000080000000, 0x0000000100000000)
  region size 1024K, 4 young (4096K), 4 survivors (4096K)
 Metaspace       used 63736K, committed 64576K, reserved 491520K
  class space    used 9181K, committed 9600K, reserved 425984K
}
Event: 23.949 GC heap before
{Heap before GC invocations=26 (full 0):
 garbage-first heap   total 106496K, used 62267K [0x0000000080000000, 0x0000000100000000)
  region size 1024K, 5 young (5120K), 4 survivors (4096K)
 Metaspace       used 63740K, committed 64576K, reserved 491520K
  class space    used 9181K, committed 9600K, reserved 425984K
}
Event: 23.955 GC heap after
{Heap after GC invocations=27 (full 0):
 garbage-first heap   total 106496K, used 61124K [0x0000000080000000, 0x0000000100000000)
  region size 1024K, 1 young (1024K), 1 survivors (1024K)
 Metaspace       used 63740K, committed 64576K, reserved 491520K
  class space    used 9181K, committed 9600K, reserved 425984K
}
Event: 24.823 GC heap before
{Heap before GC invocations=27 (full 0):
 garbage-first heap   total 106496K, used 87748K [0x0000000080000000, 0x0000000100000000)
  region size 1024K, 27 young (27648K), 1 survivors (1024K)
 Metaspace       used 65489K, committed 66432K, reserved 491520K
  class space    used 9407K, committed 9856K, reserved 425984K
}
Event: 25.838 GC heap after
{Heap after GC invocations=28 (full 0):
 garbage-first heap   total 202752K, used 62756K [0x0000000080000000, 0x0000000100000000)
  region size 1024K, 3 young (3072K), 3 survivors (3072K)
 Metaspace       used 65489K, committed 66432K, reserved 491520K
  class space    used 9407K, committed 9856K, reserved 425984K
}

Dll operation events (15 events):
Event: 0.016 Loaded shared library C:\Program Files\Microsoft\jdk-17.0.17.10-hotspot\bin\java.dll
Event: 0.034 Loaded shared library C:\Program Files\Microsoft\jdk-17.0.17.10-hotspot\bin\jsvml.dll
Event: 0.089 Loaded shared library C:\Program Files\Microsoft\jdk-17.0.17.10-hotspot\bin\zip.dll
Event: 0.092 Loaded shared library C:\Program Files\Microsoft\jdk-17.0.17.10-hotspot\bin\instrument.dll
Event: 0.099 Loaded shared library C:\Program Files\Microsoft\jdk-17.0.17.10-hotspot\bin\net.dll
Event: 0.102 Loaded shared library C:\Program Files\Microsoft\jdk-17.0.17.10-hotspot\bin\nio.dll
Event: 0.105 Loaded shared library C:\Program Files\Microsoft\jdk-17.0.17.10-hotspot\bin\zip.dll
Event: 0.543 Loaded shared library C:\Program Files\Microsoft\jdk-17.0.17.10-hotspot\bin\jimage.dll
Event: 1.398 Loaded shared library C:\Program Files\Microsoft\jdk-17.0.17.10-hotspot\bin\verify.dll
Event: 1.469 Loaded shared library C:\Users\rc\.gradle\native\1def1411415f61bf3af743bc5b6707747c0891f09f0c88961ee8f79bc544acac\windows-amd64\native-platform.dll
Event: 1.500 Loaded shared library C:\Users\rc\.gradle\native\0.2.8\x86_64-windows-gnu\gradle-fileevents.dll
Event: 3.875 Loaded shared library C:\Program Files\Microsoft\jdk-17.0.17.10-hotspot\bin\management.dll
Event: 3.881 Loaded shared library C:\Program Files\Microsoft\jdk-17.0.17.10-hotspot\bin\management_ext.dll
Event: 4.831 Loaded shared library C:\Program Files\Microsoft\jdk-17.0.17.10-hotspot\bin\extnet.dll
Event: 5.185 Loaded shared library C:\Program Files\Microsoft\jdk-17.0.17.10-hotspot\bin\sunmscapi.dll

Deoptimization events (20 events):
Event: 24.460 Thread 0x000002241fe8c290 Uncommon trap: trap_request=0xffffff45 fr.pc=0x000002247046f630 relative=0x0000000000000650
Event: 24.460 Thread 0x000002241fe8c290 Uncommon trap: reason=unstable_if action=reinterpret pc=0x000002247046f630 method=com.esotericsoftware.kryo.io.Output.writeBytes([BII)V @ 61 c2
Event: 24.460 Thread 0x000002241fe8c290 DEOPT PACKING pc=0x000002247046f630 sp=0x000000c9ff5fd1b0
Event: 24.460 Thread 0x000002241fe8c290 DEOPT UNPACKING pc=0x000002246fdd69a3 sp=0x000000c9ff5fd038 mode 2
Event: 24.461 Thread 0x000002241fe8c290 Uncommon trap: trap_request=0xffffff45 fr.pc=0x0000022470554b08 relative=0x0000000000000068
Event: 24.461 Thread 0x000002241fe8c290 Uncommon trap: reason=unstable_if action=reinterpret pc=0x0000022470554b08 method=com.esotericsoftware.kryo.io.Output.require(I)Z @ 10 c2
Event: 24.461 Thread 0x000002241fe8c290 DEOPT PACKING pc=0x0000022470554b08 sp=0x000000c9ff5fd020
Event: 24.461 Thread 0x000002241fe8c290 DEOPT UNPACKING pc=0x000002246fdd69a3 sp=0x000000c9ff5fcfb0 mode 2
Event: 24.550 Thread 0x000002241fe8bd80 Uncommon trap: trap_request=0xffffff45 fr.pc=0x000002247072180c relative=0x000000000000216c
Event: 24.550 Thread 0x000002241fe8bd80 Uncommon trap: reason=unstable_if action=reinterpret pc=0x000002247072180c method=java.lang.reflect.Constructor.acquireConstructorAccessor()Ljdk/internal/reflect/ConstructorAccessor; @ 18 c2
Event: 24.550 Thread 0x000002241fe8bd80 DEOPT PACKING pc=0x000002247072180c sp=0x000000c9feff4880
Event: 24.550 Thread 0x000002241fe8bd80 DEOPT UNPACKING pc=0x000002246fdd69a3 sp=0x000000c9feff4868 mode 2
Event: 24.787 Thread 0x000002241fe8bd80 Uncommon trap: trap_request=0xffffffc6 fr.pc=0x00000224706f1cc8 relative=0x00000000000001a8
Event: 24.787 Thread 0x000002241fe8bd80 Uncommon trap: reason=bimorphic_or_optimized_type_check action=maybe_recompile pc=0x00000224706f1cc8 method=java.util.stream.StreamOpFlag.fromCharacteristics(Ljava/util/Spliterator;)I @ 14 c2
Event: 24.787 Thread 0x000002241fe8bd80 DEOPT PACKING pc=0x00000224706f1cc8 sp=0x000000c9feff5580
Event: 24.787 Thread 0x000002241fe8bd80 DEOPT UNPACKING pc=0x000002246fdd69a3 sp=0x000000c9feff5468 mode 2
Event: 24.788 Thread 0x000002241fe8bd80 Uncommon trap: trap_request=0xffffffc6 fr.pc=0x00000224706f1cc8 relative=0x00000000000001a8
Event: 24.788 Thread 0x000002241fe8bd80 Uncommon trap: reason=bimorphic_or_optimized_type_check action=maybe_recompile pc=0x00000224706f1cc8 method=java.util.stream.StreamOpFlag.fromCharacteristics(Ljava/util/Spliterator;)I @ 14 c2
Event: 24.788 Thread 0x000002241fe8bd80 DEOPT PACKING pc=0x00000224706f1cc8 sp=0x000000c9feff5580
Event: 24.788 Thread 0x000002241fe8bd80 DEOPT UNPACKING pc=0x000002246fdd69a3 sp=0x000000c9feff5468 mode 2

Classes loaded (20 events):
Event: 24.125 Loading class org/xml/sax/ContentHandler
Event: 24.125 Loading class org/xml/sax/ContentHandler done
Event: 24.125 Loading class org/xml/sax/EntityResolver
Event: 24.125 Loading class org/xml/sax/EntityResolver done
Event: 24.125 Loading class org/xml/sax/DTDHandler
Event: 24.125 Loading class org/xml/sax/DTDHandler done
Event: 24.128 Loading class java/util/function/BooleanSupplier
Event: 24.128 Loading class java/util/function/BooleanSupplier done
Event: 24.145 Loading class java/util/Spliterators$IntArraySpliterator
Event: 24.145 Loading class java/util/Spliterators$IntArraySpliterator done
Event: 24.156 Loading class java/text/ParsePosition
Event: 24.157 Loading class java/text/ParsePosition done
Event: 24.168 Loading class java/text/CharacterIterator
Event: 24.169 Loading class java/text/CharacterIterator done
Event: 24.233 Loading class jdk/internal/reflect/UnsafeObjectFieldAccessorImpl
Event: 24.233 Loading class jdk/internal/reflect/UnsafeObjectFieldAccessorImpl done
Event: 24.248 Loading class java/util/TreeMap$EntrySpliterator
Event: 24.249 Loading class java/util/TreeMap$TreeMapSpliterator
Event: 24.249 Loading class java/util/TreeMap$TreeMapSpliterator done
Event: 24.249 Loading class java/util/TreeMap$EntrySpliterator done

Classes unloaded (0 events):
No events

Classes redefined (0 events):
No events

Internal exceptions (20 events):
Event: 22.854 Thread 0x000002241fe8bd80 Exception <a 'java/lang/ClassNotFoundException'{0x0000000085c49dc8}: org/jetbrains/kotlin/gradle/targets/js/npm/NpmDependencyExtensionDelegateBeanInfo> (0x0000000085c49dc8) 
thrown [s\src\hotspot\share\classfile\systemDictionary.cpp, line 256]
Event: 22.857 Thread 0x000002241fe8bd80 Exception <a 'java/lang/ClassNotFoundException'{0x0000000085c5ea18}: org/jetbrains/kotlin/gradle/targets/js/npm/NpmDependencyExtensionDelegateCustomizer> (0x0000000085c5ea18) 
thrown [s\src\hotspot\share\classfile\systemDictionary.cpp, line 256]
Event: 22.861 Thread 0x000002241fe8bd80 Exception <a 'java/lang/ClassNotFoundException'{0x0000000085c9af28}: org/jetbrains/kotlin/gradle/targets/js/npm/NpmDependencyExtensionKt$defaultNpmDependencyDelegate$1Customizer> (0x0000000085c9af28) 
thrown [s\src\hotspot\share\classfile\systemDictionary.cpp, line 256]
Event: 22.869 Thread 0x000002241fe8bd80 Exception <a 'java/lang/ClassNotFoundException'{0x0000000085ce1588}: org/jetbrains/kotlin/gradle/targets/js/npm/DefaultDevNpmDependencyExtensionBeanInfo> (0x0000000085ce1588) 
thrown [s\src\hotspot\share\classfile\systemDictionary.cpp, line 256]
Event: 22.871 Thread 0x000002241fe8bd80 Exception <a 'java/lang/ClassNotFoundException'{0x0000000085cf61e0}: org/jetbrains/kotlin/gradle/targets/js/npm/DefaultDevNpmDependencyExtensionCustomizer> (0x0000000085cf61e0) 
thrown [s\src\hotspot\share\classfile\systemDictionary.cpp, line 256]
Event: 22.876 Thread 0x000002241fe8bd80 Exception <a 'java/lang/ClassNotFoundException'{0x0000000085b456e0}: org/jetbrains/kotlin/gradle/targets/js/npm/DefaultPeerNpmDependencyExtensionBeanInfo> (0x0000000085b456e0) 
thrown [s\src\hotspot\share\classfile\systemDictionary.cpp, line 256]
Event: 22.877 Thread 0x000002241fe8bd80 Exception <a 'java/lang/ClassNotFoundException'{0x0000000085b5a358}: org/jetbrains/kotlin/gradle/targets/js/npm/DefaultPeerNpmDependencyExtensionCustomizer> (0x0000000085b5a358) 
thrown [s\src\hotspot\share\classfile\systemDictionary.cpp, line 256]
Event: 22.888 Thread 0x000002241fe8bd80 Exception <a 'java/lang/ClassNotFoundException'{0x0000000085bad878}: org/jetbrains/kotlin/gradle/targets/js/npm/DefaultPeerNpmDependencyExtension$delegate$1BeanInfo> (0x0000000085bad878) 
thrown [s\src\hotspot\share\classfile\systemDictionary.cpp, line 256]
Event: 22.892 Thread 0x000002241fe8bd80 Exception <a 'java/lang/ClassNotFoundException'{0x0000000085bc2718}: org/jetbrains/kotlin/gradle/targets/js/npm/DefaultPeerNpmDependencyExtension$delegate$1Customizer> (0x0000000085bc2718) 
thrown [s\src\hotspot\share\classfile\systemDictionary.cpp, line 256]
Event: 24.126 Thread 0x000002241fe8bd80 Exception <a 'java/lang/IncompatibleClassChangeError'{0x00000000862807d0}: Found class java.lang.Object, but interface was expected> (0x00000000862807d0) 
thrown [s\src\hotspot\share\interpreter\linkResolver.cpp, line 826]
Event: 24.191 Thread 0x000002241fe8bd80 Exception <a 'java/lang/ClassNotFoundException'{0x000000008604c840}: org/gradle/api/internal/project/DefaultAntBuilderBeanInfo> (0x000000008604c840) 
thrown [s\src\hotspot\share\classfile\systemDictionary.cpp, line 256]
Event: 24.193 Thread 0x000002241fe8bd80 Exception <a 'java/lang/ClassNotFoundException'{0x000000008606e750}: org/gradle/api/internal/project/ant/BasicAntBuilderBeanInfo> (0x000000008606e750) 
thrown [s\src\hotspot\share\classfile\systemDictionary.cpp, line 256]
Event: 24.195 Thread 0x000002241fe8bd80 Exception <a 'java/lang/ClassNotFoundException'{0x000000008608f4c8}: org/gradle/api/AntBuilderBeanInfo> (0x000000008608f4c8) 
thrown [s\src\hotspot\share\classfile\systemDictionary.cpp, line 256]
Event: 24.197 Thread 0x000002241fe8bd80 Exception <a 'java/lang/ClassNotFoundException'{0x00000000860b1678}: groovy/ant/AntBuilderBeanInfo> (0x00000000860b1678) 
thrown [s\src\hotspot\share\classfile\systemDictionary.cpp, line 256]
Event: 24.201 Thread 0x000002241fe8bd80 Exception <a 'java/lang/ClassNotFoundException'{0x0000000085f00ea8}: groovy/util/BuilderSupportBeanInfo> (0x0000000085f00ea8) 
thrown [s\src\hotspot\share\classfile\systemDictionary.cpp, line 256]
Event: 24.204 Thread 0x000002241fe8bd80 Exception <a 'java/lang/ClassNotFoundException'{0x0000000085f50288}: groovy/util/BuilderSupportCustomizer> (0x0000000085f50288) 
thrown [s\src\hotspot\share\classfile\systemDictionary.cpp, line 256]
Event: 24.207 Thread 0x000002241fe8bd80 Exception <a 'java/lang/ClassNotFoundException'{0x0000000085f74f68}: groovy/ant/AntBuilderCustomizer> (0x0000000085f74f68) 
thrown [s\src\hotspot\share\classfile\systemDictionary.cpp, line 256]
Event: 24.211 Thread 0x000002241fe8bd80 Exception <a 'java/lang/ClassNotFoundException'{0x0000000085f9a968}: org/gradle/api/AntBuilderCustomizer> (0x0000000085f9a968) 
thrown [s\src\hotspot\share\classfile\systemDictionary.cpp, line 256]
Event: 24.215 Thread 0x000002241fe8bd80 Exception <a 'java/lang/ClassNotFoundException'{0x0000000085fc9230}: org/gradle/api/internal/project/ant/BasicAntBuilderCustomizer> (0x0000000085fc9230) 
thrown [s\src\hotspot\share\classfile\systemDictionary.cpp, line 256]
Event: 24.221 Thread 0x000002241fe8bd80 Exception <a 'java/lang/ClassNotFoundException'{0x0000000085ffd8b0}: org/gradle/api/internal/project/DefaultAntBuilderCustomizer> (0x0000000085ffd8b0) 
thrown [s\src\hotspot\share\classfile\systemDictionary.cpp, line 256]

VM Operations (20 events):
Event: 22.715 Executing VM operation: G1CollectForAllocation done
Event: 23.342 Executing VM operation: G1CollectForAllocation
Event: 23.348 Executing VM operation: G1CollectForAllocation done
Event: 23.441 Executing VM operation: G1PauseRemark
Event: 23.451 Executing VM operation: G1PauseRemark done
Event: 23.480 Executing VM operation: G1PauseCleanup
Event: 23.481 Executing VM operation: G1PauseCleanup done
Event: 23.680 Executing VM operation: HandshakeAllThreads
Event: 23.680 Executing VM operation: HandshakeAllThreads done
Event: 23.925 Executing VM operation: G1CollectForAllocation
Event: 23.932 Executing VM operation: G1CollectForAllocation done
Event: 23.949 Executing VM operation: G1CollectForAllocation
Event: 23.955 Executing VM operation: G1CollectForAllocation done
Event: 24.665 Executing VM operation: ICBufferFull
Event: 24.665 Executing VM operation: ICBufferFull done
Event: 24.823 Executing VM operation: G1CollectForAllocation
Event: 25.839 Executing VM operation: G1CollectForAllocation done
Event: 25.960 Executing VM operation: G1PauseRemark
Event: 25.966 Executing VM operation: G1PauseRemark done
Event: 26.979 Executing VM operation: Cleanup

Memory protections (0 events):
No events

Nmethod flushes (20 events):
Event: 17.752 Thread 0x000002247f1f8710 flushing  nmethod 0x0000022469063410
Event: 17.752 Thread 0x000002247f1f8710 flushing  nmethod 0x000002246907b010
Event: 17.752 Thread 0x000002247f1f8710 flushing  nmethod 0x0000022469085810
Event: 17.753 Thread 0x000002247f1f8710 flushing  nmethod 0x0000022469098a10
Event: 17.753 Thread 0x000002247f1f8710 flushing  nmethod 0x00000224690b5410
Event: 17.753 Thread 0x000002247f1f8710 flushing  nmethod 0x00000224690dfb10
Event: 17.753 Thread 0x000002247f1f8710 flushing  nmethod 0x0000022469124610
Event: 17.754 Thread 0x000002247f1f8710 flushing  nmethod 0x0000022469148710
Event: 17.754 Thread 0x000002247f1f8710 flushing  nmethod 0x000002246917f190
Event: 17.755 Thread 0x000002247f1f8710 flushing  nmethod 0x00000224691cba10
Event: 17.755 Thread 0x000002247f1f8710 flushing  nmethod 0x00000224691db510
Event: 17.756 Thread 0x000002247f1f8710 flushing  nmethod 0x0000022469228b90
Event: 17.756 Thread 0x000002247f1f8710 flushing  nmethod 0x0000022469230e90
Event: 17.756 Thread 0x000002247f1f8710 flushing  nmethod 0x0000022469238910
Event: 17.756 Thread 0x000002247f1f8710 flushing  nmethod 0x0000022469239490
Event: 17.756 Thread 0x000002247f1f8710 flushing  nmethod 0x0000022469241990
Event: 17.756 Thread 0x000002247f1f8710 flushing  nmethod 0x0000022469247910
Event: 23.682 Thread 0x000002247f1f8710 flushing  nmethod 0x0000022470549a10
Event: 23.682 Thread 0x000002247f1f8710 flushing  nmethod 0x0000022470556810
Event: 23.690 Thread 0x000002247f1f8710 flushing  nmethod 0x0000022468e61490

Events (20 events):
Event: 18.570 Thread 0x000002241fe8bd80 Thread added: 0x0000022420a834f0
Event: 18.576 Thread 0x000002241fe8bd80 Thread added: 0x0000022420a825c0
Event: 18.584 Thread 0x000002241fe8bd80 Thread added: 0x0000022420a81ba0
Event: 18.709 Thread 0x000002241fe8bd80 Thread added: 0x0000022420a82ad0
Event: 18.710 Thread 0x000002241fe8bd80 Thread added: 0x0000022420a84e40
Event: 18.711 Thread 0x000002241fe8bd80 Thread added: 0x0000022420a85350
Event: 18.713 Thread 0x000002241fe8bd80 Thread added: 0x0000022420a85860
Event: 18.714 Thread 0x000002241fe8bd80 Thread added: 0x0000022420a820b0
Event: 18.716 Thread 0x000002241fe8bd80 Thread added: 0x0000022420a880e0
Event: 18.717 Thread 0x000002241fe8bd80 Thread added: 0x0000022420a88b00
Event: 20.401 Thread 0x000002241f2ac8f0 Thread exited: 0x000002241f2ac8f0
Event: 20.401 Thread 0x00000224204e6a60 Thread exited: 0x00000224204e6a60
Event: 20.500 Thread 0x000002247f219a10 Thread added: 0x00000224231b2630
Event: 20.869 Thread 0x000002241fe8bd80 Thread added: 0x0000022420a871b0
Event: 21.239 Thread 0x00000224231b2630 Thread exited: 0x00000224231b2630
Event: 21.281 Thread 0x000002247f219a10 Thread added: 0x00000224231b3620
Event: 21.550 Thread 0x00000224231b3620 Thread exited: 0x00000224231b3620
Event: 22.103 Thread 0x000002241fe8bd80 Thread added: 0x0000022420a885f0
Event: 22.161 Thread 0x000002247f219a10 Thread added: 0x00000224231b30d0
Event: 22.645 Thread 0x000002247f219a10 Thread added: 0x00000224231b3620


Dynamic libraries:
0x00007ff6802b0000 - 0x00007ff6802be000 	C:\Program Files\Microsoft\jdk-17.0.17.10-hotspot\bin\java.exe
0x00007ff9e4180000 - 0x00007ff9e43e7000 	C:\WINDOWS\SYSTEM32\ntdll.dll
0x00007ff9e2380000 - 0x00007ff9e2449000 	C:\WINDOWS\System32\KERNEL32.DLL
0x00007ff9e1b20000 - 0x00007ff9e1f11000 	C:\WINDOWS\System32\KERNELBASE.dll
0x00007ff9e13b0000 - 0x00007ff9e14fb000 	C:\WINDOWS\System32\ucrtbase.dll
0x00007ff9d81d0000 - 0x00007ff9d81ee000 	C:\Program Files\Microsoft\jdk-17.0.17.10-hotspot\bin\VCRUNTIME140.dll
0x00007ff9d81b0000 - 0x00007ff9d81c8000 	C:\Program Files\Microsoft\jdk-17.0.17.10-hotspot\bin\jli.dll
0x00007ff9e3f30000 - 0x00007ff9e40f5000 	C:\WINDOWS\System32\USER32.dll
0x00007ff9e0a60000 - 0x00007ff9e0a87000 	C:\WINDOWS\System32\win32u.dll
0x00007ff9e1f20000 - 0x00007ff9e1f4b000 	C:\WINDOWS\System32\GDI32.dll
0x00007ff9ce4e0000 - 0x00007ff9ce773000 	C:\WINDOWS\WinSxS\amd64_microsoft.windows.common-controls_6595b64144ccf1df_6.0.26100.8037_none_3e092faae333b53b\COMCTL32.dll
0x00007ff9e1960000 - 0x00007ff9e1a8b000 	C:\WINDOWS\System32\gdi32full.dll
0x00007ff9e3640000 - 0x00007ff9e36e9000 	C:\WINDOWS\System32\msvcrt.dll
0x00007ff9e18b0000 - 0x00007ff9e1953000 	C:\WINDOWS\System32\msvcp_win.dll
0x00007ff9e3910000 - 0x00007ff9e3941000 	C:\WINDOWS\System32\IMM32.DLL
0x00007ff9db0b0000 - 0x00007ff9db0bc000 	C:\Program Files\Microsoft\jdk-17.0.17.10-hotspot\bin\vcruntime140_1.dll
0x00007ff9a5770000 - 0x00007ff9a57f9000 	C:\Program Files\Microsoft\jdk-17.0.17.10-hotspot\bin\msvcp140.dll
0x00007ff95af90000 - 0x00007ff95bc0a000 	C:\Program Files\Microsoft\jdk-17.0.17.10-hotspot\bin\server\jvm.dll
0x00007ff9e2450000 - 0x00007ff9e250b000 	C:\WINDOWS\System32\ADVAPI32.dll
0x00007ff9e20b0000 - 0x00007ff9e2157000 	C:\WINDOWS\System32\sechost.dll
0x00007ff9e28a0000 - 0x00007ff9e29b8000 	C:\WINDOWS\System32\RPCRT4.dll
0x00007ff9e2300000 - 0x00007ff9e2374000 	C:\WINDOWS\System32\WS2_32.dll
0x00007ff9e08e0000 - 0x00007ff9e093e000 	C:\WINDOWS\SYSTEM32\POWRPROF.dll
0x00007ff9d9cf0000 - 0x00007ff9d9cfb000 	C:\WINDOWS\SYSTEM32\VERSION.dll
0x00007ff9c9860000 - 0x00007ff9c9895000 	C:\WINDOWS\SYSTEM32\WINMM.dll
0x00007ff9e08c0000 - 0x00007ff9e08d4000 	C:\WINDOWS\SYSTEM32\UMPDC.dll
0x00007ff9df7b0000 - 0x00007ff9df7cb000 	C:\WINDOWS\SYSTEM32\kernel.appcore.dll
0x00007ff9ce160000 - 0x00007ff9ce16a000 	C:\Program Files\Microsoft\jdk-17.0.17.10-hotspot\bin\jimage.dll
0x00007ff9ce7d0000 - 0x00007ff9cea12000 	C:\WINDOWS\SYSTEM32\DBGHELP.DLL
0x00007ff9e2510000 - 0x00007ff9e2892000 	C:\WINDOWS\System32\combase.dll
0x00007ff9e2cf0000 - 0x00007ff9e2dc7000 	C:\WINDOWS\System32\OLEAUT32.dll
0x00007ff9ce4a0000 - 0x00007ff9ce4db000 	C:\WINDOWS\SYSTEM32\dbgcore.DLL
0x00007ff9e0a90000 - 0x00007ff9e0b35000 	C:\WINDOWS\System32\bcryptPrimitives.dll
0x00007ff9ce150000 - 0x00007ff9ce15f000 	C:\Program Files\Microsoft\jdk-17.0.17.10-hotspot\bin\instrument.dll
0x00007ff9ab980000 - 0x00007ff9ab9a6000 	C:\Program Files\Microsoft\jdk-17.0.17.10-hotspot\bin\java.dll
0x00007ff998b40000 - 0x00007ff998c16000 	C:\Program Files\Microsoft\jdk-17.0.17.10-hotspot\bin\jsvml.dll
0x00007ff9e2ed0000 - 0x00007ff9e362f000 	C:\WINDOWS\System32\SHELL32.dll
0x00007ff9e1500000 - 0x00007ff9e166a000 	C:\WINDOWS\System32\wintypes.dll
0x00007ff9e0b40000 - 0x00007ff9e13a4000 	C:\WINDOWS\System32\windows.storage.dll
0x00007ff9e39a0000 - 0x00007ff9e3a97000 	C:\WINDOWS\System32\SHCORE.dll
0x00007ff9e29c0000 - 0x00007ff9e2a27000 	C:\WINDOWS\System32\shlwapi.dll
0x00007ff9e0980000 - 0x00007ff9e09a9000 	C:\WINDOWS\SYSTEM32\profapi.dll
0x00007ff9bbf20000 - 0x00007ff9bbf38000 	C:\Program Files\Microsoft\jdk-17.0.17.10-hotspot\bin\zip.dll
0x00007ff9ab960000 - 0x00007ff9ab97b000 	C:\Program Files\Microsoft\jdk-17.0.17.10-hotspot\bin\net.dll
0x00007ff9d6730000 - 0x00007ff9d6857000 	C:\WINDOWS\SYSTEM32\WINHTTP.dll
0x00007ff9dfd00000 - 0x00007ff9dfd6b000 	C:\WINDOWS\system32\mswsock.dll
0x00007ff9ab940000 - 0x00007ff9ab956000 	C:\Program Files\Microsoft\jdk-17.0.17.10-hotspot\bin\nio.dll
0x00007ff9b84e0000 - 0x00007ff9b84f0000 	C:\Program Files\Microsoft\jdk-17.0.17.10-hotspot\bin\verify.dll
0x00007ff9db0c0000 - 0x00007ff9db0e7000 	C:\Users\rc\.gradle\native\1def1411415f61bf3af743bc5b6707747c0891f09f0c88961ee8f79bc544acac\windows-amd64\native-platform.dll
0x00007ff9a56f0000 - 0x00007ff9a5767000 	C:\Users\rc\.gradle\native\0.2.8\x86_64-windows-gnu\gradle-fileevents.dll
0x00007ff9b81e0000 - 0x00007ff9b81ea000 	C:\Program Files\Microsoft\jdk-17.0.17.10-hotspot\bin\management.dll
0x00007ff9b4ad0000 - 0x00007ff9b4adc000 	C:\Program Files\Microsoft\jdk-17.0.17.10-hotspot\bin\management_ext.dll
0x00007ff9e38c0000 - 0x00007ff9e38c8000 	C:\WINDOWS\System32\PSAPI.DLL
0x00007ff9df0c0000 - 0x00007ff9df0f3000 	C:\WINDOWS\SYSTEM32\IPHLPAPI.DLL
0x00007ff9e38e0000 - 0x00007ff9e38ea000 	C:\WINDOWS\System32\NSI.dll
0x00007ff9d6990000 - 0x00007ff9d69ad000 	C:\WINDOWS\SYSTEM32\dhcpcsvc6.DLL
0x00007ff9d6880000 - 0x00007ff9d68a3000 	C:\WINDOWS\SYSTEM32\dhcpcsvc.DLL
0x00007ff9df1e0000 - 0x00007ff9df30a000 	C:\WINDOWS\SYSTEM32\DNSAPI.dll
0x00007ff9af7d0000 - 0x00007ff9af7d9000 	C:\Program Files\Microsoft\jdk-17.0.17.10-hotspot\bin\extnet.dll
0x00007ff9e0100000 - 0x00007ff9e011b000 	C:\WINDOWS\SYSTEM32\CRYPTSP.dll
0x00007ff9df710000 - 0x00007ff9df749000 	C:\WINDOWS\system32\rsaenh.dll
0x00007ff9dfdb0000 - 0x00007ff9dfde2000 	C:\WINDOWS\SYSTEM32\USERENV.dll
0x00007ff9e0950000 - 0x00007ff9e097a000 	C:\WINDOWS\SYSTEM32\bcrypt.dll
0x00007ff9dff60000 - 0x00007ff9dff6c000 	C:\WINDOWS\SYSTEM32\CRYPTBASE.dll
0x00007ff9af470000 - 0x00007ff9af47e000 	C:\Program Files\Microsoft\jdk-17.0.17.10-hotspot\bin\sunmscapi.dll
0x00007ff9e1730000 - 0x00007ff9e18a7000 	C:\WINDOWS\System32\CRYPT32.dll
0x00007ff9e0260000 - 0x00007ff9e0290000 	C:\WINDOWS\SYSTEM32\ncrypt.dll
0x00007ff9e0210000 - 0x00007ff9e024f000 	C:\WINDOWS\SYSTEM32\NTASN1.dll
0x00007ff9c9940000 - 0x00007ff9c9948000 	C:\WINDOWS\system32\wshunix.dll

dbghelp: loaded successfully - version: 4.0.5 - missing functions: none
symbol engine: initialized successfully - sym options: 0x614 - pdb path: .;C:\Program Files\Microsoft\jdk-17.0.17.10-hotspot\bin;C:\WINDOWS\SYSTEM32;C:\WINDOWS\WinSxS\amd64_microsoft.windows.common-controls_6595b64144ccf1df_6.0.26100.8037_none_3e092faae333b53b;C:\Program Files\Microsoft\jdk-17.0.17.10-hotspot\bin\server;C:\Users\rc\.gradle\native\1def1411415f61bf3af743bc5b6707747c0891f09f0c88961ee8f79bc544acac\windows-amd64;C:\Users\rc\.gradle\native\0.2.8\x86_64-windows-gnu

VM Arguments:
jvm_args: --add-opens=java.base/java.lang=ALL-UNNAMED --add-opens=java.base/java.lang.invoke=ALL-UNNAMED --add-opens=java.base/java.util=ALL-UNNAMED --add-opens=java.prefs/java.util.prefs=ALL-UNNAMED --add-exports=jdk.compiler/com.sun.tools.javac.api=ALL-UNNAMED --add-exports=jdk.compiler/com.sun.tools.javac.util=ALL-UNNAMED --add-opens=java.base/java.util=ALL-UNNAMED --add-opens=java.prefs/java.util.prefs=ALL-UNNAMED --add-opens=java.base/java.nio.charset=ALL-UNNAMED --add-opens=java.base/java.net=ALL-UNNAMED --add-opens=java.base/java.util.concurrent=ALL-UNNAMED --add-opens=java.base/java.util.concurrent.atomic=ALL-UNNAMED --add-opens=java.xml/javax.xml.namespace=ALL-UNNAMED -XX:MaxMetaspaceSize=512m -Xmx2048m -Dfile.encoding=UTF-8 -Duser.country=US -Duser.language=en -Duser.variant -javaagent:C:\Users\rc\.gradle\wrapper\dists\gradle-9.0.0-bin\d6wjpkvcgsg3oed0qlfss3wgl\gradle-9.0.0\lib\agents\gradle-instrumentation-agent-9.0.0.jar 
java_command: org.gradle.launcher.daemon.bootstrap.GradleDaemon 9.0.0
java_class_path (initial): C:\Users\rc\.gradle\wrapper\dists\gradle-9.0.0-bin\d6wjpkvcgsg3oed0qlfss3wgl\gradle-9.0.0\lib\gradle-daemon-main-9.0.0.jar
Launcher Type: SUN_STANDARD

[Global flags]
     intx CICompilerCount                          = 4                                         {product} {ergonomic}
   size_t CompressedClassSpaceSize                 = 436207616                                 {product} {ergonomic}
     uint ConcGCThreads                            = 2                                         {product} {ergonomic}
     uint G1ConcRefinementThreads                  = 8                                         {product} {ergonomic}
   size_t G1HeapRegionSize                         = 1048576                                   {product} {ergonomic}
    uintx GCDrainStackTargetSize                   = 64                                        {product} {ergonomic}
   size_t InitialHeapSize                          = 130023424                                 {product} {ergonomic}
   size_t MarkStackSize                            = 4194304                                   {product} {ergonomic}
   size_t MaxHeapSize                              = 2147483648                                {product} {command line}
   size_t MaxMetaspaceSize                         = 536870912                                 {product} {command line}
   size_t MaxNewSize                               = 1287651328                                {product} {ergonomic}
   size_t MinHeapDeltaBytes                        = 1048576                                   {product} {ergonomic}
   size_t MinHeapSize                              = 8388608                                   {product} {ergonomic}
    uintx NonNMethodCodeHeapSize                   = 5839372                                {pd product} {ergonomic}
    uintx NonProfiledCodeHeapSize                  = 122909434                              {pd product} {ergonomic}
    uintx ProfiledCodeHeapSize                     = 122909434                              {pd product} {ergonomic}
    uintx ReservedCodeCacheSize                    = 251658240                              {pd product} {ergonomic}
     bool SegmentedCodeCache                       = true                                      {product} {ergonomic}
   size_t SoftMaxHeapSize                          = 2147483648                             {manageable} {ergonomic}
     bool UseCompressedClassPointers               = true                           {product lp64_product} {ergonomic}
     bool UseCompressedOops                        = true                           {product lp64_product} {ergonomic}
     bool UseG1GC                                  = true                                      {product} {ergonomic}
     bool UseLargePagesIndividualAllocation        = false                                  {pd product} {ergonomic}

Logging:
Log output configuration:
 #0: stdout all=warning uptime,level,tags
 #1: stderr all=off uptime,level,tags

Environment Variables:
JAVA_HOME=C:\Program Files\Microsoft\jdk-17.0.17.10-hotspot\
PATH=C:\Program Files\Microsoft\jdk-17.0.17.10-hotspot\bin;C:\WINDOWS\system32;C:\WINDOWS;C:\WINDOWS\System32\Wbem;C:\WINDOWS\System32\WindowsPowerShell\v1.0\;C:\WINDOWS\System32\OpenSSH\;C:\Users\rc\Downloads\platform-tools-latest-windows\platform-tools;C:\ProgramData\chocolatey\bin;C:\Program Files\nodejs\;C:\Users\rc\AppData\Local\Android\Sdk\platform-tools;C:\Program Files\MySQL\MySQL Server 8.0\bin;C:\Users\rc\AppData\Local\Programs\Microsoft VS Code\bin;C:\Program Files\Git\cmd;C:\Users\rc\AppData\Local\Microsoft\WindowsApps;C:\Users\rc\AppData\Local\Programs\Microsoft VS Code\bin;C:\Users\rc\AppData\Roaming\npm;C:\Users\rc\AppData\Local\Android\Sdk\platform-tools;C:\Users\rc\AppData\Local\Programs\Antigravity\bin
USERNAME=rc
OS=Windows_NT
PROCESSOR_IDENTIFIER=Intel64 Family 6 Model 142 Stepping 12, GenuineIntel
TMP=C:\Users\rc\AppData\Local\Temp
TEMP=C:\Users\rc\AppData\Local\Temp



Periodic native trim disabled


---------------  S Y S T E M  ---------------

OS:
 Windows 11 , 64 bit Build 26100 (10.0.26100.7920)
OS uptime: 0 days 0:46 hours
Hyper-V role detected

CPU: total 8 (initial active 8) (4 cores per cpu, 2 threads per core) family 6 model 142 stepping 12 microcode 0xfa, cx8, cmov, fxsr, ht, mmx, 3dnowpref, sse, sse2, sse3, ssse3, sse4.1, sse4.2, popcnt, lzcnt, tsc, tscinvbit, avx, avx2, aes, erms, clmul, bmi1, bmi2, adx, fma, vzeroupper, clflush, clflushopt, hv
Processor Information for the first 8 processors :
  Max Mhz: 1901, Current Mhz: 1400, Mhz Limit: 1901

Memory: 4k page, system-wide physical 7928M (1104M free)
TotalPageFile size 7928M (AvailPageFile size 4M)
current process WorkingSet (physical memory assigned to process): 332M, peak: 348M
current process commit charge ("private bytes"): 459M, peak: 474M

vm_info: OpenJDK 64-Bit Server VM (17.0.17+10-LTS) for windows-amd64 JRE (17.0.17+10-LTS), built on Oct 13 2025 22:19:56 by "MicrosoftCorporation" with unknown MS VC++:1944

END.
