#
# There is insufficient memory for the Java Runtime Environment to continue.
# Native memory allocation (malloc) failed to allocate 1901520 bytes. Error detail: Chunk::new
# Possible reasons:
#   The system is out of physical RAM or swap space
#   This process is running with CompressedOops enabled, and the Java Heap may be blocking the growth of the native heap
# Possible solutions:
#   Reduce memory load on the system
#   Increase physical memory or swap space
#   Check if swap backing store is full
#   Decrease Java heap size (-Xmx/-Xms)
#   Decrease number of Java threads
#   Decrease Java thread stack sizes (-Xss)
#   Set larger code cache with -XX:ReservedCodeCacheSize=
#   JVM is running with Unscaled Compressed Oops mode in which the Java heap is
#     placed in the first 4GB address space. The Java Heap base address is the
#     maximum limit for the native heap growth. Please use -XX:HeapBaseMinAddress
#     to set the Java Heap base and to place the Java Heap above 4GB virtual address.
# This output file may be truncated or incomplete.
#
#  Out of Memory Error (arena.cpp:191), pid=11328, tid=14268
#
# JRE version: OpenJDK Runtime Environment Microsoft-12574423 (17.0.17+10) (build 17.0.17+10-LTS)
# Java VM: OpenJDK 64-Bit Server VM Microsoft-12574423 (17.0.17+10-LTS, mixed mode, sharing, tiered, compressed oops, compressed class ptrs, g1 gc, windows-amd64)
# No core dump will be written. Minidumps are not enabled by default on client versions of Windows
#

---------------  S U M M A R Y ------------

Command Line: --add-opens=java.base/java.lang=ALL-UNNAMED --add-opens=java.base/java.lang.invoke=ALL-UNNAMED --add-opens=java.base/java.util=ALL-UNNAMED --add-opens=java.prefs/java.util.prefs=ALL-UNNAMED --add-exports=jdk.compiler/com.sun.tools.javac.api=ALL-UNNAMED --add-exports=jdk.compiler/com.sun.tools.javac.util=ALL-UNNAMED --add-opens=java.base/java.util=ALL-UNNAMED --add-opens=java.prefs/java.util.prefs=ALL-UNNAMED --add-opens=java.base/java.nio.charset=ALL-UNNAMED --add-opens=java.base/java.net=ALL-UNNAMED --add-opens=java.base/java.util.concurrent=ALL-UNNAMED --add-opens=java.base/java.util.concurrent.atomic=ALL-UNNAMED --add-opens=java.xml/javax.xml.namespace=ALL-UNNAMED -XX:MaxMetaspaceSize=512m -Xmx2048m -Dfile.encoding=UTF-8 -Duser.country=US -Duser.language=en -Duser.variant -javaagent:C:\Users\rc\.gradle\wrapper\dists\gradle-9.0.0-bin\d6wjpkvcgsg3oed0qlfss3wgl\gradle-9.0.0\lib\agents\gradle-instrumentation-agent-9.0.0.jar org.gradle.launcher.daemon.bootstrap.GradleDaemon 9.0.0

Host: Intel(R) Core(TM) i5-8365U CPU @ 1.60GHz, 8 cores, 7G,  Windows 11 , 64 bit Build 26100 (10.0.26100.7920)
Time: Wed Apr  1 13:02:06 2026 India Standard Time elapsed time: 26.474361 seconds (0d 0h 0m 26s)

---------------  T H R E A D  ---------------

Current thread (0x0000018efe4d0290):  JavaThread "C2 CompilerThread0" daemon [_thread_in_native, id=14268, stack(0x00000073aca00000,0x00000073acb00000)]


Current CompileTask:
C2:26474 7524       4       sun.reflect.generics.parser.SignatureParser::parseFieldTypeSignature (73 bytes)

Stack: [0x00000073aca00000,0x00000073acb00000]
Native frames: (J=compiled Java code, j=interpreted, Vv=VM code, C=native code)
V  [jvm.dll+0x68c459]  (no source info available)
V  [jvm.dll+0x845e09]  (no source info available)
V  [jvm.dll+0x847b78]  (no source info available)
V  [jvm.dll+0x848203]  (no source info available)
V  [jvm.dll+0x24cf6f]  (no source info available)
V  [jvm.dll+0xaecb6]  (no source info available)
V  [jvm.dll+0xaf35c]  (no source info available)
V  [jvm.dll+0x37157e]  (no source info available)
V  [jvm.dll+0x33b8d5]  (no source info available)
V  [jvm.dll+0x33ad3a]  (no source info available)
V  [jvm.dll+0x21df29]  (no source info available)
V  [jvm.dll+0x21d36d]  (no source info available)
V  [jvm.dll+0x1a8ce6]  (no source info available)
V  [jvm.dll+0x22db1b]  (no source info available)
V  [jvm.dll+0x22bca6]  (no source info available)
V  [jvm.dll+0x7fb65b]  (no source info available)
V  [jvm.dll+0x7f5a5c]  (no source info available)
V  [jvm.dll+0x68d9f7]  (no source info available)
C  [ucrtbase.dll+0x37b0]  (no source info available)
C  [KERNEL32.DLL+0x2e8d7]  (no source info available)
C  [ntdll.dll+0x8c48c]  (no source info available)


---------------  P R O C E S S  ---------------

Threads class SMR info:
_java_thread_list=0x0000018eba776ca0, length=70, elements={
0x0000018ef560bf80, 0x0000018efe4b43d0, 0x0000018efe4b4ea0, 0x0000018efe4cbc10,
0x0000018efe4cc4e0, 0x0000018efe4ccdb0, 0x0000018efe4cd680, 0x0000018efe4d0290,
0x0000018efe4dc4b0, 0x0000018efe4e2a00, 0x0000018efec57430, 0x0000018efeceb770,
0x0000018eb4da14e0, 0x0000018eb5137dd0, 0x0000018eb417c6f0, 0x0000018eb51a2f30,
0x0000018eb51a37e0, 0x0000018eff2a3300, 0x0000018eb44c9e00, 0x0000018eb44c93e0,
0x0000018eb44c7fa0, 0x0000018eb44c7580, 0x0000018eb44ca310, 0x0000018eb44c8ed0,
0x0000018eb44c7070, 0x0000018eb44c7a90, 0x0000018eb44c84b0, 0x0000018eb44c89c0,
0x0000018eff2b3230, 0x0000018eff2b09b0, 0x0000018eff2b2d20, 0x0000018eff2b13d0,
0x0000018eff2b0ec0, 0x0000018eff2b04a0, 0x0000018eff2b5090, 0x0000018eff2b3c50,
0x0000018eff2b1df0, 0x0000018eff2b4160, 0x0000018eff2b4b80, 0x0000018eff2b55a0,
0x0000018eff2b5ab0, 0x0000018eff2b5fc0, 0x0000018eff2b64d0, 0x0000018eff2b7400,
0x0000018eff2b69e0, 0x0000018eff2b6ef0, 0x0000018eff2b7910, 0x0000018eff1a9980,
0x0000018eff1a7100, 0x0000018eff1a8a50, 0x0000018eff1a7610, 0x0000018eff1aa8b0,
0x0000018eff1a8f60, 0x0000018eff1a9e90, 0x0000018eff1aa3a0, 0x0000018eff1aadc0,
0x0000018eff1a8030, 0x0000018eff1ab2d0, 0x0000018eff1a9470, 0x0000018eff1a7b20,
0x0000018eff1ae570, 0x0000018eff1ae060, 0x0000018eff1ad640, 0x0000018eff1acc20,
0x0000018eff1ad130, 0x0000018eff1aea80, 0x0000018eff1abcf0, 0x0000018eff1ac710,
0x0000018eff1adb50, 0x0000018eb44ca820
}

Java Threads: ( => current thread )
  0x0000018ef560bf80 JavaThread "main" [_thread_blocked, id=14960, stack(0x00000073abd00000,0x00000073abe00000)]
  0x0000018efe4b43d0 JavaThread "Reference Handler" daemon [_thread_blocked, id=16416, stack(0x00000073ac400000,0x00000073ac500000)]
  0x0000018efe4b4ea0 JavaThread "Finalizer" daemon [_thread_blocked, id=15148, stack(0x00000073ac500000,0x00000073ac600000)]
  0x0000018efe4cbc10 JavaThread "Signal Dispatcher" daemon [_thread_blocked, id=10052, stack(0x00000073ac600000,0x00000073ac700000)]
  0x0000018efe4cc4e0 JavaThread "Attach Listener" daemon [_thread_blocked, id=10728, stack(0x00000073ac700000,0x00000073ac800000)]
  0x0000018efe4ccdb0 JavaThread "Service Thread" daemon [_thread_blocked, id=9676, stack(0x00000073ac800000,0x00000073ac900000)]
  0x0000018efe4cd680 JavaThread "Monitor Deflation Thread" daemon [_thread_blocked, id=12956, stack(0x00000073ac900000,0x00000073aca00000)]
=>0x0000018efe4d0290 JavaThread "C2 CompilerThread0" daemon [_thread_in_native, id=14268, stack(0x00000073aca00000,0x00000073acb00000)]
  0x0000018efe4dc4b0 JavaThread "C1 CompilerThread0" daemon [_thread_blocked, id=7812, stack(0x00000073acb00000,0x00000073acc00000)]
  0x0000018efe4e2a00 JavaThread "Sweeper thread" daemon [_thread_blocked, id=15300, stack(0x00000073acc00000,0x00000073acd00000)]
  0x0000018efec57430 JavaThread "Common-Cleaner" daemon [_thread_blocked, id=7148, stack(0x00000073acd00000,0x00000073ace00000)]
  0x0000018efeceb770 JavaThread "Notification Thread" daemon [_thread_blocked, id=15572, stack(0x00000073ace00000,0x00000073acf00000)]
  0x0000018eb4da14e0 JavaThread "Daemon health stats" [_thread_blocked, id=3412, stack(0x00000073ad100000,0x00000073ad200000)]
  0x0000018eb5137dd0 JavaThread "Incoming local TCP Connector on port 62082" [_thread_in_native, id=15092, stack(0x00000073ad000000,0x00000073ad100000)]
  0x0000018eb417c6f0 JavaThread "Daemon periodic checks" [_thread_blocked, id=10044, stack(0x00000073ad700000,0x00000073ad800000)]
  0x0000018eb51a2f30 JavaThread "Daemon" [_thread_blocked, id=7656, stack(0x00000073ad800000,0x00000073ad900000)]
  0x0000018eb51a37e0 JavaThread "Handler for socket connection from /127.0.0.1:62082 to /127.0.0.1:62083" [_thread_in_native, id=15920, stack(0x00000073ad900000,0x00000073ada00000)]
  0x0000018eff2a3300 JavaThread "Cancel handler" [_thread_blocked, id=11324, stack(0x00000073ada00000,0x00000073adb00000)]
  0x0000018eb44c9e00 JavaThread "Daemon worker" [_thread_in_native, id=13384, stack(0x00000073adb00000,0x00000073adc00000)]
  0x0000018eb44c93e0 JavaThread "Asynchronous log dispatcher for DefaultDaemonConnection: socket connection from /127.0.0.1:62082 to /127.0.0.1:62083" [_thread_blocked, id=6392, stack(0x00000073adc00000,0x00000073add00000)]
  0x0000018eb44c7fa0 JavaThread "Stdin handler" [_thread_blocked, id=12280, stack(0x00000073add00000,0x00000073ade00000)]
  0x0000018eb44c7580 JavaThread "Daemon client event forwarder" [_thread_blocked, id=14296, stack(0x00000073ade00000,0x00000073adf00000)]
  0x0000018eb44ca310 JavaThread "Cache worker for journal cache (C:\Users\rc\.gradle\caches\journal-1)" [_thread_blocked, id=4036, stack(0x00000073adf00000,0x00000073ae000000)]
  0x0000018eb44c8ed0 JavaThread "File lock request listener" [_thread_in_native, id=9276, stack(0x00000073ae000000,0x00000073ae100000)]
  0x0000018eb44c7070 JavaThread "Cache worker for file hash cache (C:\Users\rc\.gradle\caches\9.0.0\fileHashes)" [_thread_blocked, id=8408, stack(0x00000073ae200000,0x00000073ae300000)]
  0x0000018eb44c7a90 JavaThread "Cache worker for file hash cache (D:\Aman\RMSApp\android\.gradle\9.0.0\fileHashes)" [_thread_blocked, id=13664, stack(0x00000073ae800000,0x00000073ae900000)]
  0x0000018eb44c84b0 JavaThread "Cache worker for Build Output Cleanup Cache (D:\Aman\RMSApp\android\.gradle\buildOutputCleanup)" [_thread_blocked, id=7160, stack(0x00000073ae900000,0x00000073aea00000)]
  0x0000018eb44c89c0 JavaThread "File watcher server" daemon [_thread_in_native, id=16776, stack(0x00000073aea00000,0x00000073aeb00000)]
  0x0000018eff2b3230 JavaThread "File watcher consumer" daemon [_thread_blocked, id=14168, stack(0x00000073aeb00000,0x00000073aec00000)]
  0x0000018eff2b09b0 JavaThread "jar transforms" [_thread_blocked, id=7448, stack(0x00000073aec00000,0x00000073aed00000)]
  0x0000018eff2b2d20 JavaThread "jar transforms Thread 2" [_thread_blocked, id=13776, stack(0x00000073aed00000,0x00000073aee00000)]
  0x0000018eff2b13d0 JavaThread "jar transforms Thread 3" [_thread_blocked, id=13920, stack(0x00000073aee00000,0x00000073aef00000)]
  0x0000018eff2b0ec0 JavaThread "Cache worker for checksums cache (D:\Aman\RMSApp\android\.gradle\9.0.0\checksums)" [_thread_blocked, id=7608, stack(0x00000073ae500000,0x00000073ae600000)]
  0x0000018eff2b04a0 JavaThread "Cache worker for file content cache (C:\Users\rc\.gradle\caches\9.0.0\fileContent)" [_thread_blocked, id=14888, stack(0x00000073aef00000,0x00000073af000000)]
  0x0000018eff2b5090 JavaThread "Cache worker for cache directory md-supplier (C:\Users\rc\.gradle\caches\9.0.0\md-supplier)" [_thread_blocked, id=8832, stack(0x00000073af100000,0x00000073af200000)]
  0x0000018eff2b3c50 JavaThread "Cache worker for cache directory md-rule (C:\Users\rc\.gradle\caches\9.0.0\md-rule)" [_thread_blocked, id=4812, stack(0x00000073af200000,0x00000073af300000)]
  0x0000018eff2b1df0 JavaThread "jar transforms Thread 4" [_thread_blocked, id=2988, stack(0x00000073af300000,0x00000073af400000)]
  0x0000018eff2b4160 JavaThread "jar transforms Thread 5" [_thread_blocked, id=768, stack(0x00000073af400000,0x00000073af500000)]
  0x0000018eff2b4b80 JavaThread "jar transforms Thread 6" [_thread_blocked, id=16292, stack(0x00000073af500000,0x00000073af600000)]
  0x0000018eff2b55a0 JavaThread "jar transforms Thread 7" [_thread_blocked, id=964, stack(0x00000073af600000,0x00000073af700000)]
  0x0000018eff2b5ab0 JavaThread "jar transforms Thread 8" [_thread_blocked, id=15804, stack(0x00000073af700000,0x00000073af800000)]
  0x0000018eff2b5fc0 JavaThread "Cache worker for Build Output Cleanup Cache (D:\Aman\RMSApp\node_modules\@react-native\gradle-plugin\.gradle\buildOutputCleanup)" [_thread_blocked, id=14800, stack(0x00000073af800000,0x00000073af900000)]
  0x0000018eff2b64d0 JavaThread "Unconstrained build operations" [_thread_blocked, id=1740, stack(0x00000073ae700000,0x00000073ae800000)]
  0x0000018eff2b7400 JavaThread "Unconstrained build operations Thread 2" [_thread_blocked, id=6664, stack(0x00000073af000000,0x00000073af100000)]
  0x0000018eff2b69e0 JavaThread "Unconstrained build operations Thread 3" [_thread_blocked, id=7632, stack(0x00000073af900000,0x00000073afa00000)]
  0x0000018eff2b6ef0 JavaThread "Unconstrained build operations Thread 4" [_thread_blocked, id=3404, stack(0x00000073afa00000,0x00000073afb00000)]
  0x0000018eff2b7910 JavaThread "Unconstrained build operations Thread 5" [_thread_blocked, id=16252, stack(0x00000073afc00000,0x00000073afd00000)]
  0x0000018eff1a9980 JavaThread "Unconstrained build operations Thread 6" [_thread_blocked, id=14012, stack(0x00000073afd00000,0x00000073afe00000)]
  0x0000018eff1a7100 JavaThread "Unconstrained build operations Thread 7" [_thread_blocked, id=9760, stack(0x00000073aff00000,0x00000073b0000000)]
  0x0000018eff1a8a50 JavaThread "Unconstrained build operations Thread 8" [_thread_blocked, id=15872, stack(0x00000073b0000000,0x00000073b0100000)]
  0x0000018eff1a7610 JavaThread "Unconstrained build operations Thread 9" [_thread_blocked, id=3968, stack(0x00000073b0100000,0x00000073b0200000)]
  0x0000018eff1aa8b0 JavaThread "Unconstrained build operations Thread 10" [_thread_blocked, id=14224, stack(0x00000073b0200000,0x00000073b0300000)]
  0x0000018eff1a8f60 JavaThread "Unconstrained build operations Thread 11" [_thread_blocked, id=7248, stack(0x00000073b0300000,0x00000073b0400000)]
  0x0000018eff1a9e90 JavaThread "Unconstrained build operations Thread 12" [_thread_blocked, id=9452, stack(0x00000073b0400000,0x00000073b0500000)]
  0x0000018eff1aa3a0 JavaThread "Unconstrained build operations Thread 13" [_thread_blocked, id=13004, stack(0x00000073b0500000,0x00000073b0600000)]
  0x0000018eff1aadc0 JavaThread "Unconstrained build operations Thread 14" [_thread_blocked, id=15352, stack(0x00000073b0600000,0x00000073b0700000)]
  0x0000018eff1a8030 JavaThread "Unconstrained build operations Thread 15" [_thread_blocked, id=1400, stack(0x00000073b0700000,0x00000073b0800000)]
  0x0000018eff1ab2d0 JavaThread "Unconstrained build operations Thread 16" [_thread_blocked, id=2020, stack(0x00000073b0800000,0x00000073b0900000)]
  0x0000018eff1a9470 JavaThread "Unconstrained build operations Thread 17" [_thread_blocked, id=11580, stack(0x00000073b0900000,0x00000073b0a00000)]
  0x0000018eff1a7b20 JavaThread "Unconstrained build operations Thread 18" [_thread_blocked, id=5048, stack(0x00000073b0a00000,0x00000073b0b00000)]
  0x0000018eff1ae570 JavaThread "Unconstrained build operations Thread 19" [_thread_blocked, id=2828, stack(0x00000073b0b00000,0x00000073b0c00000)]
  0x0000018eff1ae060 JavaThread "Unconstrained build operations Thread 20" [_thread_blocked, id=14480, stack(0x00000073b0c00000,0x00000073b0d00000)]
  0x0000018eff1ad640 JavaThread "Unconstrained build operations Thread 21" [_thread_blocked, id=11980, stack(0x00000073b0d00000,0x00000073b0e00000)]
  0x0000018eff1acc20 JavaThread "Unconstrained build operations Thread 22" [_thread_blocked, id=12028, stack(0x00000073b0e00000,0x00000073b0f00000)]
  0x0000018eff1ad130 JavaThread "Unconstrained build operations Thread 23" [_thread_blocked, id=13752, stack(0x00000073b0f00000,0x00000073b1000000)]
  0x0000018eff1aea80 JavaThread "Unconstrained build operations Thread 24" [_thread_blocked, id=2680, stack(0x00000073b1000000,0x00000073b1100000)]
  0x0000018eff1abcf0 JavaThread "Unconstrained build operations Thread 25" [_thread_blocked, id=11052, stack(0x00000073b1100000,0x00000073b1200000)]
  0x0000018eff1ac710 JavaThread "Unconstrained build operations Thread 26" [_thread_blocked, id=5008, stack(0x00000073b1200000,0x00000073b1300000)]
  0x0000018eff1adb50 JavaThread "Unconstrained build operations Thread 27" [_thread_blocked, id=12348, stack(0x00000073b1300000,0x00000073b1400000)]
  0x0000018eb44ca820 JavaThread "build event listener" [_thread_blocked, id=16616, stack(0x00000073afe00000,0x00000073aff00000)]

Other Threads:
  0x0000018efe4a6fc0 VMThread "VM Thread" [stack: 0x00000073ac300000,0x00000073ac400000] [id=4924]
  0x0000018ef560cd10 WatcherThread [stack: 0x00000073acf00000,0x00000073ad000000] [id=11288]
  0x0000018ef566acb0 GCTaskThread "GC Thread#0" [stack: 0x00000073abe00000,0x00000073abf00000] [id=9720]
  0x0000018eff383c60 GCTaskThread "GC Thread#1" [stack: 0x00000073ad200000,0x00000073ad300000] [id=5272]
  0x0000018efee488b0 GCTaskThread "GC Thread#2" [stack: 0x00000073ad300000,0x00000073ad400000] [id=3572]
  0x0000018eff03a690 GCTaskThread "GC Thread#3" [stack: 0x00000073ad400000,0x00000073ad500000] [id=10720]
  0x0000018eb4683850 GCTaskThread "GC Thread#4" [stack: 0x00000073ad500000,0x00000073ad600000] [id=5560]
  0x0000018eff655b60 GCTaskThread "GC Thread#5" [stack: 0x00000073ae100000,0x00000073ae200000] [id=14812]
  0x0000018eff655e30 GCTaskThread "GC Thread#6" [stack: 0x00000073ae300000,0x00000073ae400000] [id=16408]
  0x0000018eff6552f0 GCTaskThread "GC Thread#7" [stack: 0x00000073ae400000,0x00000073ae500000] [id=14436]
  0x0000018ef567bb20 ConcurrentGCThread "G1 Main Marker" [stack: 0x00000073abf00000,0x00000073ac000000] [id=11496]
  0x0000018ef567d120 ConcurrentGCThread "G1 Conc#0" [stack: 0x00000073ac000000,0x00000073ac100000] [id=1560]
  0x0000018eff6563d0 ConcurrentGCThread "G1 Conc#1" [stack: 0x00000073ae600000,0x00000073ae700000] [id=12876]
  0x0000018efe365cf0 ConcurrentGCThread "G1 Refine#0" [stack: 0x00000073ac100000,0x00000073ac200000] [id=6100]
  0x0000018eff657530 ConcurrentGCThread "G1 Refine#1" [stack: 0x00000073ad600000,0x00000073ad700000] [id=13592]
  0x0000018efe3664e0 ConcurrentGCThread "G1 Service" [stack: 0x00000073ac200000,0x00000073ac300000] [id=4576]

Threads with active compile tasks:
C2 CompilerThread0  26600 7524       4       sun.reflect.generics.parser.SignatureParser::parseFieldTypeSignature (73 bytes)

VM state: not at safepoint (normal execution)

VM Mutex/Monitor currently owned by a thread: None

Heap address: 0x0000000080000000, size: 2048 MB, Compressed Oops mode: 32-bit

CDS archive(s) mapped at: [0x0000018e95000000-0x0000018e95bb0000-0x0000018e95bb0000), size 12255232, SharedBaseAddress: 0x0000018e95000000, ArchiveRelocationMode: 1.
Compressed class space mapped at: 0x0000018e96000000-0x0000018eb0000000, reserved size: 436207616
Narrow klass base: 0x0000018e95000000, Narrow klass shift: 0, Narrow klass range: 0x100000000

GC Precious Log:
 CPUs: 8 total, 8 available
 Memory: 7928M
 Large Page Support: Disabled
 NUMA Support: Disabled
 Compressed Oops: Enabled (32-bit)
 Heap Region Size: 1M
 Heap Min Capacity: 8M
 Heap Initial Capacity: 124M
 Heap Max Capacity: 2G
 Pre-touch: Disabled
 Parallel Workers: 8
 Concurrent Workers: 2
 Concurrent Refinement Workers: 8
 Periodic GC: Disabled

Heap:
 garbage-first heap   total 130048K, used 66197K [0x0000000080000000, 0x0000000100000000)
  region size 1024K, 11 young (11264K), 3 survivors (3072K)
 Metaspace       used 59855K, committed 60800K, reserved 491520K
  class space    used 8495K, committed 8960K, reserved 425984K

Heap Regions: E=young(eden), S=young(survivor), O=old, HS=humongous(starts), HC=humongous(continues), CS=collection set, F=free, OA=open archive, CA=closed archive, TAMS=top-at-mark-start (previous, next)
|   0|0x0000000080000000, 0x0000000080100000, 0x0000000080100000|100%|HS|  |TAMS 0x0000000080100000, 0x0000000080000000| Complete 
|   1|0x0000000080100000, 0x0000000080200000, 0x0000000080200000|100%|HC|  |TAMS 0x0000000080200000, 0x0000000080100000| Complete 
|   2|0x0000000080200000, 0x0000000080300000, 0x0000000080300000|100%|HC|  |TAMS 0x0000000080300000, 0x0000000080200000| Complete 
|   3|0x0000000080300000, 0x0000000080400000, 0x0000000080400000|100%| O|  |TAMS 0x0000000080400000, 0x0000000080300000| Untracked 
|   4|0x0000000080400000, 0x0000000080500000, 0x0000000080500000|100%| O|  |TAMS 0x0000000080500000, 0x0000000080400000| Untracked 
|   5|0x0000000080500000, 0x0000000080600000, 0x0000000080600000|100%| O|  |TAMS 0x0000000080600000, 0x0000000080500000| Untracked 
|   6|0x0000000080600000, 0x0000000080700000, 0x0000000080700000|100%|HS|  |TAMS 0x0000000080700000, 0x0000000080600000| Complete 
|   7|0x0000000080700000, 0x0000000080800000, 0x0000000080800000|100%| O|  |TAMS 0x0000000080800000, 0x0000000080700000| Untracked 
|   8|0x0000000080800000, 0x0000000080900000, 0x0000000080900000|100%| O|  |TAMS 0x0000000080900000, 0x0000000080800000| Untracked 
|   9|0x0000000080900000, 0x0000000080a00000, 0x0000000080a00000|100%| O|  |TAMS 0x0000000080a00000, 0x0000000080900000| Untracked 
|  10|0x0000000080a00000, 0x0000000080b00000, 0x0000000080b00000|100%| O|  |TAMS 0x0000000080b00000, 0x0000000080a00000| Untracked 
|  11|0x0000000080b00000, 0x0000000080c00000, 0x0000000080c00000|100%| O|  |TAMS 0x0000000080c00000, 0x0000000080b00000| Untracked 
|  12|0x0000000080c00000, 0x0000000080d00000, 0x0000000080d00000|100%| O|  |TAMS 0x0000000080d00000, 0x0000000080c00000| Untracked 
|  13|0x0000000080d00000, 0x0000000080e00000, 0x0000000080e00000|100%| O|  |TAMS 0x0000000080e00000, 0x0000000080d00000| Untracked 
|  14|0x0000000080e00000, 0x0000000080f00000, 0x0000000080f00000|100%| O|  |TAMS 0x0000000080f00000, 0x0000000080e00000| Untracked 
|  15|0x0000000080f00000, 0x0000000081000000, 0x0000000081000000|100%| O|  |TAMS 0x0000000081000000, 0x0000000080f00000| Untracked 
|  16|0x0000000081000000, 0x0000000081100000, 0x0000000081100000|100%| O|  |TAMS 0x0000000081100000, 0x0000000081000000| Untracked 
|  17|0x0000000081100000, 0x0000000081200000, 0x0000000081200000|100%| O|  |TAMS 0x0000000081200000, 0x0000000081100000| Untracked 
|  18|0x0000000081200000, 0x0000000081300000, 0x0000000081300000|100%| O|  |TAMS 0x0000000081300000, 0x0000000081200000| Untracked 
|  19|0x0000000081300000, 0x0000000081400000, 0x0000000081400000|100%| O|  |TAMS 0x0000000081400000, 0x0000000081300000| Untracked 
|  20|0x0000000081400000, 0x0000000081500000, 0x0000000081500000|100%| O|  |TAMS 0x0000000081500000, 0x0000000081400000| Untracked 
|  21|0x0000000081500000, 0x0000000081600000, 0x0000000081600000|100%| O|  |TAMS 0x0000000081600000, 0x0000000081500000| Untracked 
|  22|0x0000000081600000, 0x0000000081700000, 0x0000000081700000|100%| O|  |TAMS 0x0000000081700000, 0x0000000081600000| Untracked 
|  23|0x0000000081700000, 0x0000000081800000, 0x0000000081800000|100%| O|  |TAMS 0x0000000081800000, 0x0000000081700000| Untracked 
|  24|0x0000000081800000, 0x0000000081900000, 0x0000000081900000|100%| O|  |TAMS 0x0000000081900000, 0x0000000081800000| Untracked 
|  25|0x0000000081900000, 0x0000000081a00000, 0x0000000081a00000|100%| O|  |TAMS 0x0000000081a00000, 0x0000000081900000| Untracked 
|  26|0x0000000081a00000, 0x0000000081b00000, 0x0000000081b00000|100%| O|  |TAMS 0x0000000081b00000, 0x0000000081a00000| Untracked 
|  27|0x0000000081b00000, 0x0000000081c00000, 0x0000000081c00000|100%| O|  |TAMS 0x0000000081c00000, 0x0000000081b00000| Untracked 
|  28|0x0000000081c00000, 0x0000000081d00000, 0x0000000081d00000|100%| O|  |TAMS 0x0000000081d00000, 0x0000000081c00000| Untracked 
|  29|0x0000000081d00000, 0x0000000081e00000, 0x0000000081e00000|100%| O|  |TAMS 0x0000000081e00000, 0x0000000081d00000| Untracked 
|  30|0x0000000081e00000, 0x0000000081f00000, 0x0000000081f00000|100%| O|  |TAMS 0x0000000081f00000, 0x0000000081e00000| Untracked 
|  31|0x0000000081f00000, 0x0000000082000000, 0x0000000082000000|100%| O|  |TAMS 0x0000000082000000, 0x0000000081f00000| Untracked 
|  32|0x0000000082000000, 0x0000000082100000, 0x0000000082100000|100%| O|  |TAMS 0x0000000082100000, 0x0000000082000000| Untracked 
|  33|0x0000000082100000, 0x0000000082200000, 0x0000000082200000|100%| O|  |TAMS 0x0000000082200000, 0x0000000082100000| Untracked 
|  34|0x0000000082200000, 0x0000000082300000, 0x0000000082300000|100%| O|  |TAMS 0x0000000082300000, 0x0000000082200000| Untracked 
|  35|0x0000000082300000, 0x0000000082400000, 0x0000000082400000|100%| O|  |TAMS 0x0000000082400000, 0x0000000082300000| Untracked 
|  36|0x0000000082400000, 0x0000000082500000, 0x0000000082500000|100%| O|  |TAMS 0x0000000082500000, 0x0000000082400000| Untracked 
|  37|0x0000000082500000, 0x0000000082600000, 0x0000000082600000|100%|HS|  |TAMS 0x0000000082600000, 0x0000000082500000| Complete 
|  38|0x0000000082600000, 0x0000000082700000, 0x0000000082700000|100%|HC|  |TAMS 0x0000000082700000, 0x0000000082600000| Complete 
|  39|0x0000000082700000, 0x0000000082800000, 0x0000000082800000|100%|HC|  |TAMS 0x0000000082800000, 0x0000000082700000| Complete 
|  40|0x0000000082800000, 0x0000000082900000, 0x0000000082900000|100%|HS|  |TAMS 0x0000000082900000, 0x0000000082800000| Complete 
|  41|0x0000000082900000, 0x0000000082a00000, 0x0000000082a00000|100%|HC|  |TAMS 0x0000000082a00000, 0x0000000082900000| Complete 
|  42|0x0000000082a00000, 0x0000000082b00000, 0x0000000082b00000|100%|HC|  |TAMS 0x0000000082b00000, 0x0000000082a00000| Complete 
|  43|0x0000000082b00000, 0x0000000082c00000, 0x0000000082c00000|100%| O|  |TAMS 0x0000000082c00000, 0x0000000082b00000| Untracked 
|  44|0x0000000082c00000, 0x0000000082d00000, 0x0000000082d00000|100%| O|  |TAMS 0x0000000082d00000, 0x0000000082c00000| Untracked 
|  45|0x0000000082d00000, 0x0000000082e00000, 0x0000000082e00000|100%| O|  |TAMS 0x0000000082e00000, 0x0000000082d00000| Untracked 
|  46|0x0000000082e00000, 0x0000000082f00000, 0x0000000082f00000|100%| O|  |TAMS 0x0000000082f00000, 0x0000000082e00000| Untracked 
|  47|0x0000000082f00000, 0x0000000083000000, 0x0000000083000000|100%| O|  |TAMS 0x0000000083000000, 0x0000000082f00000| Untracked 
|  48|0x0000000083000000, 0x0000000083100000, 0x0000000083100000|100%| O|  |TAMS 0x00000000830c4208, 0x0000000083000000| Untracked 
|  49|0x0000000083100000, 0x0000000083200000, 0x0000000083200000|100%| O|  |TAMS 0x0000000083100000, 0x0000000083100000| Untracked 
|  50|0x0000000083200000, 0x0000000083300000, 0x0000000083300000|100%| O|  |TAMS 0x0000000083200000, 0x0000000083200000| Untracked 
|  51|0x0000000083300000, 0x0000000083400000, 0x0000000083400000|100%| O|  |TAMS 0x0000000083300000, 0x0000000083300000| Untracked 
|  52|0x0000000083400000, 0x0000000083500000, 0x0000000083500000|100%| O|  |TAMS 0x0000000083400000, 0x0000000083400000| Untracked 
|  53|0x0000000083500000, 0x0000000083600000, 0x0000000083600000|100%| O|  |TAMS 0x0000000083500000, 0x0000000083500000| Untracked 
|  54|0x0000000083600000, 0x0000000083700000, 0x0000000083700000|100%| O|  |TAMS 0x0000000083600000, 0x0000000083600000| Untracked 
|  55|0x0000000083700000, 0x000000008373ae00, 0x0000000083800000| 22%| O|  |TAMS 0x0000000083700000, 0x0000000083700000| Untracked 
|  56|0x0000000083800000, 0x0000000083800000, 0x0000000083900000|  0%| F|  |TAMS 0x0000000083800000, 0x0000000083800000| Untracked 
|  57|0x0000000083900000, 0x0000000083900000, 0x0000000083a00000|  0%| F|  |TAMS 0x0000000083900000, 0x0000000083900000| Untracked 
|  58|0x0000000083a00000, 0x0000000083a00000, 0x0000000083b00000|  0%| F|  |TAMS 0x0000000083a00000, 0x0000000083a00000| Untracked 
|  59|0x0000000083b00000, 0x0000000083b00000, 0x0000000083c00000|  0%| F|  |TAMS 0x0000000083b00000, 0x0000000083b00000| Untracked 
|  60|0x0000000083c00000, 0x0000000083c00000, 0x0000000083d00000|  0%| F|  |TAMS 0x0000000083c00000, 0x0000000083c00000| Untracked 
|  61|0x0000000083d00000, 0x0000000083d00000, 0x0000000083e00000|  0%| F|  |TAMS 0x0000000083d00000, 0x0000000083d00000| Untracked 
|  62|0x0000000083e00000, 0x0000000083e00000, 0x0000000083f00000|  0%| F|  |TAMS 0x0000000083e00000, 0x0000000083e00000| Untracked 
|  63|0x0000000083f00000, 0x0000000083f00000, 0x0000000084000000|  0%| F|  |TAMS 0x0000000083f00000, 0x0000000083f00000| Untracked 
|  64|0x0000000084000000, 0x0000000084000000, 0x0000000084100000|  0%| F|  |TAMS 0x0000000084000000, 0x0000000084000000| Untracked 
|  65|0x0000000084100000, 0x0000000084100000, 0x0000000084200000|  0%| F|  |TAMS 0x0000000084100000, 0x0000000084100000| Untracked 
|  66|0x0000000084200000, 0x0000000084200000, 0x0000000084300000|  0%| F|  |TAMS 0x0000000084200000, 0x0000000084200000| Untracked 
|  67|0x0000000084300000, 0x0000000084300000, 0x0000000084400000|  0%| F|  |TAMS 0x0000000084300000, 0x0000000084300000| Untracked 
|  68|0x0000000084400000, 0x0000000084400000, 0x0000000084500000|  0%| F|  |TAMS 0x0000000084400000, 0x0000000084400000| Untracked 
|  69|0x0000000084500000, 0x0000000084500000, 0x0000000084600000|  0%| F|  |TAMS 0x0000000084500000, 0x0000000084500000| Untracked 
|  70|0x0000000084600000, 0x0000000084600000, 0x0000000084700000|  0%| F|  |TAMS 0x0000000084600000, 0x0000000084600000| Untracked 
|  71|0x0000000084700000, 0x0000000084700000, 0x0000000084800000|  0%| F|  |TAMS 0x0000000084700000, 0x0000000084700000| Untracked 
|  72|0x0000000084800000, 0x0000000084800000, 0x0000000084900000|  0%| F|  |TAMS 0x0000000084800000, 0x0000000084800000| Untracked 
|  73|0x0000000084900000, 0x0000000084900000, 0x0000000084a00000|  0%| F|  |TAMS 0x0000000084900000, 0x0000000084900000| Untracked 
|  74|0x0000000084a00000, 0x0000000084a00000, 0x0000000084b00000|  0%| F|  |TAMS 0x0000000084a00000, 0x0000000084a00000| Untracked 
|  75|0x0000000084b00000, 0x0000000084b00000, 0x0000000084c00000|  0%| F|  |TAMS 0x0000000084b00000, 0x0000000084b00000| Untracked 
|  76|0x0000000084c00000, 0x0000000084c00000, 0x0000000084d00000|  0%| F|  |TAMS 0x0000000084c00000, 0x0000000084c00000| Untracked 
|  77|0x0000000084d00000, 0x0000000084d00000, 0x0000000084e00000|  0%| F|  |TAMS 0x0000000084d00000, 0x0000000084d00000| Untracked 
|  78|0x0000000084e00000, 0x0000000084e00000, 0x0000000084f00000|  0%| F|  |TAMS 0x0000000084e00000, 0x0000000084e00000| Untracked 
|  79|0x0000000084f00000, 0x0000000084f00000, 0x0000000085000000|  0%| F|  |TAMS 0x0000000084f00000, 0x0000000084f00000| Untracked 
|  80|0x0000000085000000, 0x0000000085000000, 0x0000000085100000|  0%| F|  |TAMS 0x0000000085000000, 0x0000000085000000| Untracked 
|  81|0x0000000085100000, 0x000000008516a9f8, 0x0000000085200000| 41%| S|CS|TAMS 0x0000000085100000, 0x0000000085100000| Complete 
|  82|0x0000000085200000, 0x0000000085300000, 0x0000000085300000|100%| S|CS|TAMS 0x0000000085200000, 0x0000000085200000| Complete 
|  83|0x0000000085300000, 0x0000000085400000, 0x0000000085400000|100%| S|CS|TAMS 0x0000000085300000, 0x0000000085300000| Complete 
|  84|0x0000000085400000, 0x0000000085400000, 0x0000000085500000|  0%| F|  |TAMS 0x0000000085400000, 0x0000000085400000| Untracked 
|  85|0x0000000085500000, 0x0000000085500000, 0x0000000085600000|  0%| F|  |TAMS 0x0000000085500000, 0x0000000085500000| Untracked 
|  86|0x0000000085600000, 0x0000000085600000, 0x0000000085700000|  0%| F|  |TAMS 0x0000000085600000, 0x0000000085600000| Untracked 
|  87|0x0000000085700000, 0x0000000085700000, 0x0000000085800000|  0%| F|  |TAMS 0x0000000085700000, 0x0000000085700000| Untracked 
|  88|0x0000000085800000, 0x0000000085800000, 0x0000000085900000|  0%| F|  |TAMS 0x0000000085800000, 0x0000000085800000| Untracked 
|  89|0x0000000085900000, 0x0000000085900000, 0x0000000085a00000|  0%| F|  |TAMS 0x0000000085900000, 0x0000000085900000| Untracked 
|  90|0x0000000085a00000, 0x0000000085a00000, 0x0000000085b00000|  0%| F|  |TAMS 0x0000000085a00000, 0x0000000085a00000| Untracked 
|  91|0x0000000085b00000, 0x0000000085b00000, 0x0000000085c00000|  0%| F|  |TAMS 0x0000000085b00000, 0x0000000085b00000| Untracked 
|  92|0x0000000085c00000, 0x0000000085c00000, 0x0000000085d00000|  0%| F|  |TAMS 0x0000000085c00000, 0x0000000085c00000| Untracked 
|  93|0x0000000085d00000, 0x0000000085d00000, 0x0000000085e00000|  0%| F|  |TAMS 0x0000000085d00000, 0x0000000085d00000| Untracked 
|  94|0x0000000085e00000, 0x0000000085e00000, 0x0000000085f00000|  0%| F|  |TAMS 0x0000000085e00000, 0x0000000085e00000| Untracked 
|  95|0x0000000085f00000, 0x0000000085f00000, 0x0000000086000000|  0%| F|  |TAMS 0x0000000085f00000, 0x0000000085f00000| Untracked 
|  96|0x0000000086000000, 0x0000000086000000, 0x0000000086100000|  0%| F|  |TAMS 0x0000000086000000, 0x0000000086000000| Untracked 
|  97|0x0000000086100000, 0x0000000086100000, 0x0000000086200000|  0%| F|  |TAMS 0x0000000086100000, 0x0000000086100000| Untracked 
|  98|0x0000000086200000, 0x0000000086200000, 0x0000000086300000|  0%| F|  |TAMS 0x0000000086200000, 0x0000000086200000| Untracked 
|  99|0x0000000086300000, 0x0000000086300000, 0x0000000086400000|  0%| F|  |TAMS 0x0000000086300000, 0x0000000086300000| Untracked 
| 100|0x0000000086400000, 0x0000000086400000, 0x0000000086500000|  0%| F|  |TAMS 0x0000000086400000, 0x0000000086400000| Untracked 
| 101|0x0000000086500000, 0x0000000086500000, 0x0000000086600000|  0%| F|  |TAMS 0x0000000086500000, 0x0000000086500000| Untracked 
| 102|0x0000000086600000, 0x0000000086600000, 0x0000000086700000|  0%| F|  |TAMS 0x0000000086600000, 0x0000000086600000| Untracked 
| 103|0x0000000086700000, 0x0000000086700000, 0x0000000086800000|  0%| F|  |TAMS 0x0000000086700000, 0x0000000086700000| Untracked 
| 104|0x0000000086800000, 0x0000000086800000, 0x0000000086900000|  0%| F|  |TAMS 0x0000000086800000, 0x0000000086800000| Untracked 
| 105|0x0000000086900000, 0x0000000086900000, 0x0000000086a00000|  0%| F|  |TAMS 0x0000000086900000, 0x0000000086900000| Untracked 
| 106|0x0000000086a00000, 0x0000000086a00000, 0x0000000086b00000|  0%| F|  |TAMS 0x0000000086a00000, 0x0000000086a00000| Untracked 
| 107|0x0000000086b00000, 0x0000000086b00000, 0x0000000086c00000|  0%| F|  |TAMS 0x0000000086b00000, 0x0000000086b00000| Untracked 
| 108|0x0000000086c00000, 0x0000000086c00000, 0x0000000086d00000|  0%| F|  |TAMS 0x0000000086c00000, 0x0000000086c00000| Untracked 
| 109|0x0000000086d00000, 0x0000000086d00000, 0x0000000086e00000|  0%| F|  |TAMS 0x0000000086d00000, 0x0000000086d00000| Untracked 
| 110|0x0000000086e00000, 0x0000000086e00000, 0x0000000086f00000|  0%| F|  |TAMS 0x0000000086e00000, 0x0000000086e00000| Untracked 
| 111|0x0000000086f00000, 0x0000000086f00000, 0x0000000087000000|  0%| F|  |TAMS 0x0000000086f00000, 0x0000000086f00000| Untracked 
| 112|0x0000000087000000, 0x0000000087000000, 0x0000000087100000|  0%| F|  |TAMS 0x0000000087000000, 0x0000000087000000| Untracked 
| 113|0x0000000087100000, 0x0000000087100000, 0x0000000087200000|  0%| F|  |TAMS 0x0000000087100000, 0x0000000087100000| Untracked 
| 114|0x0000000087200000, 0x0000000087200000, 0x0000000087300000|  0%| F|  |TAMS 0x0000000087200000, 0x0000000087200000| Untracked 
| 115|0x0000000087300000, 0x0000000087300000, 0x0000000087400000|  0%| F|  |TAMS 0x0000000087300000, 0x0000000087300000| Untracked 
| 116|0x0000000087400000, 0x0000000087400000, 0x0000000087500000|  0%| F|  |TAMS 0x0000000087400000, 0x0000000087400000| Untracked 
| 117|0x0000000087500000, 0x0000000087500000, 0x0000000087600000|  0%| F|  |TAMS 0x0000000087500000, 0x0000000087500000| Untracked 
| 118|0x0000000087600000, 0x0000000087680000, 0x0000000087700000| 50%| E|  |TAMS 0x0000000087600000, 0x0000000087600000| Complete 
| 119|0x0000000087700000, 0x0000000087800000, 0x0000000087800000|100%| E|CS|TAMS 0x0000000087700000, 0x0000000087700000| Complete 
| 120|0x0000000087800000, 0x0000000087900000, 0x0000000087900000|100%| E|CS|TAMS 0x0000000087800000, 0x0000000087800000| Complete 
| 121|0x0000000087900000, 0x0000000087a00000, 0x0000000087a00000|100%| E|CS|TAMS 0x0000000087900000, 0x0000000087900000| Complete 
| 122|0x0000000087a00000, 0x0000000087b00000, 0x0000000087b00000|100%| E|CS|TAMS 0x0000000087a00000, 0x0000000087a00000| Complete 
| 123|0x0000000087b00000, 0x0000000087c00000, 0x0000000087c00000|100%| E|CS|TAMS 0x0000000087b00000, 0x0000000087b00000| Complete 
| 124|0x0000000087c00000, 0x0000000087d00000, 0x0000000087d00000|100%| E|CS|TAMS 0x0000000087c00000, 0x0000000087c00000| Complete 
| 125|0x0000000087d00000, 0x0000000087e00000, 0x0000000087e00000|100%| E|CS|TAMS 0x0000000087d00000, 0x0000000087d00000| Complete 
| 126|0x0000000087e00000, 0x0000000087f00000, 0x0000000087f00000|100%| E|CS|TAMS 0x0000000087e00000, 0x0000000087e00000| Complete 

Card table byte_map: [0x0000018efd8d0000,0x0000018efdcd0000] _byte_map_base: 0x0000018efd4d0000

Marking Bits (Prev, Next): (CMBitMap*) 0x0000018ef566b230, (CMBitMap*) 0x0000018ef566b1f0
 Prev Bits: [0x0000018e91000000, 0x0000018e93000000)
 Next Bits: [0x0000018e8f000000, 0x0000018e91000000)

Polling page: 0x0000018ef35d0000

Metaspace:

Usage:
  Non-class:     50.16 MB used.
      Class:      8.30 MB used.
       Both:     58.46 MB used.

Virtual space:
  Non-class space:       64.00 MB reserved,      50.62 MB ( 79%) committed,  1 nodes.
      Class space:      416.00 MB reserved,       8.75 MB (  2%) committed,  1 nodes.
             Both:      480.00 MB reserved,      59.38 MB ( 12%) committed. 

Chunk freelists:
   Non-Class:  12.72 MB
       Class:  7.28 MB
        Both:  20.00 MB

MaxMetaspaceSize: 512.00 MB
CompressedClassSpaceSize: 416.00 MB
Initial GC threshold: 21.00 MB
Current GC threshold: 98.56 MB
CDS: on
MetaspaceReclaimPolicy: balanced
 - commit_granule_bytes: 65536.
 - commit_granule_words: 8192.
 - virtual_space_node_default_size: 8388608.
 - enlarge_chunks_in_place: 1.
 - new_chunks_are_fully_committed: 0.
 - uncommit_free_chunks: 1.
 - use_allocation_guard: 0.
 - handle_deallocations: 1.


Internal statistics:

num_allocs_failed_limit: 9.
num_arena_births: 1376.
num_arena_deaths: 0.
num_vsnodes_births: 2.
num_vsnodes_deaths: 0.
num_space_committed: 950.
num_space_uncommitted: 0.
num_chunks_returned_to_freelist: 9.
num_chunks_taken_from_freelist: 4010.
num_chunk_merges: 9.
num_chunk_splits: 2571.
num_chunks_enlarged: 1573.
num_inconsistent_stats: 0.

CodeHeap 'non-profiled nmethods': size=120000Kb used=4550Kb max_used=4550Kb free=115449Kb
 bounds [0x0000018e87ad0000, 0x0000018e87f50000, 0x0000018e8f000000]
CodeHeap 'profiled nmethods': size=120000Kb used=13594Kb max_used=13594Kb free=106405Kb
 bounds [0x0000018e80000000, 0x0000018e80d50000, 0x0000018e87530000]
CodeHeap 'non-nmethods': size=5760Kb used=1689Kb max_used=1765Kb free=4070Kb
 bounds [0x0000018e87530000, 0x0000018e877a0000, 0x0000018e87ad0000]
 total_blobs=7639 nmethods=6865 adapters=686
 compilation: enabled
              stopped_count=0, restarted_count=0
 full_count=0

Compilation events (20 events):
Event: 25.376 Thread 0x0000018efe4dc4b0 7664       3       kotlin.reflect.jvm.internal.impl.metadata.ProtoBuf$ValueParameter$1::parsePartialFrom (7 bytes)
Event: 25.376 Thread 0x0000018efe4dc4b0 nmethod 7664 0x0000018e80d41510 code [0x0000018e80d416c0, 0x0000018e80d41808]
Event: 25.376 Thread 0x0000018efe4dc4b0 7665       3       kotlin.reflect.jvm.internal.impl.metadata.ProtoBuf$ValueParameter$1::parsePartialFrom (11 bytes)
Event: 25.376 Thread 0x0000018efe4dc4b0 nmethod 7665 0x0000018e80d41890 code [0x0000018e80d41a40, 0x0000018e80d41c48]
Event: 25.376 Thread 0x0000018efe4dc4b0 7666       3       kotlin.reflect.jvm.internal.impl.metadata.ProtoBuf$ValueParameter::<init> (7 bytes)
Event: 25.376 Thread 0x0000018efe4dc4b0 nmethod 7666 0x0000018e80d41d90 code [0x0000018e80d41f40, 0x0000018e80d42088]
Event: 25.376 Thread 0x0000018efe4dc4b0 7668       3       kotlin.reflect.jvm.internal.impl.metadata.ProtoBuf$ValueParameter::isInitialized (159 bytes)
Event: 25.378 Thread 0x0000018efe4dc4b0 nmethod 7668 0x0000018e80d42190 code [0x0000018e80d42460, 0x0000018e80d43288]
Event: 25.378 Thread 0x0000018efe4dc4b0 7669       3       kotlin.reflect.jvm.internal.impl.metadata.ProtoBuf$ValueParameter::hasName (16 bytes)
Event: 25.378 Thread 0x0000018efe4dc4b0 nmethod 7669 0x0000018e80d43610 code [0x0000018e80d437a0, 0x0000018e80d43918]
Event: 25.382 Thread 0x0000018eff2b8500 7670       4       java.util.concurrent.ConcurrentHashMap::addCount (280 bytes)
Event: 25.387 Thread 0x0000018eff2b8500 nmethod 7670 0x0000018e87f3fe10 code [0x0000018e87f3ffc0, 0x0000018e87f40290]
Event: 25.389 Thread 0x0000018efe4dc4b0 7671       3       kotlin.reflect.jvm.internal.impl.protobuf.WireFormat::makeTag (6 bytes)
Event: 25.389 Thread 0x0000018efe4dc4b0 nmethod 7671 0x0000018e80d43990 code [0x0000018e80d43b20, 0x0000018e80d43c18]
Event: 25.393 Thread 0x0000018eff2b8500 7672       4       java.util.jar.JarFile::getEntry (35 bytes)
Event: 25.413 Thread 0x0000018efe4dc4b0 7673       3       org.gradle.api.internal.provider.DefaultProperty::getDefaultValue (4 bytes)
Event: 25.415 Thread 0x0000018efe4dc4b0 nmethod 7673 0x0000018e80d43c90 code [0x0000018e80d43e40, 0x0000018e80d44018]
Event: 25.429 Thread 0x0000018efe4dc4b0 7674       3       com.google.common.collect.MapMakerInternalMap$StrongKeyWeakValueEntry::getValue (10 bytes)
Event: 25.429 Thread 0x0000018efe4dc4b0 nmethod 7674 0x0000018e80d44110 code [0x0000018e80d442c0, 0x0000018e80d44488]
Event: 25.440 Thread 0x0000018eff2b8500 nmethod 7672 0x0000018e87f40590 code [0x0000018e87f407a0, 0x0000018e87f41560]

GC Heap History (20 events):
Event: 11.221 GC heap before
{Heap before GC invocations=7 (full 0):
 garbage-first heap   total 86016K, used 27911K [0x0000000080000000, 0x0000000100000000)
  region size 1024K, 7 young (7168K), 6 survivors (6144K)
 Metaspace       used 27154K, committed 27584K, reserved 491520K
  class space    used 3834K, committed 4032K, reserved 425984K
}
Event: 11.229 GC heap after
{Heap after GC invocations=8 (full 0):
 garbage-first heap   total 86016K, used 27569K [0x0000000080000000, 0x0000000100000000)
  region size 1024K, 1 young (1024K), 1 survivors (1024K)
 Metaspace       used 27154K, committed 27584K, reserved 491520K
  class space    used 3834K, committed 4032K, reserved 425984K
}
Event: 12.777 GC heap before
{Heap before GC invocations=8 (full 0):
 garbage-first heap   total 86016K, used 63409K [0x0000000080000000, 0x0000000100000000)
  region size 1024K, 36 young (36864K), 1 survivors (1024K)
 Metaspace       used 31271K, committed 31680K, reserved 491520K
  class space    used 4451K, committed 4672K, reserved 425984K
}
Event: 12.782 GC heap after
{Heap after GC invocations=9 (full 0):
 garbage-first heap   total 86016K, used 28193K [0x0000000080000000, 0x0000000100000000)
  region size 1024K, 2 young (2048K), 2 survivors (2048K)
 Metaspace       used 31271K, committed 31680K, reserved 491520K
  class space    used 4451K, committed 4672K, reserved 425984K
}
Event: 14.646 GC heap before
{Heap before GC invocations=9 (full 0):
 garbage-first heap   total 86016K, used 55841K [0x0000000080000000, 0x0000000100000000)
  region size 1024K, 31 young (31744K), 2 survivors (2048K)
 Metaspace       used 35503K, committed 35968K, reserved 491520K
  class space    used 4947K, committed 5184K, reserved 425984K
}
Event: 14.655 GC heap after
{Heap after GC invocations=10 (full 0):
 garbage-first heap   total 86016K, used 31315K [0x0000000080000000, 0x0000000100000000)
  region size 1024K, 5 young (5120K), 5 survivors (5120K)
 Metaspace       used 35503K, committed 35968K, reserved 491520K
  class space    used 4947K, committed 5184K, reserved 425984K
}
Event: 16.645 GC heap before
{Heap before GC invocations=11 (full 0):
 garbage-first heap   total 86016K, used 65107K [0x0000000080000000, 0x0000000100000000)
  region size 1024K, 38 young (38912K), 5 survivors (5120K)
 Metaspace       used 38750K, committed 39360K, reserved 491520K
  class space    used 5439K, committed 5760K, reserved 425984K
}
Event: 16.659 GC heap after
{Heap after GC invocations=12 (full 0):
 garbage-first heap   total 130048K, used 35756K [0x0000000080000000, 0x0000000100000000)
  region size 1024K, 5 young (5120K), 5 survivors (5120K)
 Metaspace       used 38750K, committed 39360K, reserved 491520K
  class space    used 5439K, committed 5760K, reserved 425984K
}
Event: 16.739 GC heap before
{Heap before GC invocations=12 (full 0):
 garbage-first heap   total 130048K, used 35756K [0x0000000080000000, 0x0000000100000000)
  region size 1024K, 6 young (6144K), 5 survivors (5120K)
 Metaspace       used 38789K, committed 39552K, reserved 491520K
  class space    used 5441K, committed 5824K, reserved 425984K
}
Event: 16.748 GC heap after
{Heap after GC invocations=13 (full 0):
 garbage-first heap   total 130048K, used 36304K [0x0000000080000000, 0x0000000100000000)
  region size 1024K, 1 young (1024K), 1 survivors (1024K)
 Metaspace       used 38789K, committed 39552K, reserved 491520K
  class space    used 5441K, committed 5824K, reserved 425984K
}
Event: 18.947 GC heap before
{Heap before GC invocations=13 (full 0):
 garbage-first heap   total 130048K, used 99792K [0x0000000080000000, 0x0000000100000000)
  region size 1024K, 63 young (64512K), 1 survivors (1024K)
 Metaspace       used 42231K, committed 43008K, reserved 491520K
  class space    used 5999K, committed 6400K, reserved 425984K
}
Event: 18.954 GC heap after
{Heap after GC invocations=14 (full 0):
 garbage-first heap   total 130048K, used 37938K [0x0000000080000000, 0x0000000100000000)
  region size 1024K, 3 young (3072K), 3 survivors (3072K)
 Metaspace       used 42231K, committed 43008K, reserved 491520K
  class space    used 5999K, committed 6400K, reserved 425984K
}
Event: 20.586 GC heap before
{Heap before GC invocations=14 (full 0):
 garbage-first heap   total 130048K, used 101426K [0x0000000080000000, 0x0000000100000000)
  region size 1024K, 65 young (66560K), 3 survivors (3072K)
 Metaspace       used 48517K, committed 49344K, reserved 491520K
  class space    used 6936K, committed 7360K, reserved 425984K
}
Event: 20.593 GC heap after
{Heap after GC invocations=15 (full 0):
 garbage-first heap   total 130048K, used 40852K [0x0000000080000000, 0x0000000100000000)
  region size 1024K, 6 young (6144K), 6 survivors (6144K)
 Metaspace       used 48517K, committed 49344K, reserved 491520K
  class space    used 6936K, committed 7360K, reserved 425984K
}
Event: 22.135 GC heap before
{Heap before GC invocations=15 (full 0):
 garbage-first heap   total 130048K, used 102292K [0x0000000080000000, 0x0000000100000000)
  region size 1024K, 66 young (67584K), 6 survivors (6144K)
 Metaspace       used 53789K, committed 54656K, reserved 491520K
  class space    used 7730K, committed 8128K, reserved 425984K
}
Event: 22.145 GC heap after
{Heap after GC invocations=16 (full 0):
 garbage-first heap   total 130048K, used 45808K [0x0000000080000000, 0x0000000100000000)
  region size 1024K, 8 young (8192K), 8 survivors (8192K)
 Metaspace       used 53789K, committed 54656K, reserved 491520K
  class space    used 7730K, committed 8128K, reserved 425984K
}
Event: 24.219 GC heap before
{Heap before GC invocations=16 (full 0):
 garbage-first heap   total 130048K, used 108272K [0x0000000080000000, 0x0000000100000000)
  region size 1024K, 64 young (65536K), 8 survivors (8192K)
 Metaspace       used 55702K, committed 56640K, reserved 491520K
  class space    used 7935K, committed 8384K, reserved 425984K
}
Event: 24.230 GC heap after
{Heap after GC invocations=17 (full 0):
 garbage-first heap   total 130048K, used 56743K [0x0000000080000000, 0x0000000100000000)
  region size 1024K, 7 young (7168K), 7 survivors (7168K)
 Metaspace       used 55702K, committed 56640K, reserved 491520K
  class space    used 7935K, committed 8384K, reserved 425984K
}
Event: 25.279 GC heap before
{Heap before GC invocations=17 (full 0):
 garbage-first heap   total 130048K, used 99751K [0x0000000080000000, 0x0000000100000000)
  region size 1024K, 50 young (51200K), 7 survivors (7168K)
 Metaspace       used 59382K, committed 60288K, reserved 491520K
  class space    used 8428K, committed 8896K, reserved 425984K
}
Event: 25.285 GC heap after
{Heap after GC invocations=18 (full 0):
 garbage-first heap   total 130048K, used 59029K [0x0000000080000000, 0x0000000100000000)
  region size 1024K, 3 young (3072K), 3 survivors (3072K)
 Metaspace       used 59382K, committed 60288K, reserved 491520K
  class space    used 8428K, committed 8896K, reserved 425984K
}

Dll operation events (15 events):
Event: 0.017 Loaded shared library C:\Program Files\Microsoft\jdk-17.0.17.10-hotspot\bin\java.dll
Event: 0.033 Loaded shared library C:\Program Files\Microsoft\jdk-17.0.17.10-hotspot\bin\jsvml.dll
Event: 0.158 Loaded shared library C:\Program Files\Microsoft\jdk-17.0.17.10-hotspot\bin\zip.dll
Event: 0.167 Loaded shared library C:\Program Files\Microsoft\jdk-17.0.17.10-hotspot\bin\instrument.dll
Event: 0.185 Loaded shared library C:\Program Files\Microsoft\jdk-17.0.17.10-hotspot\bin\net.dll
Event: 0.194 Loaded shared library C:\Program Files\Microsoft\jdk-17.0.17.10-hotspot\bin\nio.dll
Event: 0.199 Loaded shared library C:\Program Files\Microsoft\jdk-17.0.17.10-hotspot\bin\zip.dll
Event: 0.789 Loaded shared library C:\Program Files\Microsoft\jdk-17.0.17.10-hotspot\bin\jimage.dll
Event: 1.225 Loaded shared library C:\Program Files\Microsoft\jdk-17.0.17.10-hotspot\bin\verify.dll
Event: 1.300 Loaded shared library C:\Users\rc\.gradle\native\1def1411415f61bf3af743bc5b6707747c0891f09f0c88961ee8f79bc544acac\windows-amd64\native-platform.dll
Event: 1.321 Loaded shared library C:\Users\rc\.gradle\native\0.2.8\x86_64-windows-gnu\gradle-fileevents.dll
Event: 3.064 Loaded shared library C:\Program Files\Microsoft\jdk-17.0.17.10-hotspot\bin\management.dll
Event: 3.076 Loaded shared library C:\Program Files\Microsoft\jdk-17.0.17.10-hotspot\bin\management_ext.dll
Event: 4.002 Loaded shared library C:\Program Files\Microsoft\jdk-17.0.17.10-hotspot\bin\extnet.dll
Event: 4.911 Loaded shared library C:\Program Files\Microsoft\jdk-17.0.17.10-hotspot\bin\sunmscapi.dll

Deoptimization events (20 events):
Event: 24.970 Thread 0x0000018eb44c9e00 Uncommon trap: trap_request=0xffffffc6 fr.pc=0x0000018e87b1ed50 relative=0x00000000000014d0
Event: 24.970 Thread 0x0000018eb44c9e00 Uncommon trap: reason=bimorphic_or_optimized_type_check action=maybe_recompile pc=0x0000018e87b1ed50 method=java.io.DataInputStream.readInt()I @ 6 c2
Event: 24.970 Thread 0x0000018eb44c9e00 DEOPT PACKING pc=0x0000018e87b1ed50 sp=0x00000073adbf3a30
Event: 24.970 Thread 0x0000018eb44c9e00 DEOPT UNPACKING pc=0x0000018e875869a3 sp=0x00000073adbf39f0 mode 2
Event: 25.265 Thread 0x0000018eb44c9e00 Uncommon trap: trap_request=0xffffff45 fr.pc=0x0000018e87b61bbc relative=0x0000000000000c9c
Event: 25.265 Thread 0x0000018eb44c9e00 Uncommon trap: reason=unstable_if action=reinterpret pc=0x0000018e87b61bbc method=java.util.jar.JarFile.getVersionedEntry(Ljava/lang/String;Ljava/util/jar/JarEntry;)Ljava/util/jar/JarEntry; @ 26 c2
Event: 25.265 Thread 0x0000018eb44c9e00 DEOPT PACKING pc=0x0000018e87b61bbc sp=0x00000073adbf3420
Event: 25.265 Thread 0x0000018eb44c9e00 DEOPT UNPACKING pc=0x0000018e875869a3 sp=0x00000073adbf3380 mode 2
Event: 25.274 Thread 0x0000018eb44c9e00 Uncommon trap: trap_request=0xffffffc6 fr.pc=0x0000018e87b1ed50 relative=0x00000000000014d0
Event: 25.274 Thread 0x0000018eb44c9e00 Uncommon trap: reason=bimorphic_or_optimized_type_check action=maybe_recompile pc=0x0000018e87b1ed50 method=java.io.DataInputStream.readInt()I @ 6 c2
Event: 25.274 Thread 0x0000018eb44c9e00 DEOPT PACKING pc=0x0000018e87b1ed50 sp=0x00000073adbf3520
Event: 25.274 Thread 0x0000018eb44c9e00 DEOPT UNPACKING pc=0x0000018e875869a3 sp=0x00000073adbf34e8 mode 2
Event: 25.275 Thread 0x0000018eb44c9e00 Uncommon trap: trap_request=0xffffff45 fr.pc=0x0000018e87efa598 relative=0x0000000000001558
Event: 25.275 Thread 0x0000018eb44c9e00 Uncommon trap: reason=unstable_if action=reinterpret pc=0x0000018e87efa598 method=java.util.concurrent.ConcurrentHashMap.putVal(Ljava/lang/Object;Ljava/lang/Object;Z)Ljava/lang/Object; @ 245 c2
Event: 25.275 Thread 0x0000018eb44c9e00 DEOPT PACKING pc=0x0000018e87efa598 sp=0x00000073adbf2b60
Event: 25.275 Thread 0x0000018eb44c9e00 DEOPT UNPACKING pc=0x0000018e875869a3 sp=0x00000073adbf2ae8 mode 2
Event: 25.326 Thread 0x0000018eb44c9e00 Uncommon trap: trap_request=0xffffff45 fr.pc=0x0000018e87f39820 relative=0x0000000000000100
Event: 25.326 Thread 0x0000018eb44c9e00 Uncommon trap: reason=unstable_if action=reinterpret pc=0x0000018e87f39820 method=kotlin.reflect.jvm.internal.impl.protobuf.CodedInputStream.readRawVarint32()I @ 10 c2
Event: 25.326 Thread 0x0000018eb44c9e00 DEOPT PACKING pc=0x0000018e87f39820 sp=0x00000073adbf2c30
Event: 25.326 Thread 0x0000018eb44c9e00 DEOPT UNPACKING pc=0x0000018e875869a3 sp=0x00000073adbf2bb0 mode 2

Classes loaded (20 events):
Event: 24.788 Loading class javax/management/NotificationListener
Event: 24.788 Loading class javax/management/NotificationListener done
Event: 24.788 Loading class javax/management/NotificationFilter
Event: 24.788 Loading class javax/management/NotificationFilter done
Event: 24.788 Loading class jdk/management/jfr/FlightRecorderMXBeanImpl$MXBeanListener
Event: 24.788 Loading class jdk/jfr/FlightRecorderListener
Event: 24.789 Loading class jdk/jfr/FlightRecorderListener done
Event: 24.789 Loading class jdk/management/jfr/FlightRecorderMXBeanImpl$MXBeanListener done
Event: 24.789 Loading class javax/management/ListenerNotFoundException
Event: 24.790 Loading class javax/management/OperationsException
Event: 24.790 Loading class javax/management/JMException
Event: 24.790 Loading class javax/management/JMException done
Event: 24.790 Loading class javax/management/OperationsException done
Event: 24.790 Loading class javax/management/ListenerNotFoundException done
Event: 24.865 Loading class com/sun/jmx/mbeanserver/StandardMBeanSupport
Event: 24.866 Loading class com/sun/jmx/mbeanserver/StandardMBeanSupport done
Event: 24.866 Loading class com/sun/jmx/mbeanserver/StandardMBeanIntrospector
Event: 24.866 Loading class com/sun/jmx/mbeanserver/StandardMBeanIntrospector done
Event: 24.990 Loading class java/util/ArrayList$SubList$2
Event: 24.991 Loading class java/util/ArrayList$SubList$2 done

Classes unloaded (0 events):
No events

Classes redefined (0 events):
No events

Internal exceptions (20 events):
Event: 24.145 Thread 0x0000018eb44c9e00 Exception <a 'java/lang/ClassNotFoundException'{0x0000000084ae2348}: java/util/ArraysBeanInfo> (0x0000000084ae2348) 
thrown [s\src\hotspot\share\classfile\systemDictionary.cpp, line 256]
Event: 24.146 Thread 0x0000018eb44c9e00 Exception <a 'java/lang/ClassNotFoundException'{0x0000000084aecde8}: java/util/ArraysCustomizer> (0x0000000084aecde8) 
thrown [s\src\hotspot\share\classfile\systemDictionary.cpp, line 256]
Event: 24.159 Thread 0x0000018eb44c9e00 Exception <a 'java/lang/ClassNotFoundException'{0x00000000849b5748}: ProtobufPatchPluginBeanInfo> (0x00000000849b5748) 
thrown [s\src\hotspot\share\classfile\systemDictionary.cpp, line 256]
Event: 24.160 Thread 0x0000018eb44c9e00 Exception <a 'java/lang/ClassNotFoundException'{0x00000000849c3798}: ProtobufPatchPluginCustomizer> (0x00000000849c3798) 
thrown [s\src\hotspot\share\classfile\systemDictionary.cpp, line 256]
Event: 24.166 Thread 0x0000018eb44c9e00 Exception <a 'java/lang/ClassNotFoundException'{0x0000000084824570}: groovy/lang/ReferenceBeanInfo> (0x0000000084824570) 
thrown [s\src\hotspot\share\classfile\systemDictionary.cpp, line 256]
Event: 24.168 Thread 0x0000018eb44c9e00 Exception <a 'java/lang/ClassNotFoundException'{0x000000008484abc8}: groovy/lang/ReferenceCustomizer> (0x000000008484abc8) 
thrown [s\src\hotspot\share\classfile\systemDictionary.cpp, line 256]
Event: 24.201 Thread 0x0000018eb44c7580 Exception <a 'java/lang/NoSuchMethodError'{0x0000000084715ea0}: static Lorg/gradle/internal/build/event/types/DefaultProjectConfigurationSuccessResult;.<clinit>()V> (0x0000000084715ea0) 
thrown [s\src\hotspot\share\prims\jni.cpp, line 1112]
Event: 24.202 Thread 0x0000018eb44c7580 Exception <a 'java/lang/NoSuchMethodError'{0x00000000847171e0}: static Lorg/gradle/internal/build/event/types/AbstractProjectConfigurationResult;.<clinit>()V> (0x00000000847171e0) 
thrown [s\src\hotspot\share\prims\jni.cpp, line 1112]
Event: 24.203 Thread 0x0000018eb44c7580 Exception <a 'java/lang/NoSuchMethodError'{0x00000000847211e0}: static Lorg/gradle/internal/build/event/types/DefaultPluginApplicationResult;.<clinit>()V> (0x00000000847211e0) 
thrown [s\src\hotspot\share\prims\jni.cpp, line 1112]
Event: 24.205 Thread 0x0000018eb44c7580 Exception <a 'java/lang/NoSuchMethodError'{0x00000000847abd00}: static Lorg/gradle/internal/build/event/types/DefaultBinaryPluginIdentifier;.<clinit>()V> (0x00000000847abd00) 
thrown [s\src\hotspot\share\prims\jni.cpp, line 1112]
Event: 24.209 Thread 0x0000018eb44c7580 Exception <a 'java/lang/NoSuchMethodError'{0x00000000847c1278}: static Lorg/gradle/internal/build/event/types/DefaultScriptPluginIdentifier;.<clinit>()V> (0x00000000847c1278) 
thrown [s\src\hotspot\share\prims\jni.cpp, line 1112]
Event: 24.432 Thread 0x0000018eb44c9e00 Exception <a 'java/lang/NoClassDefFoundError'{0x00000000878d74c8}: com/android/Version> (0x00000000878d74c8) 
thrown [s\src\hotspot\share\classfile\systemDictionary.cpp, line 245]
Event: 24.564 Thread 0x0000018eb44c9e00 Exception <a 'java/lang/NoSuchMethodError'{0x00000000871ede70}: static Lorg/jetbrains/kotlin/gradle/plugin/internal/DefaultProjectIsolationStartParameterAccessor$Factory;.<clinit>()V> (0x00000000871ede70) 
thrown [s\src\hotspot\share\prims\jni.cpp, line 1112]
Event: 24.568 Thread 0x0000018eb44c9e00 Exception <a 'java/lang/NoSuchMethodError'{0x0000000087035ec8}: static Lorg/jetbrains/kotlin/gradle/plugin/internal/DefaultJavaExecTaskParametersCompatibility$Factory;.<clinit>()V> (0x0000000087035ec8) 
thrown [s\src\hotspot\share\prims\jni.cpp, line 1112]
Event: 24.572 Thread 0x0000018eb44c9e00 Exception <a 'java/lang/NoSuchMethodError'{0x000000008706f760}: static Lorg/jetbrains/kotlin/gradle/plugin/internal/DefaultMavenPublicationComponentAccessorFactory;.<clinit>()V> (0x000000008706f760) 
thrown [s\src\hotspot\share\prims\jni.cpp, line 1112]
Event: 24.574 Thread 0x0000018eb44c9e00 Exception <a 'java/lang/NoSuchMethodError'{0x00000000870a57f8}: static Lorg/jetbrains/kotlin/gradle/plugin/internal/DefaultCompatibilityConventionRegistrar$Factory;.<clinit>()V> (0x00000000870a57f8) 
thrown [s\src\hotspot\share\prims\jni.cpp, line 1112]
Event: 24.576 Thread 0x0000018eb44c9e00 Exception <a 'java/lang/NoSuchMethodError'{0x00000000870cbe68}: static Lorg/jetbrains/kotlin/gradle/plugin/internal/DefaultConfigurationCacheStartParameterAccessorVariantFactory;.<clinit>()V> (0x00000000870cbe68) 
thrown [s\src\hotspot\share\prims\jni.cpp, line 1112]
Event: 24.636 Thread 0x0000018eb44c9e00 Exception <a 'java/lang/IncompatibleClassChangeError'{0x0000000086e6faf0}: Found class java.lang.Object, but interface was expected> (0x0000000086e6faf0) 
thrown [s\src\hotspot\share\interpreter\linkResolver.cpp, line 826]
Event: 24.949 Thread 0x0000018eb44c9e00 Exception <a 'java/lang/NoSuchMethodError'{0x000000008667b060}: static Ljava/lang/Object;.<clinit>()V> (0x000000008667b060) 
thrown [s\src\hotspot\share\prims\jni.cpp, line 1112]
Event: 24.966 Thread 0x0000018eb44c9e00 Exception <a 'java/lang/NoSuchMethodError'{0x0000000086566f58}: static Lorg/jetbrains/kotlin/gradle/plugin/statistics/MetricContainer;.<clinit>()V> (0x0000000086566f58) 
thrown [s\src\hotspot\share\prims\jni.cpp, line 1112]

VM Operations (20 events):
Event: 24.219 Executing VM operation: G1CollectForAllocation
Event: 24.230 Executing VM operation: G1CollectForAllocation done
Event: 24.398 Executing VM operation: HandshakeAllThreads
Event: 24.398 Executing VM operation: HandshakeAllThreads done
Event: 24.505 Executing VM operation: HandshakeAllThreads
Event: 24.505 Executing VM operation: HandshakeAllThreads done
Event: 24.998 Executing VM operation: HandshakeAllThreads
Event: 24.998 Executing VM operation: HandshakeAllThreads done
Event: 24.998 Executing VM operation: HandshakeAllThreads
Event: 24.998 Executing VM operation: HandshakeAllThreads done
Event: 25.002 Executing VM operation: HandshakeAllThreads
Event: 25.002 Executing VM operation: HandshakeAllThreads done
Event: 25.278 Executing VM operation: CollectForMetadataAllocation
Event: 25.285 Executing VM operation: CollectForMetadataAllocation done
Event: 25.349 Executing VM operation: G1PauseRemark
Event: 25.354 Executing VM operation: G1PauseRemark done
Event: 25.378 Executing VM operation: G1PauseCleanup
Event: 25.379 Executing VM operation: G1PauseCleanup done
Event: 26.388 Executing VM operation: Cleanup
Event: 26.388 Executing VM operation: Cleanup done

Memory protections (0 events):
No events

Nmethod flushes (20 events):
Event: 19.765 Thread 0x0000018efe4e2a00 flushing  nmethod 0x0000018e8075e190
Event: 19.765 Thread 0x0000018efe4e2a00 flushing  nmethod 0x0000018e80767e10
Event: 19.765 Thread 0x0000018efe4e2a00 flushing  nmethod 0x0000018e80774d90
Event: 19.765 Thread 0x0000018efe4e2a00 flushing  nmethod 0x0000018e80776f90
Event: 19.765 Thread 0x0000018efe4e2a00 flushing  nmethod 0x0000018e80778010
Event: 19.765 Thread 0x0000018efe4e2a00 flushing  nmethod 0x0000018e8077a910
Event: 19.765 Thread 0x0000018efe4e2a00 flushing  nmethod 0x0000018e80790e10
Event: 19.765 Thread 0x0000018efe4e2a00 flushing  nmethod 0x0000018e807a9a10
Event: 19.765 Thread 0x0000018efe4e2a00 flushing  nmethod 0x0000018e807ad210
Event: 19.765 Thread 0x0000018efe4e2a00 flushing  nmethod 0x0000018e807c9390
Event: 19.765 Thread 0x0000018efe4e2a00 flushing  nmethod 0x0000018e807db110
Event: 19.766 Thread 0x0000018efe4e2a00 flushing  nmethod 0x0000018e80902d10
Event: 19.766 Thread 0x0000018efe4e2a00 flushing  nmethod 0x0000018e80914d10
Event: 19.766 Thread 0x0000018efe4e2a00 flushing  nmethod 0x0000018e80945910
Event: 19.766 Thread 0x0000018efe4e2a00 flushing  nmethod 0x0000018e8099e590
Event: 25.002 Thread 0x0000018efe4e2a00 flushing  nmethod 0x0000018e800d2690
Event: 25.003 Thread 0x0000018efe4e2a00 flushing  nmethod 0x0000018e8023d090
Event: 25.004 Thread 0x0000018efe4e2a00 flushing  nmethod 0x0000018e80515510
Event: 25.005 Thread 0x0000018efe4e2a00 flushing  nmethod 0x0000018e806ba590
Event: 25.006 Thread 0x0000018efe4e2a00 flushing  nmethod 0x0000018e80849910

Events (20 events):
Event: 22.354 Thread 0x0000018eb44c9e00 Thread added: 0x0000018eff1aa8b0
Event: 22.356 Thread 0x0000018eb44c9e00 Thread added: 0x0000018eff1a8f60
Event: 22.356 Thread 0x0000018eb44c9e00 Thread added: 0x0000018eff1a9e90
Event: 22.357 Thread 0x0000018eb44c9e00 Thread added: 0x0000018eff1aa3a0
Event: 22.425 Thread 0x0000018eb44c9e00 Thread added: 0x0000018eff1aadc0
Event: 22.428 Thread 0x0000018eb44c9e00 Thread added: 0x0000018eff1a8030
Event: 22.432 Thread 0x0000018eb44c9e00 Thread added: 0x0000018eff1ab2d0
Event: 22.435 Thread 0x0000018eb44c9e00 Thread added: 0x0000018eff1a9470
Event: 22.438 Thread 0x0000018eb44c9e00 Thread added: 0x0000018eff1a7b20
Event: 22.442 Thread 0x0000018eb44c9e00 Thread added: 0x0000018eff1ae570
Event: 22.445 Thread 0x0000018eb44c9e00 Thread added: 0x0000018eff1ae060
Event: 22.578 Thread 0x0000018eb44c9e00 Thread added: 0x0000018eff1ad640
Event: 22.580 Thread 0x0000018eb44c9e00 Thread added: 0x0000018eff1acc20
Event: 22.581 Thread 0x0000018eb44c9e00 Thread added: 0x0000018eff1ad130
Event: 22.583 Thread 0x0000018eb44c9e00 Thread added: 0x0000018eff1aea80
Event: 22.584 Thread 0x0000018eb44c9e00 Thread added: 0x0000018eff1abcf0
Event: 22.588 Thread 0x0000018eb44c9e00 Thread added: 0x0000018eff1ac710
Event: 22.590 Thread 0x0000018eb44c9e00 Thread added: 0x0000018eff1adb50
Event: 24.485 Thread 0x0000018eff2b7fb0 Thread exited: 0x0000018eff2b7fb0
Event: 25.000 Thread 0x0000018eb44c9e00 Thread added: 0x0000018eb44ca820


Dynamic libraries:
0x00007ff6802b0000 - 0x00007ff6802be000 	C:\Program Files\Microsoft\jdk-17.0.17.10-hotspot\bin\java.exe
0x00007ff9e4180000 - 0x00007ff9e43e7000 	C:\WINDOWS\SYSTEM32\ntdll.dll
0x00007ff9e2380000 - 0x00007ff9e2449000 	C:\WINDOWS\System32\KERNEL32.DLL
0x00007ff9e1b20000 - 0x00007ff9e1f11000 	C:\WINDOWS\System32\KERNELBASE.dll
0x00007ff9e13b0000 - 0x00007ff9e14fb000 	C:\WINDOWS\System32\ucrtbase.dll
0x00007ff9d81d0000 - 0x00007ff9d81e8000 	C:\Program Files\Microsoft\jdk-17.0.17.10-hotspot\bin\jli.dll
0x00007ff9d81b0000 - 0x00007ff9d81ce000 	C:\Program Files\Microsoft\jdk-17.0.17.10-hotspot\bin\VCRUNTIME140.dll
0x00007ff9e3f30000 - 0x00007ff9e40f5000 	C:\WINDOWS\System32\USER32.dll
0x00007ff9e0a60000 - 0x00007ff9e0a87000 	C:\WINDOWS\System32\win32u.dll
0x00007ff9e1f20000 - 0x00007ff9e1f4b000 	C:\WINDOWS\System32\GDI32.dll
0x00007ff9e1960000 - 0x00007ff9e1a8b000 	C:\WINDOWS\System32\gdi32full.dll
0x00007ff9ce4e0000 - 0x00007ff9ce773000 	C:\WINDOWS\WinSxS\amd64_microsoft.windows.common-controls_6595b64144ccf1df_6.0.26100.8037_none_3e092faae333b53b\COMCTL32.dll
0x00007ff9e18b0000 - 0x00007ff9e1953000 	C:\WINDOWS\System32\msvcp_win.dll
0x00007ff9e3640000 - 0x00007ff9e36e9000 	C:\WINDOWS\System32\msvcrt.dll
0x00007ff9e3910000 - 0x00007ff9e3941000 	C:\WINDOWS\System32\IMM32.DLL
0x00007ff9db0b0000 - 0x00007ff9db0bc000 	C:\Program Files\Microsoft\jdk-17.0.17.10-hotspot\bin\vcruntime140_1.dll
0x00007ff9a9cf0000 - 0x00007ff9a9d79000 	C:\Program Files\Microsoft\jdk-17.0.17.10-hotspot\bin\msvcp140.dll
0x00007ff95af90000 - 0x00007ff95bc0a000 	C:\Program Files\Microsoft\jdk-17.0.17.10-hotspot\bin\server\jvm.dll
0x00007ff9e2450000 - 0x00007ff9e250b000 	C:\WINDOWS\System32\ADVAPI32.dll
0x00007ff9e20b0000 - 0x00007ff9e2157000 	C:\WINDOWS\System32\sechost.dll
0x00007ff9e28a0000 - 0x00007ff9e29b8000 	C:\WINDOWS\System32\RPCRT4.dll
0x00007ff9e2300000 - 0x00007ff9e2374000 	C:\WINDOWS\System32\WS2_32.dll
0x00007ff9c9860000 - 0x00007ff9c9895000 	C:\WINDOWS\SYSTEM32\WINMM.dll
0x00007ff9e08e0000 - 0x00007ff9e093e000 	C:\WINDOWS\SYSTEM32\POWRPROF.dll
0x00007ff9d9cf0000 - 0x00007ff9d9cfb000 	C:\WINDOWS\SYSTEM32\VERSION.dll
0x00007ff9e08c0000 - 0x00007ff9e08d4000 	C:\WINDOWS\SYSTEM32\UMPDC.dll
0x00007ff9df7b0000 - 0x00007ff9df7cb000 	C:\WINDOWS\SYSTEM32\kernel.appcore.dll
0x00007ff9ce160000 - 0x00007ff9ce16a000 	C:\Program Files\Microsoft\jdk-17.0.17.10-hotspot\bin\jimage.dll
0x00007ff9ce7d0000 - 0x00007ff9cea12000 	C:\WINDOWS\SYSTEM32\DBGHELP.DLL
0x00007ff9e2510000 - 0x00007ff9e2892000 	C:\WINDOWS\System32\combase.dll
0x00007ff9e2cf0000 - 0x00007ff9e2dc7000 	C:\WINDOWS\System32\OLEAUT32.dll
0x00007ff9ce4a0000 - 0x00007ff9ce4db000 	C:\WINDOWS\SYSTEM32\dbgcore.DLL
0x00007ff9e0a90000 - 0x00007ff9e0b35000 	C:\WINDOWS\System32\bcryptPrimitives.dll
0x00007ff9ce150000 - 0x00007ff9ce15f000 	C:\Program Files\Microsoft\jdk-17.0.17.10-hotspot\bin\instrument.dll
0x00007ff9ab980000 - 0x00007ff9ab9a6000 	C:\Program Files\Microsoft\jdk-17.0.17.10-hotspot\bin\java.dll
0x00007ff9a5720000 - 0x00007ff9a57f6000 	C:\Program Files\Microsoft\jdk-17.0.17.10-hotspot\bin\jsvml.dll
0x00007ff9e2ed0000 - 0x00007ff9e362f000 	C:\WINDOWS\System32\SHELL32.dll
0x00007ff9e1500000 - 0x00007ff9e166a000 	C:\WINDOWS\System32\wintypes.dll
0x00007ff9e0b40000 - 0x00007ff9e13a4000 	C:\WINDOWS\System32\windows.storage.dll
0x00007ff9e39a0000 - 0x00007ff9e3a97000 	C:\WINDOWS\System32\SHCORE.dll
0x00007ff9e29c0000 - 0x00007ff9e2a27000 	C:\WINDOWS\System32\shlwapi.dll
0x00007ff9e0980000 - 0x00007ff9e09a9000 	C:\WINDOWS\SYSTEM32\profapi.dll
0x00007ff9bbf20000 - 0x00007ff9bbf38000 	C:\Program Files\Microsoft\jdk-17.0.17.10-hotspot\bin\zip.dll
0x00007ff9ab960000 - 0x00007ff9ab97b000 	C:\Program Files\Microsoft\jdk-17.0.17.10-hotspot\bin\net.dll
0x00007ff9d6730000 - 0x00007ff9d6857000 	C:\WINDOWS\SYSTEM32\WINHTTP.dll
0x00007ff9dfd00000 - 0x00007ff9dfd6b000 	C:\WINDOWS\system32\mswsock.dll
0x00007ff9ab940000 - 0x00007ff9ab956000 	C:\Program Files\Microsoft\jdk-17.0.17.10-hotspot\bin\nio.dll
0x00007ff9b84e0000 - 0x00007ff9b84f0000 	C:\Program Files\Microsoft\jdk-17.0.17.10-hotspot\bin\verify.dll
0x00007ff9db0c0000 - 0x00007ff9db0e7000 	C:\Users\rc\.gradle\native\1def1411415f61bf3af743bc5b6707747c0891f09f0c88961ee8f79bc544acac\windows-amd64\native-platform.dll
0x00007ff9a56a0000 - 0x00007ff9a5717000 	C:\Users\rc\.gradle\native\0.2.8\x86_64-windows-gnu\gradle-fileevents.dll
0x00007ff9b81e0000 - 0x00007ff9b81ea000 	C:\Program Files\Microsoft\jdk-17.0.17.10-hotspot\bin\management.dll
0x00007ff9b4ad0000 - 0x00007ff9b4adc000 	C:\Program Files\Microsoft\jdk-17.0.17.10-hotspot\bin\management_ext.dll
0x00007ff9e38c0000 - 0x00007ff9e38c8000 	C:\WINDOWS\System32\PSAPI.DLL
0x00007ff9df0c0000 - 0x00007ff9df0f3000 	C:\WINDOWS\SYSTEM32\IPHLPAPI.DLL
0x00007ff9e38e0000 - 0x00007ff9e38ea000 	C:\WINDOWS\System32\NSI.dll
0x00007ff9d6990000 - 0x00007ff9d69ad000 	C:\WINDOWS\SYSTEM32\dhcpcsvc6.DLL
0x00007ff9d6880000 - 0x00007ff9d68a3000 	C:\WINDOWS\SYSTEM32\dhcpcsvc.DLL
0x00007ff9df1e0000 - 0x00007ff9df30a000 	C:\WINDOWS\SYSTEM32\DNSAPI.dll
0x00007ff9af7d0000 - 0x00007ff9af7d9000 	C:\Program Files\Microsoft\jdk-17.0.17.10-hotspot\bin\extnet.dll
0x00007ff9e0100000 - 0x00007ff9e011b000 	C:\WINDOWS\SYSTEM32\CRYPTSP.dll
0x00007ff9df710000 - 0x00007ff9df749000 	C:\WINDOWS\system32\rsaenh.dll
0x00007ff9dfdb0000 - 0x00007ff9dfde2000 	C:\WINDOWS\SYSTEM32\USERENV.dll
0x00007ff9e0950000 - 0x00007ff9e097a000 	C:\WINDOWS\SYSTEM32\bcrypt.dll
0x00007ff9dff60000 - 0x00007ff9dff6c000 	C:\WINDOWS\SYSTEM32\CRYPTBASE.dll
0x00007ff9af470000 - 0x00007ff9af47e000 	C:\Program Files\Microsoft\jdk-17.0.17.10-hotspot\bin\sunmscapi.dll
0x00007ff9e1730000 - 0x00007ff9e18a7000 	C:\WINDOWS\System32\CRYPT32.dll
0x00007ff9e0260000 - 0x00007ff9e0290000 	C:\WINDOWS\SYSTEM32\ncrypt.dll
0x00007ff9e0210000 - 0x00007ff9e024f000 	C:\WINDOWS\SYSTEM32\NTASN1.dll
0x00007ff9c9940000 - 0x00007ff9c9948000 	C:\WINDOWS\system32\wshunix.dll

dbghelp: loaded successfully - version: 4.0.5 - missing functions: none
symbol engine: initialized successfully - sym options: 0x614 - pdb path: .;C:\Program Files\Microsoft\jdk-17.0.17.10-hotspot\bin;C:\WINDOWS\SYSTEM32;C:\WINDOWS\WinSxS\amd64_microsoft.windows.common-controls_6595b64144ccf1df_6.0.26100.8037_none_3e092faae333b53b;C:\Program Files\Microsoft\jdk-17.0.17.10-hotspot\bin\server;C:\Users\rc\.gradle\native\1def1411415f61bf3af743bc5b6707747c0891f09f0c88961ee8f79bc544acac\windows-amd64;C:\Users\rc\.gradle\native\0.2.8\x86_64-windows-gnu

VM Arguments:
jvm_args: --add-opens=java.base/java.lang=ALL-UNNAMED --add-opens=java.base/java.lang.invoke=ALL-UNNAMED --add-opens=java.base/java.util=ALL-UNNAMED --add-opens=java.prefs/java.util.prefs=ALL-UNNAMED --add-exports=jdk.compiler/com.sun.tools.javac.api=ALL-UNNAMED --add-exports=jdk.compiler/com.sun.tools.javac.util=ALL-UNNAMED --add-opens=java.base/java.util=ALL-UNNAMED --add-opens=java.prefs/java.util.prefs=ALL-UNNAMED --add-opens=java.base/java.nio.charset=ALL-UNNAMED --add-opens=java.base/java.net=ALL-UNNAMED --add-opens=java.base/java.util.concurrent=ALL-UNNAMED --add-opens=java.base/java.util.concurrent.atomic=ALL-UNNAMED --add-opens=java.xml/javax.xml.namespace=ALL-UNNAMED -XX:MaxMetaspaceSize=512m -Xmx2048m -Dfile.encoding=UTF-8 -Duser.country=US -Duser.language=en -Duser.variant -javaagent:C:\Users\rc\.gradle\wrapper\dists\gradle-9.0.0-bin\d6wjpkvcgsg3oed0qlfss3wgl\gradle-9.0.0\lib\agents\gradle-instrumentation-agent-9.0.0.jar 
java_command: org.gradle.launcher.daemon.bootstrap.GradleDaemon 9.0.0
java_class_path (initial): C:\Users\rc\.gradle\wrapper\dists\gradle-9.0.0-bin\d6wjpkvcgsg3oed0qlfss3wgl\gradle-9.0.0\lib\gradle-daemon-main-9.0.0.jar
Launcher Type: SUN_STANDARD

[Global flags]
     intx CICompilerCount                          = 4                                         {product} {ergonomic}
   size_t CompressedClassSpaceSize                 = 436207616                                 {product} {ergonomic}
     uint ConcGCThreads                            = 2                                         {product} {ergonomic}
     uint G1ConcRefinementThreads                  = 8                                         {product} {ergonomic}
   size_t G1HeapRegionSize                         = 1048576                                   {product} {ergonomic}
    uintx GCDrainStackTargetSize                   = 64                                        {product} {ergonomic}
   size_t InitialHeapSize                          = 130023424                                 {product} {ergonomic}
   size_t MarkStackSize                            = 4194304                                   {product} {ergonomic}
   size_t MaxHeapSize                              = 2147483648                                {product} {command line}
   size_t MaxMetaspaceSize                         = 536870912                                 {product} {command line}
   size_t MaxNewSize                               = 1287651328                                {product} {ergonomic}
   size_t MinHeapDeltaBytes                        = 1048576                                   {product} {ergonomic}
   size_t MinHeapSize                              = 8388608                                   {product} {ergonomic}
    uintx NonNMethodCodeHeapSize                   = 5839372                                {pd product} {ergonomic}
    uintx NonProfiledCodeHeapSize                  = 122909434                              {pd product} {ergonomic}
    uintx ProfiledCodeHeapSize                     = 122909434                              {pd product} {ergonomic}
    uintx ReservedCodeCacheSize                    = 251658240                              {pd product} {ergonomic}
     bool SegmentedCodeCache                       = true                                      {product} {ergonomic}
   size_t SoftMaxHeapSize                          = 2147483648                             {manageable} {ergonomic}
     bool UseCompressedClassPointers               = true                           {product lp64_product} {ergonomic}
     bool UseCompressedOops                        = true                           {product lp64_product} {ergonomic}
     bool UseG1GC                                  = true                                      {product} {ergonomic}
     bool UseLargePagesIndividualAllocation        = false                                  {pd product} {ergonomic}

Logging:
Log output configuration:
 #0: stdout all=warning uptime,level,tags
 #1: stderr all=off uptime,level,tags

Environment Variables:
JAVA_HOME=C:\Program Files\Microsoft\jdk-17.0.17.10-hotspot\
PATH=C:\Program Files\Microsoft\jdk-17.0.17.10-hotspot\bin;C:\WINDOWS\system32;C:\WINDOWS;C:\WINDOWS\System32\Wbem;C:\WINDOWS\System32\WindowsPowerShell\v1.0\;C:\WINDOWS\System32\OpenSSH\;C:\Users\rc\Downloads\platform-tools-latest-windows\platform-tools;C:\ProgramData\chocolatey\bin;C:\Program Files\nodejs\;C:\Users\rc\AppData\Local\Android\Sdk\platform-tools;C:\Program Files\MySQL\MySQL Server 8.0\bin;C:\Users\rc\AppData\Local\Programs\Microsoft VS Code\bin;C:\Program Files\Git\cmd;C:\Users\rc\AppData\Local\Microsoft\WindowsApps;C:\Users\rc\AppData\Local\Programs\Microsoft VS Code\bin;C:\Users\rc\AppData\Roaming\npm;C:\Users\rc\AppData\Local\Android\Sdk\platform-tools;C:\Users\rc\AppData\Local\Programs\Antigravity\bin
USERNAME=rc
OS=Windows_NT
PROCESSOR_IDENTIFIER=Intel64 Family 6 Model 142 Stepping 12, GenuineIntel
TMP=C:\Users\rc\AppData\Local\Temp
TEMP=C:\Users\rc\AppData\Local\Temp



Periodic native trim disabled


---------------  S Y S T E M  ---------------

OS:
 Windows 11 , 64 bit Build 26100 (10.0.26100.7920)
OS uptime: 0 days 0:46 hours
Hyper-V role detected

CPU: total 8 (initial active 8) (4 cores per cpu, 2 threads per core) family 6 model 142 stepping 12 microcode 0xfa, cx8, cmov, fxsr, ht, mmx, 3dnowpref, sse, sse2, sse3, ssse3, sse4.1, sse4.2, popcnt, lzcnt, tsc, tscinvbit, avx, avx2, aes, erms, clmul, bmi1, bmi2, adx, fma, vzeroupper, clflush, clflushopt, hv
Processor Information for processor 0
  Max Mhz: 1901, Current Mhz: 1500, Mhz Limit: 1901
Processor Information for processor 1
  Max Mhz: 1901, Current Mhz: 1500, Mhz Limit: 1901
Processor Information for processor 2
  Max Mhz: 1901, Current Mhz: 1500, Mhz Limit: 1901
Processor Information for processor 3
  Max Mhz: 1901, Current Mhz: 1500, Mhz Limit: 1901
Processor Information for processor 4
  Max Mhz: 1901, Current Mhz: 1901, Mhz Limit: 1901
Processor Information for processor 5
  Max Mhz: 1901, Current Mhz: 1901, Mhz Limit: 1901
Processor Information for processor 6
  Max Mhz: 1901, Current Mhz: 1901, Mhz Limit: 1901
Processor Information for processor 7
  Max Mhz: 1901, Current Mhz: 1901, Mhz Limit: 1901

Memory: 4k page, system-wide physical 7928M (1071M free)
TotalPageFile size 7928M (AvailPageFile size 42M)
current process WorkingSet (physical memory assigned to process): 309M, peak: 363M
current process commit charge ("private bytes"): 362M, peak: 403M

vm_info: OpenJDK 64-Bit Server VM (17.0.17+10-LTS) for windows-amd64 JRE (17.0.17+10-LTS), built on Oct 13 2025 22:19:56 by "MicrosoftCorporation" with unknown MS VC++:1944

END.
